TN:
SF:src/bootstrap.js
FN:6,(anonymous_0)
FNF:1
FNH:1
FNDA:2,(anonymous_0)
DA:1,2
DA:2,2
DA:3,2
DA:6,2
DA:7,2
DA:8,2
DA:9,2
DA:10,2
DA:13,2
LF:9
LH:9
BRF:0
BRH:0
end_of_record
TN:
SF:src/mongoose.js
FN:13,(anonymous_0)
FN:54,(anonymous_1)
FN:60,(anonymous_2)
FN:76,oo_cm
FNF:4
FNH:3
FNDA:2,(anonymous_0)
FNDA:0,(anonymous_1)
FNDA:2,(anonymous_2)
FNDA:2,oo_cm
DA:1,2
DA:2,2
DA:3,2
DA:4,2
DA:7,2
DA:9,2
DA:13,2
DA:14,2
DA:16,2
DA:17,2
DA:18,2
DA:19,2
DA:21,2
DA:22,0
DA:23,0
DA:24,0
DA:27,0
DA:37,0
DA:38,0
DA:39,0
DA:42,0
DA:43,0
DA:47,0
DA:48,0
DA:52,0
DA:53,0
DA:54,0
DA:56,2
DA:60,2
DA:61,2
DA:62,2
DA:63,2
DA:64,2
DA:67,0
DA:76,2
LF:35
LH:20
BRDA:17,0,0,2
BRDA:17,0,1,0
BRDA:22,1,0,0
BRDA:22,1,1,0
BRDA:23,2,0,0
BRDA:23,2,1,0
BRDA:38,3,0,0
BRDA:38,3,1,0
BRDA:42,4,0,0
BRDA:42,4,1,0
BRDA:63,5,0,2
BRDA:63,5,1,0
BRDA:76,6,0,2
BRDA:76,6,1,2
BRF:14
BRH:4
end_of_record
TN:
SF:src/controllers/cityController.js
FN:3,(anonymous_0)
FN:12,(anonymous_1)
FN:24,(anonymous_2)
FN:34,(anonymous_3)
FN:46,(anonymous_4)
FN:49,(anonymous_5)
FN:61,(anonymous_6)
FN:69,(anonymous_7)
FNF:8
FNH:0
FNDA:0,(anonymous_0)
FNDA:0,(anonymous_1)
FNDA:0,(anonymous_2)
FNDA:0,(anonymous_3)
FNDA:0,(anonymous_4)
FNDA:0,(anonymous_5)
FNDA:0,(anonymous_6)
FNDA:0,(anonymous_7)
DA:1,2
DA:3,2
DA:4,0
DA:5,0
DA:6,0
DA:8,0
DA:12,2
DA:13,0
DA:14,0
DA:15,0
DA:16,0
DA:18,0
DA:20,0
DA:24,2
DA:25,0
DA:26,0
DA:27,0
DA:28,0
DA:30,0
DA:34,2
DA:35,0
DA:36,0
DA:37,0
DA:38,0
DA:40,0
DA:42,0
DA:46,2
DA:47,0
DA:48,0
DA:49,0
DA:51,0
DA:52,0
DA:55,0
DA:56,0
DA:57,0
DA:58,0
DA:61,0
DA:62,0
DA:63,0
DA:65,0
DA:69,2
DA:70,0
DA:71,0
DA:72,0
DA:73,0
DA:75,0
DA:77,0
LF:47
LH:7
BRDA:15,0,0,0
BRDA:15,0,1,0
BRDA:37,1,0,0
BRDA:37,1,1,0
BRDA:51,2,0,0
BRDA:51,2,1,0
BRDA:57,3,0,0
BRDA:57,3,1,0
BRDA:72,4,0,0
BRDA:72,4,1,0
BRF:10
BRH:0
end_of_record
TN:
SF:src/controllers/eventController.js
FN:4,(anonymous_0)
FN:12,(anonymous_1)
FN:18,(anonymous_2)
FN:23,(anonymous_3)
FN:31,(anonymous_4)
FN:39,(anonymous_5)
FN:44,(anonymous_6)
FN:73,(anonymous_7)
FN:100,(anonymous_8)
FN:128,(anonymous_9)
FN:154,oo_cm
FNF:11
FNH:0
FNDA:0,(anonymous_0)
FNDA:0,(anonymous_1)
FNDA:0,(anonymous_2)
FNDA:0,(anonymous_3)
FNDA:0,(anonymous_4)
FNDA:0,(anonymous_5)
FNDA:0,(anonymous_6)
FNDA:0,(anonymous_7)
FNDA:0,(anonymous_8)
FNDA:0,(anonymous_9)
FNDA:0,oo_cm
DA:1,2
DA:2,2
DA:4,2
DA:5,0
DA:6,0
DA:7,0
DA:8,0
DA:9,0
DA:12,2
DA:13,0
DA:14,0
DA:15,0
DA:18,2
DA:19,0
DA:20,0
DA:23,2
DA:24,0
DA:27,0
DA:28,0
DA:31,2
DA:32,0
DA:36,0
DA:39,2
DA:40,0
DA:41,0
DA:44,2
DA:45,0
DA:46,0
DA:48,0
DA:49,0
DA:52,0
DA:53,0
DA:54,0
DA:61,0
DA:63,0
DA:64,0
DA:65,0
DA:66,0
DA:68,0
DA:69,0
DA:73,2
DA:74,0
DA:75,0
DA:76,0
DA:78,0
DA:79,0
DA:80,0
DA:83,0
DA:84,0
DA:87,0
DA:88,0
DA:90,0
DA:91,0
DA:92,0
DA:94,0
DA:96,0
DA:100,2
DA:101,0
DA:102,0
DA:103,0
DA:105,0
DA:106,0
DA:107,0
DA:110,0
DA:111,0
DA:112,0
DA:113,0
DA:115,0
DA:116,0
DA:117,0
DA:119,0
DA:121,0
DA:124,0
DA:128,2
DA:129,0
DA:130,0
DA:131,0
DA:133,0
DA:137,2
DA:154,0
LF:80
LH:13
BRDA:13,0,0,0
BRDA:13,0,1,0
BRDA:48,1,0,0
BRDA:48,1,1,0
BRDA:79,2,0,0
BRDA:79,2,1,0
BRDA:83,3,0,0
BRDA:83,3,1,0
BRDA:106,4,0,0
BRDA:106,4,1,0
BRDA:111,5,0,0
BRDA:111,5,1,0
BRDA:154,6,0,0
BRDA:154,6,1,0
BRF:14
BRH:0
end_of_record
TN:
SF:src/controllers/userController.js
FN:4,(anonymous_0)
FN:8,(anonymous_1)
FN:14,(anonymous_2)
FN:20,(anonymous_3)
FN:33,(anonymous_4)
FN:36,(anonymous_5)
FN:45,(anonymous_6)
FN:47,(anonymous_7)
FN:50,(anonymous_8)
FN:55,(anonymous_9)
FN:59,(anonymous_10)
FN:65,(anonymous_11)
FN:70,(anonymous_12)
FN:75,(anonymous_13)
FN:81,(anonymous_14)
FN:86,(anonymous_15)
FN:90,(anonymous_16)
FN:96,(anonymous_17)
FN:101,(anonymous_18)
FN:106,(anonymous_19)
FN:110,(anonymous_20)
FN:112,(anonymous_21)
FNF:22
FNH:0
FNDA:0,(anonymous_0)
FNDA:0,(anonymous_1)
FNDA:0,(anonymous_2)
FNDA:0,(anonymous_3)
FNDA:0,(anonymous_4)
FNDA:0,(anonymous_5)
FNDA:0,(anonymous_6)
FNDA:0,(anonymous_7)
FNDA:0,(anonymous_8)
FNDA:0,(anonymous_9)
FNDA:0,(anonymous_10)
FNDA:0,(anonymous_11)
FNDA:0,(anonymous_12)
FNDA:0,(anonymous_13)
FNDA:0,(anonymous_14)
FNDA:0,(anonymous_15)
FNDA:0,(anonymous_16)
FNDA:0,(anonymous_17)
FNDA:0,(anonymous_18)
FNDA:0,(anonymous_19)
FNDA:0,(anonymous_20)
FNDA:0,(anonymous_21)
DA:1,2
DA:2,2
DA:4,2
DA:5,0
DA:7,0
DA:9,0
DA:10,0
DA:12,0
DA:15,0
DA:16,0
DA:18,0
DA:21,0
DA:31,0
DA:34,0
DA:37,0
DA:38,0
DA:40,0
DA:45,2
DA:46,0
DA:48,0
DA:51,0
DA:55,2
DA:56,0
DA:58,0
DA:60,0
DA:61,0
DA:63,0
DA:66,0
DA:70,2
DA:71,0
DA:72,0
DA:74,0
DA:76,0
DA:77,0
DA:79,0
DA:82,0
DA:86,2
DA:87,0
DA:89,0
DA:91,0
DA:92,0
DA:94,0
DA:97,0
DA:101,2
DA:102,0
DA:104,0
DA:107,0
DA:108,0
DA:110,0
DA:113,0
DA:114,0
LF:51
LH:8
BRDA:9,0,0,0
BRDA:9,0,1,0
BRDA:15,1,0,0
BRDA:15,1,1,0
BRDA:37,2,0,0
BRDA:37,2,1,0
BRDA:60,3,0,0
BRDA:60,3,1,0
BRDA:76,4,0,0
BRDA:76,4,1,0
BRDA:91,5,0,0
BRDA:91,5,1,0
BRDA:107,6,0,0
BRDA:107,6,1,0
BRF:14
BRH:0
end_of_record
TN:
SF:src/middlewares/index.js
FN:4,(anonymous_0)
FN:32,(anonymous_1)
FN:37,(anonymous_2)
FN:43,(anonymous_3)
FN:47,(anonymous_4)
FN:52,(anonymous_5)
FN:61,(anonymous_6)
FN:84,(anonymous_7)
FN:118,(anonymous_8)
FN:123,(anonymous_9)
FN:129,(anonymous_10)
FN:134,(anonymous_11)
FN:186,(anonymous_12)
FN:205,oo_cm
FNF:14
FNH:1
FNDA:0,(anonymous_0)
FNDA:0,(anonymous_1)
FNDA:0,(anonymous_2)
FNDA:0,(anonymous_3)
FNDA:0,(anonymous_4)
FNDA:0,(anonymous_5)
FNDA:0,(anonymous_6)
FNDA:0,(anonymous_7)
FNDA:0,(anonymous_8)
FNDA:0,(anonymous_9)
FNDA:0,(anonymous_10)
FNDA:1,(anonymous_11)
FNDA:0,(anonymous_12)
FNDA:0,oo_cm
DA:1,2
DA:2,2
DA:4,2
DA:5,0
DA:7,0
DA:8,0
DA:11,0
DA:13,0
DA:14,0
DA:16,0
DA:17,0
DA:18,0
DA:21,0
DA:22,0
DA:24,0
DA:25,0
DA:27,0
DA:32,2
DA:33,0
DA:34,0
DA:37,2
DA:38,0
DA:39,0
DA:40,0
DA:43,2
DA:44,0
DA:47,2
DA:48,0
DA:49,0
DA:52,2
DA:53,0
DA:54,0
DA:55,0
DA:57,0
DA:61,2
DA:62,0
DA:64,0
DA:65,0
DA:66,0
DA:68,0
DA:69,0
DA:70,0
DA:71,0
DA:72,0
DA:73,0
DA:75,0
DA:76,0
DA:79,0
DA:80,0
DA:84,2
DA:85,0
DA:86,0
DA:87,0
DA:88,0
DA:90,0
DA:91,0
DA:93,0
DA:94,0
DA:96,0
DA:97,0
DA:99,0
DA:100,0
DA:104,0
DA:105,0
DA:108,0
DA:109,0
DA:111,0
DA:112,0
DA:115,0
DA:118,2
DA:119,0
DA:120,0
DA:123,2
DA:125,0
DA:126,0
DA:129,2
DA:130,0
DA:131,0
DA:134,2
DA:135,1
DA:137,1
DA:138,1
DA:140,0
DA:141,0
DA:143,0
DA:144,0
DA:146,0
DA:147,0
DA:149,0
DA:150,0
DA:152,0
DA:153,0
DA:155,0
DA:156,0
DA:158,0
DA:159,0
DA:161,0
DA:162,0
DA:164,0
DA:165,0
DA:168,0
DA:169,0
DA:170,0
DA:171,0
DA:172,0
DA:173,0
DA:175,0
DA:176,0
DA:179,0
DA:181,0
DA:183,0
DA:186,2
DA:187,0
DA:188,0
DA:189,0
DA:190,0
DA:191,0
DA:194,2
DA:205,0
LF:119
LH:19
BRDA:7,0,0,0
BRDA:7,0,1,0
BRDA:17,1,0,0
BRDA:17,1,1,0
BRDA:24,2,0,0
BRDA:24,2,1,0
BRDA:49,3,0,0
BRDA:49,3,1,0
BRDA:54,4,0,0
BRDA:54,4,1,0
BRDA:57,5,0,0
BRDA:57,5,1,0
BRDA:68,6,0,0
BRDA:68,6,1,0
BRDA:70,7,0,0
BRDA:70,7,1,0
BRDA:71,8,0,0
BRDA:71,8,1,0
BRDA:71,9,0,0
BRDA:71,9,1,0
BRDA:72,10,0,0
BRDA:72,10,1,0
BRDA:90,11,0,0
BRDA:90,11,1,0
BRDA:90,12,0,0
BRDA:90,12,1,0
BRDA:93,13,0,0
BRDA:93,13,1,0
BRDA:93,14,0,0
BRDA:93,14,1,0
BRDA:96,15,0,0
BRDA:96,15,1,0
BRDA:96,16,0,0
BRDA:96,16,1,0
BRDA:99,17,0,0
BRDA:99,17,1,0
BRDA:104,18,0,0
BRDA:104,18,1,0
BRDA:104,19,0,0
BRDA:104,19,1,0
BRDA:108,20,0,0
BRDA:108,20,1,0
BRDA:108,21,0,0
BRDA:108,21,1,0
BRDA:111,22,0,0
BRDA:111,22,1,0
BRDA:137,23,0,1
BRDA:137,23,1,0
BRDA:140,24,0,0
BRDA:140,24,1,0
BRDA:143,25,0,0
BRDA:143,25,1,0
BRDA:146,26,0,0
BRDA:146,26,1,0
BRDA:149,27,0,0
BRDA:149,27,1,0
BRDA:152,28,0,0
BRDA:152,28,1,0
BRDA:155,29,0,0
BRDA:155,29,1,0
BRDA:158,30,0,0
BRDA:158,30,1,0
BRDA:161,31,0,0
BRDA:161,31,1,0
BRDA:164,32,0,0
BRDA:164,32,1,0
BRDA:172,33,0,0
BRDA:172,33,1,0
BRDA:172,34,0,0
BRDA:172,34,1,0
BRDA:172,34,2,0
BRDA:175,35,0,0
BRDA:175,35,1,0
BRDA:205,36,0,0
BRDA:205,36,1,0
BRF:75
BRH:1
end_of_record
TN:
SF:src/models/cityModel.js
FNF:0
FNH:0
DA:1,2
DA:2,2
DA:4,2
DA:10,2
DA:12,2
LF:5
LH:5
BRF:0
BRH:0
end_of_record
TN:
SF:src/models/eventModel.js
FNF:0
FNH:0
DA:1,2
DA:2,2
DA:4,2
DA:25,2
DA:27,2
LF:5
LH:5
BRF:0
BRH:0
end_of_record
TN:
SF:src/models/userModel.js
FNF:0
FNH:0
DA:1,2
DA:3,2
DA:14,2
LF:3
LH:3
BRF:0
BRH:0
end_of_record
TN:
SF:src/routers/authRouter.js
FN:7,(anonymous_0)
FN:17,(anonymous_1)
FN:22,(anonymous_2)
FN:32,(anonymous_3)
FNF:4
FNH:0
FNDA:0,(anonymous_0)
FNDA:0,(anonymous_1)
FNDA:0,(anonymous_2)
FNDA:0,(anonymous_3)
DA:1,2
DA:2,2
DA:3,2
DA:4,2
DA:5,2
DA:7,2
DA:8,0
DA:10,0
DA:11,0
DA:14,0
DA:18,0
DA:19,0
DA:22,0
DA:23,0
DA:24,0
DA:27,0
DA:29,0
DA:33,0
DA:34,0
DA:36,0
DA:37,0
DA:42,2
LF:22
LH:7
BRDA:10,0,0,0
BRDA:10,0,1,0
BRDA:10,1,0,0
BRDA:10,1,1,0
BRDA:18,2,0,0
BRDA:18,2,1,0
BRDA:23,3,0,0
BRDA:23,3,1,0
BRDA:33,4,0,0
BRDA:33,4,1,0
BRF:10
BRH:0
end_of_record
TN:
SF:src/routers/cityRouter.js
FNF:0
FNH:0
DA:1,2
DA:2,2
DA:3,2
DA:5,2
DA:7,2
DA:8,2
DA:9,2
DA:10,2
DA:11,2
DA:12,2
DA:14,2
LF:11
LH:11
BRF:0
BRH:0
end_of_record
TN:
SF:src/routers/eventRouter.js
FNF:0
FNH:0
DA:1,2
DA:2,2
DA:3,2
DA:5,2
DA:7,2
DA:8,2
DA:9,2
DA:10,2
DA:11,2
DA:12,2
DA:13,2
DA:14,2
DA:15,2
DA:17,2
LF:14
LH:14
BRF:0
BRH:0
end_of_record
TN:
SF:src/routers/index.js
FNF:0
FNH:0
DA:1,2
DA:3,2
DA:4,2
DA:5,2
DA:6,2
DA:8,2
DA:10,2
DA:11,2
DA:12,2
DA:13,2
DA:16,2
LF:11
LH:11
BRF:0
BRH:0
end_of_record
TN:
SF:src/routers/userRouter.js
FNF:0
FNH:0
DA:1,2
DA:2,2
DA:3,2
DA:4,2
DA:6,2
DA:7,2
DA:8,2
DA:9,2
DA:10,2
DA:11,2
DA:13,2
LF:11
LH:11
BRF:0
BRH:0
end_of_record
TN:
SF:src/services/auth.service.js
FN:3,(anonymous_0)
FN:17,(anonymous_1)
FNF:2
FNH:0
FNDA:0,(anonymous_0)
FNDA:0,(anonymous_1)
DA:1,2
DA:3,2
DA:4,0
DA:17,2
DA:18,0
DA:19,0
DA:21,0
DA:25,2
LF:8
LH:4
BRF:0
BRH:0
end_of_record
