{"C:\\Users\\rfest\\Desktop\\Test\\luma\\backend\\src\\bootstrap.js": {"path":"C:\\Users\\rfest\\Desktop\\Test\\luma\\backend\\src\\bootstrap.js","statementMap":{"0":{"start":{"line":1,"column":13},"end":{"line":1,"column":28}},"1":{"start":{"line":2,"column":16},"end":{"line":2,"column":34}},"2":{"start":{"line":3,"column":19},"end":{"line":3,"column":45}},"3":{"start":{"line":6,"column":0},"end":{"line":14,"column":1}},"4":{"start":{"line":7,"column":14},"end":{"line":7,"column":23}},"5":{"start":{"line":8,"column":2},"end":{"line":8,"column":18}},"6":{"start":{"line":9,"column":2},"end":{"line":9,"column":26}},"7":{"start":{"line":10,"column":2},"end":{"line":10,"column":27}},"8":{"start":{"line":13,"column":2},"end":{"line":13,"column":13}}},"fnMap":{"0":{"name":"(anonymous_0)","decl":{"start":{"line":6,"column":23},"end":{"line":6,"column":24}},"loc":{"start":{"line":6,"column":29},"end":{"line":14,"column":1}},"line":6}},"branchMap":{},"s":{"0":4,"1":4,"2":4,"3":4,"4":4,"5":4,"6":4,"7":4,"8":4},"f":{"0":4},"b":{},"_coverageSchema":"1a1c01bbd47fc00a2c39e90264f33305004495a9","hash":"29ebcd8b6ee1da92fa75bd3adb1e533081333fdd"}
,"C:\\Users\\rfest\\Desktop\\Test\\luma\\backend\\src\\mongoose.js": {"path":"C:\\Users\\rfest\\Desktop\\Test\\luma\\backend\\src\\mongoose.js","statementMap":{"0":{"start":{"line":1,"column":17},"end":{"line":1,"column":36}},"1":{"start":{"line":2,"column":15},"end":{"line":2,"column":32}},"2":{"start":{"line":3,"column":15},"end":{"line":3,"column":32}},"3":{"start":{"line":4,"column":30},"end":{"line":4,"column":62}},"4":{"start":{"line":5,"column":13},"end":{"line":5,"column":42}},"5":{"start":{"line":7,"column":0},"end":{"line":7,"column":16}},"6":{"start":{"line":9,"column":12},"end":{"line":9,"column":170}},"7":{"start":{"line":13,"column":0},"end":{"line":72,"column":2}},"8":{"start":{"line":14,"column":2},"end":{"line":14,"column":37}},"9":{"start":{"line":16,"column":2},"end":{"line":71,"column":3}},"10":{"start":{"line":17,"column":4},"end":{"line":20,"column":5}},"11":{"start":{"line":18,"column":6},"end":{"line":18,"column":49}},"12":{"start":{"line":19,"column":6},"end":{"line":19,"column":31}},"13":{"start":{"line":22,"column":4},"end":{"line":25,"column":7}},"14":{"start":{"line":27,"column":4},"end":{"line":65,"column":5}},"15":{"start":{"line":28,"column":20},"end":{"line":28,"column":57}},"16":{"start":{"line":29,"column":6},"end":{"line":45,"column":7}},"17":{"start":{"line":30,"column":31},"end":{"line":30,"column":65}},"18":{"start":{"line":31,"column":22},"end":{"line":39,"column":10}},"19":{"start":{"line":41,"column":8},"end":{"line":41,"column":27}},"20":{"start":{"line":42,"column":28},"end":{"line":42,"column":114}},"21":{"start":{"line":44,"column":28},"end":{"line":44,"column":112}},"22":{"start":{"line":47,"column":22},"end":{"line":47,"column":61}},"23":{"start":{"line":48,"column":6},"end":{"line":64,"column":7}},"24":{"start":{"line":49,"column":31},"end":{"line":49,"column":65}},"25":{"start":{"line":50,"column":24},"end":{"line":58,"column":10}},"26":{"start":{"line":60,"column":8},"end":{"line":60,"column":29}},"27":{"start":{"line":61,"column":28},"end":{"line":61,"column":118}},"28":{"start":{"line":63,"column":28},"end":{"line":63,"column":116}},"29":{"start":{"line":67,"column":24},"end":{"line":67,"column":97}},"30":{"start":{"line":70,"column":24},"end":{"line":70,"column":75}},"31":{"start":{"line":74,"column":0},"end":{"line":83,"column":2}},"32":{"start":{"line":75,"column":2},"end":{"line":82,"column":3}},"33":{"start":{"line":76,"column":4},"end":{"line":76,"column":38}},"34":{"start":{"line":77,"column":4},"end":{"line":79,"column":5}},"35":{"start":{"line":78,"column":6},"end":{"line":78,"column":27}},"36":{"start":{"line":81,"column":24},"end":{"line":81,"column":77}},"37":{"start":{"line":90,"column":85},"end":{"line":90,"column":38881}},"38":{"start":{"line":90,"column":89},"end":{"line":90,"column":38870}}},"fnMap":{"0":{"name":"(anonymous_0)","decl":{"start":{"line":13,"column":20},"end":{"line":13,"column":21}},"loc":{"start":{"line":13,"column":32},"end":{"line":72,"column":1}},"line":13},"1":{"name":"(anonymous_1)","decl":{"start":{"line":74,"column":23},"end":{"line":74,"column":24}},"loc":{"start":{"line":74,"column":35},"end":{"line":83,"column":1}},"line":74},"2":{"name":"oo_cm","decl":{"start":{"line":90,"column":77},"end":{"line":90,"column":82}},"loc":{"start":{"line":90,"column":84},"end":{"line":90,"column":38882}},"line":90}},"branchMap":{"0":{"loc":{"start":{"line":17,"column":4},"end":{"line":20,"column":5}},"type":"if","locations":[{"start":{"line":17,"column":4},"end":{"line":20,"column":5}},{"start":{},"end":{}}],"line":17},"1":{"loc":{"start":{"line":27,"column":4},"end":{"line":65,"column":5}},"type":"if","locations":[{"start":{"line":27,"column":4},"end":{"line":65,"column":5}},{"start":{},"end":{}}],"line":27},"2":{"loc":{"start":{"line":29,"column":6},"end":{"line":45,"column":7}},"type":"if","locations":[{"start":{"line":29,"column":6},"end":{"line":45,"column":7}},{"start":{"line":43,"column":13},"end":{"line":45,"column":7}}],"line":29},"3":{"loc":{"start":{"line":48,"column":6},"end":{"line":64,"column":7}},"type":"if","locations":[{"start":{"line":48,"column":6},"end":{"line":64,"column":7}},{"start":{"line":62,"column":13},"end":{"line":64,"column":7}}],"line":48},"4":{"loc":{"start":{"line":77,"column":4},"end":{"line":79,"column":5}},"type":"if","locations":[{"start":{"line":77,"column":4},"end":{"line":79,"column":5}},{"start":{},"end":{}}],"line":77},"5":{"loc":{"start":{"line":90,"column":96},"end":{"line":90,"column":38869}},"type":"binary-expr","locations":[{"start":{"line":90,"column":96},"end":{"line":90,"column":133}},{"start":{"line":90,"column":137},"end":{"line":90,"column":38869}}],"line":90}},"s":{"0":4,"1":4,"2":4,"3":4,"4":4,"5":4,"6":4,"7":4,"8":4,"9":4,"10":4,"11":4,"12":4,"13":4,"14":4,"15":4,"16":4,"17":4,"18":4,"19":4,"20":4,"21":0,"22":4,"23":4,"24":4,"25":4,"26":4,"27":4,"28":0,"29":4,"30":0,"31":4,"32":4,"33":4,"34":4,"35":4,"36":0,"37":12,"38":12},"f":{"0":4,"1":4,"2":12},"b":{"0":[4,0],"1":[4,0],"2":[4,0],"3":[4,0],"4":[4,0],"5":[12,4]},"_coverageSchema":"1a1c01bbd47fc00a2c39e90264f33305004495a9","hash":"e05801c4356f3bd6cf2797198c38b86ac7f52b6e"}
,"C:\\Users\\rfest\\Desktop\\Test\\luma\\backend\\src\\controllers\\cityController.js": {"path":"C:\\Users\\rfest\\Desktop\\Test\\luma\\backend\\src\\controllers\\cityController.js","statementMap":{"0":{"start":{"line":1,"column":13},"end":{"line":1,"column":43}},"1":{"start":{"line":3,"column":0},"end":{"line":10,"column":2}},"2":{"start":{"line":4,"column":2},"end":{"line":9,"column":3}},"3":{"start":{"line":5,"column":19},"end":{"line":5,"column":38}},"4":{"start":{"line":6,"column":4},"end":{"line":6,"column":33}},"5":{"start":{"line":8,"column":4},"end":{"line":8,"column":32}},"6":{"start":{"line":12,"column":0},"end":{"line":22,"column":2}},"7":{"start":{"line":13,"column":2},"end":{"line":21,"column":3}},"8":{"start":{"line":14,"column":17},"end":{"line":14,"column":51}},"9":{"start":{"line":15,"column":4},"end":{"line":17,"column":5}},"10":{"start":{"line":16,"column":6},"end":{"line":16,"column":36}},"11":{"start":{"line":18,"column":4},"end":{"line":18,"column":31}},"12":{"start":{"line":20,"column":4},"end":{"line":20,"column":32}},"13":{"start":{"line":24,"column":0},"end":{"line":32,"column":2}},"14":{"start":{"line":25,"column":2},"end":{"line":31,"column":3}},"15":{"start":{"line":26,"column":17},"end":{"line":26,"column":35}},"16":{"start":{"line":27,"column":4},"end":{"line":27,"column":22}},"17":{"start":{"line":28,"column":4},"end":{"line":28,"column":31}},"18":{"start":{"line":30,"column":4},"end":{"line":30,"column":32}},"19":{"start":{"line":34,"column":0},"end":{"line":44,"column":2}},"20":{"start":{"line":35,"column":2},"end":{"line":43,"column":3}},"21":{"start":{"line":36,"column":17},"end":{"line":36,"column":106}},"22":{"start":{"line":37,"column":4},"end":{"line":39,"column":5}},"23":{"start":{"line":38,"column":6},"end":{"line":38,"column":36}},"24":{"start":{"line":40,"column":4},"end":{"line":40,"column":31}},"25":{"start":{"line":42,"column":4},"end":{"line":42,"column":32}},"26":{"start":{"line":46,"column":0},"end":{"line":67,"column":2}},"27":{"start":{"line":47,"column":18},"end":{"line":47,"column":39}},"28":{"start":{"line":48,"column":25},"end":{"line":48,"column":66}},"29":{"start":{"line":49,"column":27},"end":{"line":49,"column":85}},"30":{"start":{"line":49,"column":53},"end":{"line":49,"column":84}},"31":{"start":{"line":51,"column":2},"end":{"line":53,"column":3}},"32":{"start":{"line":52,"column":4},"end":{"line":52,"column":73}},"33":{"start":{"line":55,"column":2},"end":{"line":66,"column":3}},"34":{"start":{"line":56,"column":17},"end":{"line":56,"column":51}},"35":{"start":{"line":57,"column":4},"end":{"line":59,"column":5}},"36":{"start":{"line":58,"column":6},"end":{"line":58,"column":36}},"37":{"start":{"line":61,"column":4},"end":{"line":61,"column":67}},"38":{"start":{"line":61,"column":33},"end":{"line":61,"column":64}},"39":{"start":{"line":62,"column":4},"end":{"line":62,"column":22}},"40":{"start":{"line":63,"column":4},"end":{"line":63,"column":31}},"41":{"start":{"line":65,"column":4},"end":{"line":65,"column":32}},"42":{"start":{"line":69,"column":0},"end":{"line":79,"column":2}},"43":{"start":{"line":70,"column":2},"end":{"line":78,"column":3}},"44":{"start":{"line":71,"column":17},"end":{"line":71,"column":60}},"45":{"start":{"line":72,"column":4},"end":{"line":74,"column":5}},"46":{"start":{"line":73,"column":6},"end":{"line":73,"column":36}},"47":{"start":{"line":75,"column":4},"end":{"line":75,"column":31}},"48":{"start":{"line":77,"column":4},"end":{"line":77,"column":32}}},"fnMap":{"0":{"name":"(anonymous_0)","decl":{"start":{"line":3,"column":20},"end":{"line":3,"column":21}},"loc":{"start":{"line":3,"column":40},"end":{"line":10,"column":1}},"line":3},"1":{"name":"(anonymous_1)","decl":{"start":{"line":12,"column":18},"end":{"line":12,"column":19}},"loc":{"start":{"line":12,"column":38},"end":{"line":22,"column":1}},"line":12},"2":{"name":"(anonymous_2)","decl":{"start":{"line":24,"column":21},"end":{"line":24,"column":22}},"loc":{"start":{"line":24,"column":41},"end":{"line":32,"column":1}},"line":24},"3":{"name":"(anonymous_3)","decl":{"start":{"line":34,"column":21},"end":{"line":34,"column":22}},"loc":{"start":{"line":34,"column":41},"end":{"line":44,"column":1}},"line":34},"4":{"name":"(anonymous_4)","decl":{"start":{"line":46,"column":20},"end":{"line":46,"column":21}},"loc":{"start":{"line":46,"column":40},"end":{"line":67,"column":1}},"line":46},"5":{"name":"(anonymous_5)","decl":{"start":{"line":49,"column":41},"end":{"line":49,"column":42}},"loc":{"start":{"line":49,"column":53},"end":{"line":49,"column":84}},"line":49},"6":{"name":"(anonymous_6)","decl":{"start":{"line":61,"column":20},"end":{"line":61,"column":21}},"loc":{"start":{"line":61,"column":33},"end":{"line":61,"column":64}},"line":61},"7":{"name":"(anonymous_7)","decl":{"start":{"line":69,"column":21},"end":{"line":69,"column":22}},"loc":{"start":{"line":69,"column":41},"end":{"line":79,"column":1}},"line":69}},"branchMap":{"0":{"loc":{"start":{"line":15,"column":4},"end":{"line":17,"column":5}},"type":"if","locations":[{"start":{"line":15,"column":4},"end":{"line":17,"column":5}},{"start":{},"end":{}}],"line":15},"1":{"loc":{"start":{"line":37,"column":4},"end":{"line":39,"column":5}},"type":"if","locations":[{"start":{"line":37,"column":4},"end":{"line":39,"column":5}},{"start":{},"end":{}}],"line":37},"2":{"loc":{"start":{"line":51,"column":2},"end":{"line":53,"column":3}},"type":"if","locations":[{"start":{"line":51,"column":2},"end":{"line":53,"column":3}},{"start":{},"end":{}}],"line":51},"3":{"loc":{"start":{"line":57,"column":4},"end":{"line":59,"column":5}},"type":"if","locations":[{"start":{"line":57,"column":4},"end":{"line":59,"column":5}},{"start":{},"end":{}}],"line":57},"4":{"loc":{"start":{"line":72,"column":4},"end":{"line":74,"column":5}},"type":"if","locations":[{"start":{"line":72,"column":4},"end":{"line":74,"column":5}},{"start":{},"end":{}}],"line":72}},"s":{"0":4,"1":4,"2":1,"3":1,"4":1,"5":0,"6":4,"7":2,"8":2,"9":2,"10":1,"11":1,"12":0,"13":4,"14":2,"15":2,"16":2,"17":1,"18":1,"19":4,"20":3,"21":3,"22":2,"23":1,"24":1,"25":1,"26":4,"27":3,"28":3,"29":3,"30":7,"31":3,"32":1,"33":2,"34":2,"35":2,"36":1,"37":1,"38":3,"39":1,"40":1,"41":0,"42":4,"43":2,"44":2,"45":2,"46":1,"47":1,"48":0},"f":{"0":1,"1":2,"2":2,"3":3,"4":3,"5":7,"6":3,"7":2},"b":{"0":[1,1],"1":[1,1],"2":[1,2],"3":[1,1],"4":[1,1]},"_coverageSchema":"1a1c01bbd47fc00a2c39e90264f33305004495a9","hash":"9e655333dd9edaff3bf8a0ed2e539f5d88a4b7b3"}
,"C:\\Users\\rfest\\Desktop\\Test\\luma\\backend\\src\\controllers\\eventController.js": {"path":"C:\\Users\\rfest\\Desktop\\Test\\luma\\backend\\src\\controllers\\eventController.js","statementMap":{"0":{"start":{"line":1,"column":14},"end":{"line":1,"column":45}},"1":{"start":{"line":2,"column":13},"end":{"line":2,"column":43}},"2":{"start":{"line":4,"column":19},"end":{"line":10,"column":1}},"3":{"start":{"line":5,"column":15},"end":{"line":5,"column":35}},"4":{"start":{"line":6,"column":15},"end":{"line":6,"column":33}},"5":{"start":{"line":7,"column":16},"end":{"line":7,"column":65}},"6":{"start":{"line":8,"column":14},"end":{"line":8,"column":56}},"7":{"start":{"line":9,"column":2},"end":{"line":9,"column":35}},"8":{"start":{"line":12,"column":18},"end":{"line":16,"column":1}},"9":{"start":{"line":13,"column":23},"end":{"line":13,"column":38}},"10":{"start":{"line":14,"column":20},"end":{"line":14,"column":101}},"11":{"start":{"line":15,"column":2},"end":{"line":15,"column":34}},"12":{"start":{"line":18,"column":17},"end":{"line":21,"column":1}},"13":{"start":{"line":19,"column":20},"end":{"line":19,"column":106}},"14":{"start":{"line":20,"column":2},"end":{"line":20,"column":22}},"15":{"start":{"line":23,"column":20},"end":{"line":29,"column":1}},"16":{"start":{"line":24,"column":20},"end":{"line":26,"column":4}},"17":{"start":{"line":27,"column":22},"end":{"line":27,"column":80}},"18":{"start":{"line":28,"column":2},"end":{"line":28,"column":22}},"19":{"start":{"line":31,"column":19},"end":{"line":37,"column":1}},"20":{"start":{"line":32,"column":20},"end":{"line":35,"column":4}},"21":{"start":{"line":36,"column":2},"end":{"line":36,"column":22}},"22":{"start":{"line":39,"column":20},"end":{"line":42,"column":1}},"23":{"start":{"line":40,"column":20},"end":{"line":40,"column":64}},"24":{"start":{"line":41,"column":2},"end":{"line":41,"column":22}},"25":{"start":{"line":44,"column":20},"end":{"line":71,"column":1}},"26":{"start":{"line":45,"column":15},"end":{"line":45,"column":23}},"27":{"start":{"line":46,"column":15},"end":{"line":46,"column":23}},"28":{"start":{"line":48,"column":2},"end":{"line":50,"column":3}},"29":{"start":{"line":49,"column":4},"end":{"line":49,"column":92}},"30":{"start":{"line":52,"column":15},"end":{"line":52,"column":51}},"31":{"start":{"line":53,"column":16},"end":{"line":53,"column":26}},"32":{"start":{"line":54,"column":15},"end":{"line":59,"column":3}},"33":{"start":{"line":61,"column":22},"end":{"line":61,"column":87}},"34":{"start":{"line":63,"column":2},"end":{"line":70,"column":3}},"35":{"start":{"line":64,"column":21},"end":{"line":64,"column":36}},"36":{"start":{"line":65,"column":4},"end":{"line":65,"column":26}},"37":{"start":{"line":66,"column":4},"end":{"line":66,"column":35}},"38":{"start":{"line":68,"column":4},"end":{"line":68,"column":55}},"39":{"start":{"line":69,"column":4},"end":{"line":69,"column":32}},"40":{"start":{"line":73,"column":25},"end":{"line":98,"column":1}},"41":{"start":{"line":74,"column":2},"end":{"line":97,"column":3}},"42":{"start":{"line":75,"column":19},"end":{"line":75,"column":31}},"43":{"start":{"line":76,"column":20},"end":{"line":76,"column":38}},"44":{"start":{"line":78,"column":17},"end":{"line":78,"column":44}},"45":{"start":{"line":79,"column":4},"end":{"line":81,"column":5}},"46":{"start":{"line":80,"column":6},"end":{"line":80,"column":65}},"47":{"start":{"line":83,"column":4},"end":{"line":85,"column":5}},"48":{"start":{"line":84,"column":6},"end":{"line":84,"column":83}},"49":{"start":{"line":87,"column":4},"end":{"line":87,"column":40}},"50":{"start":{"line":88,"column":4},"end":{"line":88,"column":22}},"51":{"start":{"line":90,"column":18},"end":{"line":90,"column":47}},"52":{"start":{"line":91,"column":4},"end":{"line":91,"column":33}},"53":{"start":{"line":92,"column":4},"end":{"line":92,"column":23}},"54":{"start":{"line":94,"column":4},"end":{"line":94,"column":53}},"55":{"start":{"line":96,"column":4},"end":{"line":96,"column":63}},"56":{"start":{"line":100,"column":29},"end":{"line":126,"column":1}},"57":{"start":{"line":101,"column":2},"end":{"line":125,"column":3}},"58":{"start":{"line":102,"column":19},"end":{"line":102,"column":31}},"59":{"start":{"line":103,"column":20},"end":{"line":103,"column":38}},"60":{"start":{"line":105,"column":17},"end":{"line":105,"column":44}},"61":{"start":{"line":106,"column":4},"end":{"line":108,"column":5}},"62":{"start":{"line":107,"column":6},"end":{"line":107,"column":65}},"63":{"start":{"line":110,"column":23},"end":{"line":110,"column":61}},"64":{"start":{"line":111,"column":4},"end":{"line":122,"column":5}},"65":{"start":{"line":112,"column":6},"end":{"line":112,"column":50}},"66":{"start":{"line":113,"column":6},"end":{"line":113,"column":24}},"67":{"start":{"line":115,"column":20},"end":{"line":115,"column":49}},"68":{"start":{"line":116,"column":6},"end":{"line":116,"column":73}},"69":{"start":{"line":117,"column":6},"end":{"line":117,"column":25}},"70":{"start":{"line":119,"column":6},"end":{"line":119,"column":57}},"71":{"start":{"line":121,"column":6},"end":{"line":121,"column":72}},"72":{"start":{"line":124,"column":4},"end":{"line":124,"column":63}},"73":{"start":{"line":128,"column":32},"end":{"line":135,"column":1}},"74":{"start":{"line":129,"column":2},"end":{"line":134,"column":3}},"75":{"start":{"line":130,"column":19},"end":{"line":130,"column":76}},"76":{"start":{"line":131,"column":4},"end":{"line":131,"column":21}},"77":{"start":{"line":133,"column":4},"end":{"line":133,"column":53}},"78":{"start":{"line":137,"column":0},"end":{"line":147,"column":2}},"79":{"start":{"line":154,"column":85},"end":{"line":154,"column":38881}},"80":{"start":{"line":154,"column":89},"end":{"line":154,"column":38870}}},"fnMap":{"0":{"name":"(anonymous_0)","decl":{"start":{"line":4,"column":19},"end":{"line":4,"column":20}},"loc":{"start":{"line":4,"column":35},"end":{"line":10,"column":1}},"line":4},"1":{"name":"(anonymous_1)","decl":{"start":{"line":12,"column":18},"end":{"line":12,"column":19}},"loc":{"start":{"line":12,"column":38},"end":{"line":16,"column":1}},"line":12},"2":{"name":"(anonymous_2)","decl":{"start":{"line":18,"column":17},"end":{"line":18,"column":18}},"loc":{"start":{"line":18,"column":37},"end":{"line":21,"column":1}},"line":18},"3":{"name":"(anonymous_3)","decl":{"start":{"line":23,"column":20},"end":{"line":23,"column":21}},"loc":{"start":{"line":23,"column":40},"end":{"line":29,"column":1}},"line":23},"4":{"name":"(anonymous_4)","decl":{"start":{"line":31,"column":19},"end":{"line":31,"column":20}},"loc":{"start":{"line":31,"column":39},"end":{"line":37,"column":1}},"line":31},"5":{"name":"(anonymous_5)","decl":{"start":{"line":39,"column":20},"end":{"line":39,"column":21}},"loc":{"start":{"line":39,"column":40},"end":{"line":42,"column":1}},"line":39},"6":{"name":"(anonymous_6)","decl":{"start":{"line":44,"column":20},"end":{"line":44,"column":21}},"loc":{"start":{"line":44,"column":40},"end":{"line":71,"column":1}},"line":44},"7":{"name":"(anonymous_7)","decl":{"start":{"line":73,"column":25},"end":{"line":73,"column":26}},"loc":{"start":{"line":73,"column":45},"end":{"line":98,"column":1}},"line":73},"8":{"name":"(anonymous_8)","decl":{"start":{"line":100,"column":29},"end":{"line":100,"column":30}},"loc":{"start":{"line":100,"column":49},"end":{"line":126,"column":1}},"line":100},"9":{"name":"(anonymous_9)","decl":{"start":{"line":128,"column":32},"end":{"line":128,"column":33}},"loc":{"start":{"line":128,"column":52},"end":{"line":135,"column":1}},"line":128},"10":{"name":"oo_cm","decl":{"start":{"line":154,"column":77},"end":{"line":154,"column":82}},"loc":{"start":{"line":154,"column":84},"end":{"line":154,"column":38882}},"line":154}},"branchMap":{"0":{"loc":{"start":{"line":13,"column":23},"end":{"line":13,"column":38}},"type":"binary-expr","locations":[{"start":{"line":13,"column":23},"end":{"line":13,"column":32}},{"start":{"line":13,"column":36},"end":{"line":13,"column":38}}],"line":13},"1":{"loc":{"start":{"line":48,"column":2},"end":{"line":50,"column":3}},"type":"if","locations":[{"start":{"line":48,"column":2},"end":{"line":50,"column":3}},{"start":{},"end":{}}],"line":48},"2":{"loc":{"start":{"line":79,"column":4},"end":{"line":81,"column":5}},"type":"if","locations":[{"start":{"line":79,"column":4},"end":{"line":81,"column":5}},{"start":{},"end":{}}],"line":79},"3":{"loc":{"start":{"line":83,"column":4},"end":{"line":85,"column":5}},"type":"if","locations":[{"start":{"line":83,"column":4},"end":{"line":85,"column":5}},{"start":{},"end":{}}],"line":83},"4":{"loc":{"start":{"line":106,"column":4},"end":{"line":108,"column":5}},"type":"if","locations":[{"start":{"line":106,"column":4},"end":{"line":108,"column":5}},{"start":{},"end":{}}],"line":106},"5":{"loc":{"start":{"line":111,"column":4},"end":{"line":122,"column":5}},"type":"if","locations":[{"start":{"line":111,"column":4},"end":{"line":122,"column":5}},{"start":{"line":120,"column":11},"end":{"line":122,"column":5}}],"line":111},"6":{"loc":{"start":{"line":154,"column":96},"end":{"line":154,"column":38869}},"type":"binary-expr","locations":[{"start":{"line":154,"column":96},"end":{"line":154,"column":133}},{"start":{"line":154,"column":137},"end":{"line":154,"column":38869}}],"line":154}},"s":{"0":4,"1":4,"2":4,"3":1,"4":1,"5":1,"6":1,"7":1,"8":4,"9":2,"10":2,"11":2,"12":4,"13":0,"14":0,"15":4,"16":0,"17":0,"18":0,"19":4,"20":0,"21":0,"22":4,"23":0,"24":0,"25":4,"26":1,"27":1,"28":1,"29":0,"30":1,"31":1,"32":1,"33":1,"34":1,"35":1,"36":1,"37":1,"38":0,"39":0,"40":4,"41":2,"42":2,"43":2,"44":2,"45":2,"46":0,"47":2,"48":1,"49":1,"50":1,"51":1,"52":1,"53":1,"54":1,"55":0,"56":4,"57":1,"58":1,"59":1,"60":1,"61":1,"62":0,"63":1,"64":1,"65":1,"66":1,"67":1,"68":1,"69":1,"70":1,"71":0,"72":0,"73":4,"74":0,"75":0,"76":0,"77":0,"78":4,"79":1,"80":1},"f":{"0":1,"1":2,"2":0,"3":0,"4":0,"5":0,"6":1,"7":2,"8":1,"9":0,"10":1},"b":{"0":[2,0],"1":[0,1],"2":[0,2],"3":[1,1],"4":[0,1],"5":[1,0],"6":[1,0]},"_coverageSchema":"1a1c01bbd47fc00a2c39e90264f33305004495a9","hash":"e5a34691c7c5d407d323f625401fc8e0c9039462"}
,"C:\\Users\\rfest\\Desktop\\Test\\luma\\backend\\src\\controllers\\userController.js": {"path":"C:\\Users\\rfest\\Desktop\\Test\\luma\\backend\\src\\controllers\\userController.js","statementMap":{"0":{"start":{"line":1,"column":13},"end":{"line":1,"column":43}},"1":{"start":{"line":2,"column":15},"end":{"line":2,"column":32}},"2":{"start":{"line":4,"column":0},"end":{"line":43,"column":2}},"3":{"start":{"line":5,"column":82},"end":{"line":5,"column":90}},"4":{"start":{"line":7,"column":2},"end":{"line":42,"column":7}},"5":{"start":{"line":9,"column":6},"end":{"line":11,"column":7}},"6":{"start":{"line":10,"column":8},"end":{"line":10,"column":78}},"7":{"start":{"line":12,"column":6},"end":{"line":12,"column":44}},"8":{"start":{"line":15,"column":6},"end":{"line":17,"column":7}},"9":{"start":{"line":16,"column":8},"end":{"line":16,"column":85}},"10":{"start":{"line":18,"column":6},"end":{"line":18,"column":39}},"11":{"start":{"line":21,"column":19},"end":{"line":29,"column":8}},"12":{"start":{"line":31,"column":6},"end":{"line":31,"column":25}},"13":{"start":{"line":34,"column":6},"end":{"line":34,"column":87}},"14":{"start":{"line":37,"column":6},"end":{"line":41,"column":7}},"15":{"start":{"line":38,"column":8},"end":{"line":38,"column":60}},"16":{"start":{"line":40,"column":8},"end":{"line":40,"column":81}},"17":{"start":{"line":45,"column":0},"end":{"line":53,"column":2}},"18":{"start":{"line":46,"column":2},"end":{"line":52,"column":7}},"19":{"start":{"line":48,"column":6},"end":{"line":48,"column":22}},"20":{"start":{"line":51,"column":6},"end":{"line":51,"column":63}},"21":{"start":{"line":55,"column":0},"end":{"line":68,"column":2}},"22":{"start":{"line":56,"column":17},"end":{"line":56,"column":30}},"23":{"start":{"line":58,"column":2},"end":{"line":67,"column":7}},"24":{"start":{"line":60,"column":6},"end":{"line":62,"column":7}},"25":{"start":{"line":61,"column":8},"end":{"line":61,"column":65}},"26":{"start":{"line":63,"column":6},"end":{"line":63,"column":21}},"27":{"start":{"line":66,"column":6},"end":{"line":66,"column":79}},"28":{"start":{"line":70,"column":0},"end":{"line":84,"column":2}},"29":{"start":{"line":71,"column":17},"end":{"line":71,"column":30}},"30":{"start":{"line":72,"column":65},"end":{"line":72,"column":73}},"31":{"start":{"line":74,"column":2},"end":{"line":83,"column":7}},"32":{"start":{"line":76,"column":6},"end":{"line":78,"column":7}},"33":{"start":{"line":77,"column":8},"end":{"line":77,"column":65}},"34":{"start":{"line":79,"column":6},"end":{"line":79,"column":91}},"35":{"start":{"line":82,"column":6},"end":{"line":82,"column":79}},"36":{"start":{"line":86,"column":0},"end":{"line":99,"column":2}},"37":{"start":{"line":87,"column":17},"end":{"line":87,"column":30}},"38":{"start":{"line":89,"column":2},"end":{"line":98,"column":7}},"39":{"start":{"line":91,"column":6},"end":{"line":93,"column":7}},"40":{"start":{"line":92,"column":8},"end":{"line":92,"column":65}},"41":{"start":{"line":94,"column":6},"end":{"line":94,"column":72}},"42":{"start":{"line":97,"column":6},"end":{"line":97,"column":79}},"43":{"start":{"line":101,"column":0},"end":{"line":116,"column":2}},"44":{"start":{"line":102,"column":17},"end":{"line":102,"column":29}},"45":{"start":{"line":104,"column":2},"end":{"line":115,"column":7}},"46":{"start":{"line":107,"column":6},"end":{"line":109,"column":7}},"47":{"start":{"line":108,"column":8},"end":{"line":108,"column":67}},"48":{"start":{"line":110,"column":6},"end":{"line":110,"column":86}},"49":{"start":{"line":110,"column":72},"end":{"line":110,"column":81}},"50":{"start":{"line":113,"column":6},"end":{"line":113,"column":65}},"51":{"start":{"line":114,"column":6},"end":{"line":114,"column":65}}},"fnMap":{"0":{"name":"(anonymous_0)","decl":{"start":{"line":4,"column":23},"end":{"line":4,"column":24}},"loc":{"start":{"line":4,"column":37},"end":{"line":43,"column":1}},"line":4},"1":{"name":"(anonymous_1)","decl":{"start":{"line":8,"column":10},"end":{"line":8,"column":11}},"loc":{"start":{"line":8,"column":35},"end":{"line":13,"column":5}},"line":8},"2":{"name":"(anonymous_2)","decl":{"start":{"line":14,"column":10},"end":{"line":14,"column":11}},"loc":{"start":{"line":14,"column":35},"end":{"line":19,"column":5}},"line":14},"3":{"name":"(anonymous_3)","decl":{"start":{"line":20,"column":10},"end":{"line":20,"column":11}},"loc":{"start":{"line":20,"column":30},"end":{"line":32,"column":5}},"line":20},"4":{"name":"(anonymous_4)","decl":{"start":{"line":33,"column":10},"end":{"line":33,"column":11}},"loc":{"start":{"line":33,"column":16},"end":{"line":35,"column":5}},"line":33},"5":{"name":"(anonymous_5)","decl":{"start":{"line":36,"column":11},"end":{"line":36,"column":12}},"loc":{"start":{"line":36,"column":20},"end":{"line":42,"column":5}},"line":36},"6":{"name":"(anonymous_6)","decl":{"start":{"line":45,"column":22},"end":{"line":45,"column":23}},"loc":{"start":{"line":45,"column":36},"end":{"line":53,"column":1}},"line":45},"7":{"name":"(anonymous_7)","decl":{"start":{"line":47,"column":10},"end":{"line":47,"column":11}},"loc":{"start":{"line":47,"column":21},"end":{"line":49,"column":5}},"line":47},"8":{"name":"(anonymous_8)","decl":{"start":{"line":50,"column":11},"end":{"line":50,"column":12}},"loc":{"start":{"line":50,"column":20},"end":{"line":52,"column":5}},"line":50},"9":{"name":"(anonymous_9)","decl":{"start":{"line":55,"column":22},"end":{"line":55,"column":23}},"loc":{"start":{"line":55,"column":36},"end":{"line":68,"column":1}},"line":55},"10":{"name":"(anonymous_10)","decl":{"start":{"line":59,"column":10},"end":{"line":59,"column":11}},"loc":{"start":{"line":59,"column":20},"end":{"line":64,"column":5}},"line":59},"11":{"name":"(anonymous_11)","decl":{"start":{"line":65,"column":11},"end":{"line":65,"column":12}},"loc":{"start":{"line":65,"column":20},"end":{"line":67,"column":5}},"line":65},"12":{"name":"(anonymous_12)","decl":{"start":{"line":70,"column":21},"end":{"line":70,"column":22}},"loc":{"start":{"line":70,"column":35},"end":{"line":84,"column":1}},"line":70},"13":{"name":"(anonymous_13)","decl":{"start":{"line":75,"column":10},"end":{"line":75,"column":11}},"loc":{"start":{"line":75,"column":27},"end":{"line":80,"column":5}},"line":75},"14":{"name":"(anonymous_14)","decl":{"start":{"line":81,"column":11},"end":{"line":81,"column":12}},"loc":{"start":{"line":81,"column":20},"end":{"line":83,"column":5}},"line":81},"15":{"name":"(anonymous_15)","decl":{"start":{"line":86,"column":21},"end":{"line":86,"column":22}},"loc":{"start":{"line":86,"column":35},"end":{"line":99,"column":1}},"line":86},"16":{"name":"(anonymous_16)","decl":{"start":{"line":90,"column":10},"end":{"line":90,"column":11}},"loc":{"start":{"line":90,"column":27},"end":{"line":95,"column":5}},"line":90},"17":{"name":"(anonymous_17)","decl":{"start":{"line":96,"column":11},"end":{"line":96,"column":12}},"loc":{"start":{"line":96,"column":20},"end":{"line":98,"column":5}},"line":96},"18":{"name":"(anonymous_18)","decl":{"start":{"line":101,"column":31},"end":{"line":101,"column":32}},"loc":{"start":{"line":101,"column":45},"end":{"line":116,"column":1}},"line":101},"19":{"name":"(anonymous_19)","decl":{"start":{"line":106,"column":10},"end":{"line":106,"column":11}},"loc":{"start":{"line":106,"column":20},"end":{"line":111,"column":5}},"line":106},"20":{"name":"(anonymous_20)","decl":{"start":{"line":110,"column":61},"end":{"line":110,"column":62}},"loc":{"start":{"line":110,"column":72},"end":{"line":110,"column":81}},"line":110},"21":{"name":"(anonymous_21)","decl":{"start":{"line":112,"column":11},"end":{"line":112,"column":12}},"loc":{"start":{"line":112,"column":22},"end":{"line":115,"column":5}},"line":112}},"branchMap":{"0":{"loc":{"start":{"line":9,"column":6},"end":{"line":11,"column":7}},"type":"if","locations":[{"start":{"line":9,"column":6},"end":{"line":11,"column":7}},{"start":{},"end":{}}],"line":9},"1":{"loc":{"start":{"line":15,"column":6},"end":{"line":17,"column":7}},"type":"if","locations":[{"start":{"line":15,"column":6},"end":{"line":17,"column":7}},{"start":{},"end":{}}],"line":15},"2":{"loc":{"start":{"line":37,"column":6},"end":{"line":41,"column":7}},"type":"if","locations":[{"start":{"line":37,"column":6},"end":{"line":41,"column":7}},{"start":{"line":39,"column":13},"end":{"line":41,"column":7}}],"line":37},"3":{"loc":{"start":{"line":60,"column":6},"end":{"line":62,"column":7}},"type":"if","locations":[{"start":{"line":60,"column":6},"end":{"line":62,"column":7}},{"start":{},"end":{}}],"line":60},"4":{"loc":{"start":{"line":76,"column":6},"end":{"line":78,"column":7}},"type":"if","locations":[{"start":{"line":76,"column":6},"end":{"line":78,"column":7}},{"start":{},"end":{}}],"line":76},"5":{"loc":{"start":{"line":91,"column":6},"end":{"line":93,"column":7}},"type":"if","locations":[{"start":{"line":91,"column":6},"end":{"line":93,"column":7}},{"start":{},"end":{}}],"line":91},"6":{"loc":{"start":{"line":107,"column":6},"end":{"line":109,"column":7}},"type":"if","locations":[{"start":{"line":107,"column":6},"end":{"line":109,"column":7}},{"start":{},"end":{}}],"line":107}},"s":{"0":4,"1":4,"2":4,"3":4,"4":4,"5":4,"6":1,"7":3,"8":3,"9":1,"10":2,"11":2,"12":2,"13":1,"14":3,"15":2,"16":1,"17":4,"18":2,"19":1,"20":0,"21":4,"22":2,"23":2,"24":2,"25":1,"26":1,"27":0,"28":4,"29":3,"30":3,"31":3,"32":2,"33":1,"34":1,"35":0,"36":4,"37":3,"38":3,"39":2,"40":1,"41":1,"42":0,"43":4,"44":1,"45":1,"46":1,"47":0,"48":1,"49":0,"50":0,"51":0},"f":{"0":4,"1":4,"2":3,"3":2,"4":1,"5":3,"6":2,"7":1,"8":0,"9":2,"10":2,"11":0,"12":3,"13":2,"14":0,"15":3,"16":2,"17":0,"18":1,"19":1,"20":0,"21":0},"b":{"0":[1,3],"1":[1,2],"2":[2,1],"3":[1,1],"4":[1,1],"5":[1,1],"6":[0,1]},"_coverageSchema":"1a1c01bbd47fc00a2c39e90264f33305004495a9","hash":"cb3dae4ee6b27aa0085c55f889dc072b7fb0fb21"}
,"C:\\Users\\rfest\\Desktop\\Test\\luma\\backend\\src\\middlewares\\index.js": {"path":"C:\\Users\\rfest\\Desktop\\Test\\luma\\backend\\src\\middlewares\\index.js","statementMap":{"0":{"start":{"line":1,"column":18},"end":{"line":1,"column":48}},"1":{"start":{"line":2,"column":24},"end":{"line":2,"column":59}},"2":{"start":{"line":4,"column":22},"end":{"line":30,"column":1}},"3":{"start":{"line":5,"column":24},"end":{"line":5,"column":49}},"4":{"start":{"line":7,"column":2},"end":{"line":9,"column":3}},"5":{"start":{"line":8,"column":4},"end":{"line":8,"column":77}},"6":{"start":{"line":11,"column":16},"end":{"line":11,"column":43}},"7":{"start":{"line":13,"column":2},"end":{"line":29,"column":3}},"8":{"start":{"line":14,"column":25},"end":{"line":14,"column":43}},"9":{"start":{"line":16,"column":17},"end":{"line":16,"column":62}},"10":{"start":{"line":17,"column":4},"end":{"line":19,"column":5}},"11":{"start":{"line":18,"column":6},"end":{"line":18,"column":65}},"12":{"start":{"line":21,"column":4},"end":{"line":21,"column":20}},"13":{"start":{"line":22,"column":4},"end":{"line":22,"column":11}},"14":{"start":{"line":24,"column":4},"end":{"line":28,"column":5}},"15":{"start":{"line":25,"column":6},"end":{"line":25,"column":64}},"16":{"start":{"line":27,"column":6},"end":{"line":27,"column":77}},"17":{"start":{"line":32,"column":22},"end":{"line":35,"column":1}},"18":{"start":{"line":33,"column":18},"end":{"line":33,"column":80}},"19":{"start":{"line":34,"column":2},"end":{"line":34,"column":29}},"20":{"start":{"line":37,"column":21},"end":{"line":41,"column":1}},"21":{"start":{"line":38,"column":22},"end":{"line":38,"column":94}},"22":{"start":{"line":39,"column":18},"end":{"line":39,"column":39}},"23":{"start":{"line":40,"column":2},"end":{"line":40,"column":33}},"24":{"start":{"line":43,"column":22},"end":{"line":45,"column":1}},"25":{"start":{"line":44,"column":2},"end":{"line":44,"column":34}},"26":{"start":{"line":47,"column":22},"end":{"line":50,"column":1}},"27":{"start":{"line":48,"column":22},"end":{"line":48,"column":96}},"28":{"start":{"line":49,"column":2},"end":{"line":49,"column":59}},"29":{"start":{"line":52,"column":25},"end":{"line":59,"column":1}},"30":{"start":{"line":53,"column":22},"end":{"line":53,"column":102}},"31":{"start":{"line":54,"column":2},"end":{"line":58,"column":3}},"32":{"start":{"line":55,"column":4},"end":{"line":55,"column":16}},"33":{"start":{"line":57,"column":4},"end":{"line":57,"column":65}},"34":{"start":{"line":61,"column":22},"end":{"line":82,"column":1}},"35":{"start":{"line":62,"column":22},"end":{"line":62,"column":100}},"36":{"start":{"line":64,"column":21},"end":{"line":64,"column":70}},"37":{"start":{"line":65,"column":24},"end":{"line":65,"column":98}},"38":{"start":{"line":66,"column":18},"end":{"line":66,"column":33}},"39":{"start":{"line":68,"column":2},"end":{"line":81,"column":3}},"40":{"start":{"line":69,"column":4},"end":{"line":69,"column":24}},"41":{"start":{"line":70,"column":9},"end":{"line":81,"column":3}},"42":{"start":{"line":71,"column":23},"end":{"line":71,"column":129}},"43":{"start":{"line":72,"column":4},"end":{"line":77,"column":5}},"44":{"start":{"line":73,"column":6},"end":{"line":73,"column":26}},"45":{"start":{"line":75,"column":6},"end":{"line":75,"column":67}},"46":{"start":{"line":76,"column":6},"end":{"line":76,"column":18}},"47":{"start":{"line":79,"column":4},"end":{"line":79,"column":54}},"48":{"start":{"line":80,"column":4},"end":{"line":80,"column":16}},"49":{"start":{"line":84,"column":30},"end":{"line":116,"column":1}},"50":{"start":{"line":85,"column":22},"end":{"line":85,"column":79}},"51":{"start":{"line":86,"column":77},"end":{"line":86,"column":85}},"52":{"start":{"line":87,"column":22},"end":{"line":87,"column":88}},"53":{"start":{"line":88,"column":22},"end":{"line":88,"column":84}},"54":{"start":{"line":90,"column":2},"end":{"line":92,"column":3}},"55":{"start":{"line":91,"column":4},"end":{"line":91,"column":79}},"56":{"start":{"line":93,"column":2},"end":{"line":95,"column":3}},"57":{"start":{"line":94,"column":4},"end":{"line":94,"column":80}},"58":{"start":{"line":96,"column":2},"end":{"line":102,"column":3}},"59":{"start":{"line":97,"column":4},"end":{"line":97,"column":80}},"60":{"start":{"line":99,"column":4},"end":{"line":101,"column":5}},"61":{"start":{"line":100,"column":6},"end":{"line":100,"column":82}},"62":{"start":{"line":104,"column":2},"end":{"line":106,"column":3}},"63":{"start":{"line":105,"column":4},"end":{"line":105,"column":81}},"64":{"start":{"line":108,"column":2},"end":{"line":110,"column":3}},"65":{"start":{"line":109,"column":4},"end":{"line":109,"column":83}},"66":{"start":{"line":111,"column":2},"end":{"line":113,"column":3}},"67":{"start":{"line":112,"column":4},"end":{"line":112,"column":83}},"68":{"start":{"line":115,"column":2},"end":{"line":115,"column":9}},"69":{"start":{"line":118,"column":25},"end":{"line":121,"column":1}},"70":{"start":{"line":119,"column":18},"end":{"line":119,"column":39}},"71":{"start":{"line":120,"column":2},"end":{"line":120,"column":32}},"72":{"start":{"line":123,"column":28},"end":{"line":127,"column":1}},"73":{"start":{"line":125,"column":4},"end":{"line":125,"column":120}},"74":{"start":{"line":126,"column":2},"end":{"line":126,"column":38}},"75":{"start":{"line":129,"column":25},"end":{"line":132,"column":1}},"76":{"start":{"line":130,"column":18},"end":{"line":130,"column":33}},"77":{"start":{"line":131,"column":2},"end":{"line":131,"column":32}},"78":{"start":{"line":134,"column":29},"end":{"line":184,"column":1}},"79":{"start":{"line":135,"column":82},"end":{"line":135,"column":90}},"80":{"start":{"line":137,"column":2},"end":{"line":139,"column":3}},"81":{"start":{"line":138,"column":4},"end":{"line":138,"column":67}},"82":{"start":{"line":140,"column":2},"end":{"line":142,"column":3}},"83":{"start":{"line":141,"column":4},"end":{"line":141,"column":70}},"84":{"start":{"line":143,"column":2},"end":{"line":145,"column":3}},"85":{"start":{"line":144,"column":4},"end":{"line":144,"column":64}},"86":{"start":{"line":146,"column":2},"end":{"line":148,"column":3}},"87":{"start":{"line":147,"column":4},"end":{"line":147,"column":67}},"88":{"start":{"line":149,"column":2},"end":{"line":151,"column":3}},"89":{"start":{"line":150,"column":4},"end":{"line":150,"column":68}},"90":{"start":{"line":152,"column":2},"end":{"line":154,"column":3}},"91":{"start":{"line":153,"column":4},"end":{"line":153,"column":66}},"92":{"start":{"line":155,"column":2},"end":{"line":157,"column":3}},"93":{"start":{"line":156,"column":4},"end":{"line":156,"column":71}},"94":{"start":{"line":158,"column":2},"end":{"line":160,"column":3}},"95":{"start":{"line":159,"column":4},"end":{"line":159,"column":74}},"96":{"start":{"line":161,"column":2},"end":{"line":163,"column":3}},"97":{"start":{"line":162,"column":4},"end":{"line":162,"column":67}},"98":{"start":{"line":164,"column":2},"end":{"line":166,"column":3}},"99":{"start":{"line":165,"column":4},"end":{"line":165,"column":89}},"100":{"start":{"line":168,"column":22},"end":{"line":168,"column":32}},"101":{"start":{"line":169,"column":24},"end":{"line":169,"column":43}},"102":{"start":{"line":170,"column":16},"end":{"line":170,"column":71}},"103":{"start":{"line":171,"column":20},"end":{"line":171,"column":69}},"104":{"start":{"line":172,"column":2},"end":{"line":174,"column":3}},"105":{"start":{"line":173,"column":4},"end":{"line":173,"column":14}},"106":{"start":{"line":175,"column":2},"end":{"line":177,"column":3}},"107":{"start":{"line":176,"column":4},"end":{"line":176,"column":91}},"108":{"start":{"line":179,"column":29},"end":{"line":179,"column":50}},"109":{"start":{"line":181,"column":2},"end":{"line":181,"column":42}},"110":{"start":{"line":183,"column":2},"end":{"line":183,"column":9}},"111":{"start":{"line":186,"column":19},"end":{"line":192,"column":1}},"112":{"start":{"line":187,"column":15},"end":{"line":187,"column":35}},"113":{"start":{"line":188,"column":15},"end":{"line":188,"column":33}},"114":{"start":{"line":189,"column":16},"end":{"line":189,"column":65}},"115":{"start":{"line":190,"column":14},"end":{"line":190,"column":56}},"116":{"start":{"line":191,"column":2},"end":{"line":191,"column":35}},"117":{"start":{"line":194,"column":0},"end":{"line":198,"column":2}},"118":{"start":{"line":205,"column":85},"end":{"line":205,"column":38881}},"119":{"start":{"line":205,"column":89},"end":{"line":205,"column":38870}}},"fnMap":{"0":{"name":"(anonymous_0)","decl":{"start":{"line":4,"column":22},"end":{"line":4,"column":23}},"loc":{"start":{"line":4,"column":48},"end":{"line":30,"column":1}},"line":4},"1":{"name":"(anonymous_1)","decl":{"start":{"line":32,"column":22},"end":{"line":32,"column":23}},"loc":{"start":{"line":32,"column":33},"end":{"line":35,"column":1}},"line":32},"2":{"name":"(anonymous_2)","decl":{"start":{"line":37,"column":21},"end":{"line":37,"column":22}},"loc":{"start":{"line":37,"column":36},"end":{"line":41,"column":1}},"line":37},"3":{"name":"(anonymous_3)","decl":{"start":{"line":43,"column":22},"end":{"line":43,"column":23}},"loc":{"start":{"line":43,"column":38},"end":{"line":45,"column":1}},"line":43},"4":{"name":"(anonymous_4)","decl":{"start":{"line":47,"column":22},"end":{"line":47,"column":23}},"loc":{"start":{"line":47,"column":38},"end":{"line":50,"column":1}},"line":47},"5":{"name":"(anonymous_5)","decl":{"start":{"line":52,"column":25},"end":{"line":52,"column":26}},"loc":{"start":{"line":52,"column":44},"end":{"line":59,"column":1}},"line":52},"6":{"name":"(anonymous_6)","decl":{"start":{"line":61,"column":22},"end":{"line":61,"column":23}},"loc":{"start":{"line":61,"column":40},"end":{"line":82,"column":1}},"line":61},"7":{"name":"(anonymous_7)","decl":{"start":{"line":84,"column":30},"end":{"line":84,"column":31}},"loc":{"start":{"line":84,"column":50},"end":{"line":116,"column":1}},"line":84},"8":{"name":"(anonymous_8)","decl":{"start":{"line":118,"column":25},"end":{"line":118,"column":26}},"loc":{"start":{"line":118,"column":39},"end":{"line":121,"column":1}},"line":118},"9":{"name":"(anonymous_9)","decl":{"start":{"line":123,"column":28},"end":{"line":123,"column":29}},"loc":{"start":{"line":123,"column":45},"end":{"line":127,"column":1}},"line":123},"10":{"name":"(anonymous_10)","decl":{"start":{"line":129,"column":25},"end":{"line":129,"column":26}},"loc":{"start":{"line":129,"column":39},"end":{"line":132,"column":1}},"line":129},"11":{"name":"(anonymous_11)","decl":{"start":{"line":134,"column":29},"end":{"line":134,"column":30}},"loc":{"start":{"line":134,"column":49},"end":{"line":184,"column":1}},"line":134},"12":{"name":"(anonymous_12)","decl":{"start":{"line":186,"column":19},"end":{"line":186,"column":20}},"loc":{"start":{"line":186,"column":35},"end":{"line":192,"column":1}},"line":186},"13":{"name":"oo_cm","decl":{"start":{"line":205,"column":77},"end":{"line":205,"column":82}},"loc":{"start":{"line":205,"column":84},"end":{"line":205,"column":38882}},"line":205}},"branchMap":{"0":{"loc":{"start":{"line":7,"column":2},"end":{"line":9,"column":3}},"type":"if","locations":[{"start":{"line":7,"column":2},"end":{"line":9,"column":3}},{"start":{},"end":{}}],"line":7},"1":{"loc":{"start":{"line":17,"column":4},"end":{"line":19,"column":5}},"type":"if","locations":[{"start":{"line":17,"column":4},"end":{"line":19,"column":5}},{"start":{},"end":{}}],"line":17},"2":{"loc":{"start":{"line":24,"column":4},"end":{"line":28,"column":5}},"type":"if","locations":[{"start":{"line":24,"column":4},"end":{"line":28,"column":5}},{"start":{"line":26,"column":11},"end":{"line":28,"column":5}}],"line":24},"3":{"loc":{"start":{"line":49,"column":9},"end":{"line":49,"column":58}},"type":"binary-expr","locations":[{"start":{"line":49,"column":9},"end":{"line":49,"column":27}},{"start":{"line":49,"column":31},"end":{"line":49,"column":58}}],"line":49},"4":{"loc":{"start":{"line":54,"column":2},"end":{"line":58,"column":3}},"type":"if","locations":[{"start":{"line":54,"column":2},"end":{"line":58,"column":3}},{"start":{"line":56,"column":9},"end":{"line":58,"column":3}}],"line":54},"5":{"loc":{"start":{"line":57,"column":11},"end":{"line":57,"column":64}},"type":"binary-expr","locations":[{"start":{"line":57,"column":11},"end":{"line":57,"column":32}},{"start":{"line":57,"column":36},"end":{"line":57,"column":64}}],"line":57},"6":{"loc":{"start":{"line":68,"column":2},"end":{"line":81,"column":3}},"type":"if","locations":[{"start":{"line":68,"column":2},"end":{"line":81,"column":3}},{"start":{"line":70,"column":9},"end":{"line":81,"column":3}}],"line":68},"7":{"loc":{"start":{"line":70,"column":9},"end":{"line":81,"column":3}},"type":"if","locations":[{"start":{"line":70,"column":9},"end":{"line":81,"column":3}},{"start":{"line":78,"column":9},"end":{"line":81,"column":3}}],"line":70},"8":{"loc":{"start":{"line":71,"column":56},"end":{"line":71,"column":128}},"type":"cond-expr","locations":[{"start":{"line":71,"column":88},"end":{"line":71,"column":89}},{"start":{"line":71,"column":92},"end":{"line":71,"column":128}}],"line":71},"9":{"loc":{"start":{"line":71,"column":92},"end":{"line":71,"column":128}},"type":"cond-expr","locations":[{"start":{"line":71,"column":123},"end":{"line":71,"column":124}},{"start":{"line":71,"column":127},"end":{"line":71,"column":128}}],"line":71},"10":{"loc":{"start":{"line":72,"column":4},"end":{"line":77,"column":5}},"type":"if","locations":[{"start":{"line":72,"column":4},"end":{"line":77,"column":5}},{"start":{"line":74,"column":11},"end":{"line":77,"column":5}}],"line":72},"11":{"loc":{"start":{"line":90,"column":2},"end":{"line":92,"column":3}},"type":"if","locations":[{"start":{"line":90,"column":2},"end":{"line":92,"column":3}},{"start":{},"end":{}}],"line":90},"12":{"loc":{"start":{"line":90,"column":6},"end":{"line":90,"column":44}},"type":"binary-expr","locations":[{"start":{"line":90,"column":6},"end":{"line":90,"column":16}},{"start":{"line":90,"column":20},"end":{"line":90,"column":44}}],"line":90},"13":{"loc":{"start":{"line":93,"column":2},"end":{"line":95,"column":3}},"type":"if","locations":[{"start":{"line":93,"column":2},"end":{"line":95,"column":3}},{"start":{},"end":{}}],"line":93},"14":{"loc":{"start":{"line":93,"column":6},"end":{"line":93,"column":47}},"type":"binary-expr","locations":[{"start":{"line":93,"column":6},"end":{"line":93,"column":17}},{"start":{"line":93,"column":21},"end":{"line":93,"column":47}}],"line":93},"15":{"loc":{"start":{"line":96,"column":2},"end":{"line":102,"column":3}},"type":"if","locations":[{"start":{"line":96,"column":2},"end":{"line":102,"column":3}},{"start":{"line":98,"column":9},"end":{"line":102,"column":3}}],"line":96},"16":{"loc":{"start":{"line":96,"column":6},"end":{"line":96,"column":53}},"type":"binary-expr","locations":[{"start":{"line":96,"column":6},"end":{"line":96,"column":30}},{"start":{"line":96,"column":34},"end":{"line":96,"column":53}}],"line":96},"17":{"loc":{"start":{"line":99,"column":4},"end":{"line":101,"column":5}},"type":"if","locations":[{"start":{"line":99,"column":4},"end":{"line":101,"column":5}},{"start":{},"end":{}}],"line":99},"18":{"loc":{"start":{"line":104,"column":2},"end":{"line":106,"column":3}},"type":"if","locations":[{"start":{"line":104,"column":2},"end":{"line":106,"column":3}},{"start":{},"end":{}}],"line":104},"19":{"loc":{"start":{"line":104,"column":6},"end":{"line":104,"column":51}},"type":"binary-expr","locations":[{"start":{"line":104,"column":6},"end":{"line":104,"column":19}},{"start":{"line":104,"column":23},"end":{"line":104,"column":51}}],"line":104},"20":{"loc":{"start":{"line":108,"column":2},"end":{"line":110,"column":3}},"type":"if","locations":[{"start":{"line":108,"column":2},"end":{"line":110,"column":3}},{"start":{},"end":{}}],"line":108},"21":{"loc":{"start":{"line":108,"column":6},"end":{"line":108,"column":59}},"type":"binary-expr","locations":[{"start":{"line":108,"column":6},"end":{"line":108,"column":33}},{"start":{"line":108,"column":37},"end":{"line":108,"column":59}}],"line":108},"22":{"loc":{"start":{"line":111,"column":2},"end":{"line":113,"column":3}},"type":"if","locations":[{"start":{"line":111,"column":2},"end":{"line":113,"column":3}},{"start":{},"end":{}}],"line":111},"23":{"loc":{"start":{"line":137,"column":2},"end":{"line":139,"column":3}},"type":"if","locations":[{"start":{"line":137,"column":2},"end":{"line":139,"column":3}},{"start":{},"end":{}}],"line":137},"24":{"loc":{"start":{"line":140,"column":2},"end":{"line":142,"column":3}},"type":"if","locations":[{"start":{"line":140,"column":2},"end":{"line":142,"column":3}},{"start":{},"end":{}}],"line":140},"25":{"loc":{"start":{"line":143,"column":2},"end":{"line":145,"column":3}},"type":"if","locations":[{"start":{"line":143,"column":2},"end":{"line":145,"column":3}},{"start":{},"end":{}}],"line":143},"26":{"loc":{"start":{"line":146,"column":2},"end":{"line":148,"column":3}},"type":"if","locations":[{"start":{"line":146,"column":2},"end":{"line":148,"column":3}},{"start":{},"end":{}}],"line":146},"27":{"loc":{"start":{"line":149,"column":2},"end":{"line":151,"column":3}},"type":"if","locations":[{"start":{"line":149,"column":2},"end":{"line":151,"column":3}},{"start":{},"end":{}}],"line":149},"28":{"loc":{"start":{"line":152,"column":2},"end":{"line":154,"column":3}},"type":"if","locations":[{"start":{"line":152,"column":2},"end":{"line":154,"column":3}},{"start":{},"end":{}}],"line":152},"29":{"loc":{"start":{"line":155,"column":2},"end":{"line":157,"column":3}},"type":"if","locations":[{"start":{"line":155,"column":2},"end":{"line":157,"column":3}},{"start":{},"end":{}}],"line":155},"30":{"loc":{"start":{"line":158,"column":2},"end":{"line":160,"column":3}},"type":"if","locations":[{"start":{"line":158,"column":2},"end":{"line":160,"column":3}},{"start":{},"end":{}}],"line":158},"31":{"loc":{"start":{"line":161,"column":2},"end":{"line":163,"column":3}},"type":"if","locations":[{"start":{"line":161,"column":2},"end":{"line":163,"column":3}},{"start":{},"end":{}}],"line":161},"32":{"loc":{"start":{"line":164,"column":2},"end":{"line":166,"column":3}},"type":"if","locations":[{"start":{"line":164,"column":2},"end":{"line":166,"column":3}},{"start":{},"end":{}}],"line":164},"33":{"loc":{"start":{"line":172,"column":2},"end":{"line":174,"column":3}},"type":"if","locations":[{"start":{"line":172,"column":2},"end":{"line":174,"column":3}},{"start":{},"end":{}}],"line":172},"34":{"loc":{"start":{"line":172,"column":6},"end":{"line":172,"column":91}},"type":"binary-expr","locations":[{"start":{"line":172,"column":6},"end":{"line":172,"column":19}},{"start":{"line":172,"column":24},"end":{"line":172,"column":39}},{"start":{"line":172,"column":43},"end":{"line":172,"column":90}}],"line":172},"35":{"loc":{"start":{"line":175,"column":2},"end":{"line":177,"column":3}},"type":"if","locations":[{"start":{"line":175,"column":2},"end":{"line":177,"column":3}},{"start":{},"end":{}}],"line":175},"36":{"loc":{"start":{"line":205,"column":96},"end":{"line":205,"column":38869}},"type":"binary-expr","locations":[{"start":{"line":205,"column":96},"end":{"line":205,"column":133}},{"start":{"line":205,"column":137},"end":{"line":205,"column":38869}}],"line":205}},"s":{"0":4,"1":4,"2":4,"3":27,"4":27,"5":0,"6":27,"7":27,"8":27,"9":27,"10":25,"11":0,"12":25,"13":25,"14":2,"15":0,"16":2,"17":4,"18":4,"19":4,"20":4,"21":1,"22":1,"23":1,"24":4,"25":1,"26":4,"27":1,"28":1,"29":4,"30":1,"31":1,"32":0,"33":1,"34":4,"35":1,"36":1,"37":1,"38":1,"39":1,"40":1,"41":0,"42":0,"43":0,"44":0,"45":0,"46":0,"47":0,"48":0,"49":4,"50":1,"51":1,"52":1,"53":1,"54":1,"55":0,"56":1,"57":0,"58":1,"59":0,"60":1,"61":0,"62":1,"63":0,"64":1,"65":0,"66":1,"67":0,"68":1,"69":4,"70":4,"71":4,"72":4,"73":4,"74":4,"75":4,"76":4,"77":4,"78":4,"79":4,"80":4,"81":0,"82":4,"83":0,"84":4,"85":0,"86":4,"87":0,"88":4,"89":0,"90":4,"91":0,"92":4,"93":0,"94":4,"95":0,"96":4,"97":0,"98":4,"99":0,"100":4,"101":4,"102":4,"103":4,"104":4,"105":0,"106":4,"107":0,"108":4,"109":4,"110":4,"111":4,"112":4,"113":4,"114":4,"115":4,"116":4,"117":4,"118":7,"119":7},"f":{"0":27,"1":4,"2":1,"3":1,"4":1,"5":1,"6":1,"7":1,"8":4,"9":4,"10":4,"11":4,"12":4,"13":7},"b":{"0":[0,27],"1":[0,25],"2":[0,2],"3":[1,1],"4":[0,1],"5":[1,1],"6":[1,0],"7":[0,0],"8":[0,0],"9":[0,0],"10":[0,0],"11":[0,1],"12":[1,1],"13":[0,1],"14":[1,1],"15":[0,1],"16":[1,1],"17":[0,1],"18":[0,1],"19":[1,1],"20":[0,1],"21":[1,1],"22":[0,1],"23":[0,4],"24":[0,4],"25":[0,4],"26":[0,4],"27":[0,4],"28":[0,4],"29":[0,4],"30":[0,4],"31":[0,4],"32":[0,4],"33":[0,4],"34":[4,4,0],"35":[0,4],"36":[7,0]},"_coverageSchema":"1a1c01bbd47fc00a2c39e90264f33305004495a9","hash":"e3ae6fd6a694ae1231cc35bb4829d3d3bd48010f"}
,"C:\\Users\\rfest\\Desktop\\Test\\luma\\backend\\src\\models\\cityModel.js": {"path":"C:\\Users\\rfest\\Desktop\\Test\\luma\\backend\\src\\models\\cityModel.js","statementMap":{"0":{"start":{"line":1,"column":17},"end":{"line":1,"column":36}},"1":{"start":{"line":2,"column":15},"end":{"line":2,"column":30}},"2":{"start":{"line":4,"column":19},"end":{"line":8,"column":2}},"3":{"start":{"line":10,"column":13},"end":{"line":10,"column":47}},"4":{"start":{"line":12,"column":0},"end":{"line":12,"column":22}}},"fnMap":{},"branchMap":{},"s":{"0":4,"1":4,"2":4,"3":4,"4":4},"f":{},"b":{},"_coverageSchema":"1a1c01bbd47fc00a2c39e90264f33305004495a9","hash":"ebfc1a184e1c9f7abed4b6632b7f729c59dbf4d0"}
,"C:\\Users\\rfest\\Desktop\\Test\\luma\\backend\\src\\models\\eventModel.js": {"path":"C:\\Users\\rfest\\Desktop\\Test\\luma\\backend\\src\\models\\eventModel.js","statementMap":{"0":{"start":{"line":1,"column":17},"end":{"line":1,"column":36}},"1":{"start":{"line":2,"column":15},"end":{"line":2,"column":30}},"2":{"start":{"line":4,"column":20},"end":{"line":23,"column":2}},"3":{"start":{"line":25,"column":14},"end":{"line":25,"column":50}},"4":{"start":{"line":27,"column":0},"end":{"line":27,"column":23}}},"fnMap":{},"branchMap":{},"s":{"0":4,"1":4,"2":4,"3":4,"4":4},"f":{},"b":{},"_coverageSchema":"1a1c01bbd47fc00a2c39e90264f33305004495a9","hash":"c2d6d73d4231bc20360f371c1ffacec39ac734b8"}
,"C:\\Users\\rfest\\Desktop\\Test\\luma\\backend\\src\\models\\userModel.js": {"path":"C:\\Users\\rfest\\Desktop\\Test\\luma\\backend\\src\\models\\userModel.js","statementMap":{"0":{"start":{"line":1,"column":17},"end":{"line":1,"column":36}},"1":{"start":{"line":3,"column":19},"end":{"line":12,"column":2}},"2":{"start":{"line":14,"column":0},"end":{"line":14,"column":52}}},"fnMap":{},"branchMap":{},"s":{"0":4,"1":4,"2":4},"f":{},"b":{},"_coverageSchema":"1a1c01bbd47fc00a2c39e90264f33305004495a9","hash":"6a22125d3b444879ceef072a09faabaaebd04b27"}
,"C:\\Users\\rfest\\Desktop\\Test\\luma\\backend\\src\\routers\\authRouter.js": {"path":"C:\\Users\\rfest\\Desktop\\Test\\luma\\backend\\src\\routers\\authRouter.js","statementMap":{"0":{"start":{"line":1,"column":16},"end":{"line":1,"column":34}},"1":{"start":{"line":2,"column":13},"end":{"line":2,"column":43}},"2":{"start":{"line":3,"column":19},"end":{"line":3,"column":35}},"3":{"start":{"line":4,"column":15},"end":{"line":4,"column":32}},"4":{"start":{"line":5,"column":24},"end":{"line":5,"column":59}},"5":{"start":{"line":7,"column":0},"end":{"line":40,"column":3}},"6":{"start":{"line":8,"column":44},"end":{"line":8,"column":52}},"7":{"start":{"line":10,"column":2},"end":{"line":12,"column":3}},"8":{"start":{"line":11,"column":4},"end":{"line":11,"column":88}},"9":{"start":{"line":14,"column":2},"end":{"line":39,"column":7}},"10":{"start":{"line":18,"column":6},"end":{"line":20,"column":7}},"11":{"start":{"line":19,"column":8},"end":{"line":19,"column":72}},"12":{"start":{"line":22,"column":6},"end":{"line":30,"column":9}},"13":{"start":{"line":23,"column":8},"end":{"line":25,"column":9}},"14":{"start":{"line":24,"column":10},"end":{"line":24,"column":62}},"15":{"start":{"line":27,"column":22},"end":{"line":27,"column":39}},"16":{"start":{"line":29,"column":8},"end":{"line":29,"column":46}},"17":{"start":{"line":33,"column":6},"end":{"line":38,"column":7}},"18":{"start":{"line":34,"column":8},"end":{"line":34,"column":60}},"19":{"start":{"line":36,"column":8},"end":{"line":36,"column":44}},"20":{"start":{"line":37,"column":8},"end":{"line":37,"column":81}},"21":{"start":{"line":42,"column":0},"end":{"line":42,"column":28}}},"fnMap":{"0":{"name":"(anonymous_0)","decl":{"start":{"line":7,"column":26},"end":{"line":7,"column":27}},"loc":{"start":{"line":7,"column":46},"end":{"line":40,"column":1}},"line":7},"1":{"name":"(anonymous_1)","decl":{"start":{"line":17,"column":10},"end":{"line":17,"column":11}},"loc":{"start":{"line":17,"column":20},"end":{"line":31,"column":5}},"line":17},"2":{"name":"(anonymous_2)","decl":{"start":{"line":22,"column":58},"end":{"line":22,"column":59}},"loc":{"start":{"line":22,"column":77},"end":{"line":30,"column":7}},"line":22},"3":{"name":"(anonymous_3)","decl":{"start":{"line":32,"column":11},"end":{"line":32,"column":12}},"loc":{"start":{"line":32,"column":20},"end":{"line":39,"column":5}},"line":32}},"branchMap":{"0":{"loc":{"start":{"line":10,"column":2},"end":{"line":12,"column":3}},"type":"if","locations":[{"start":{"line":10,"column":2},"end":{"line":12,"column":3}},{"start":{},"end":{}}],"line":10},"1":{"loc":{"start":{"line":10,"column":6},"end":{"line":10,"column":29}},"type":"binary-expr","locations":[{"start":{"line":10,"column":6},"end":{"line":10,"column":12}},{"start":{"line":10,"column":16},"end":{"line":10,"column":29}}],"line":10},"2":{"loc":{"start":{"line":18,"column":6},"end":{"line":20,"column":7}},"type":"if","locations":[{"start":{"line":18,"column":6},"end":{"line":20,"column":7}},{"start":{},"end":{}}],"line":18},"3":{"loc":{"start":{"line":23,"column":8},"end":{"line":25,"column":9}},"type":"if","locations":[{"start":{"line":23,"column":8},"end":{"line":25,"column":9}},{"start":{},"end":{}}],"line":23},"4":{"loc":{"start":{"line":33,"column":6},"end":{"line":38,"column":7}},"type":"if","locations":[{"start":{"line":33,"column":6},"end":{"line":38,"column":7}},{"start":{"line":35,"column":13},"end":{"line":38,"column":7}}],"line":33}},"s":{"0":4,"1":4,"2":4,"3":4,"4":4,"5":4,"6":4,"7":4,"8":1,"9":3,"10":3,"11":1,"12":2,"13":2,"14":1,"15":1,"16":1,"17":2,"18":2,"19":0,"20":0,"21":4},"f":{"0":4,"1":3,"2":2,"3":2},"b":{"0":[1,3],"1":[4,1],"2":[1,2],"3":[1,1],"4":[2,0]},"_coverageSchema":"1a1c01bbd47fc00a2c39e90264f33305004495a9","hash":"0f19e9792043e44f9ca64ff134b6e922c3c2f27a"}
,"C:\\Users\\rfest\\Desktop\\Test\\luma\\backend\\src\\routers\\cityRouter.js": {"path":"C:\\Users\\rfest\\Desktop\\Test\\luma\\backend\\src\\routers\\cityRouter.js","statementMap":{"0":{"start":{"line":1,"column":16},"end":{"line":1,"column":34}},"1":{"start":{"line":2,"column":23},"end":{"line":2,"column":63}},"2":{"start":{"line":3,"column":26},"end":{"line":3,"column":57}},"3":{"start":{"line":5,"column":19},"end":{"line":5,"column":35}},"4":{"start":{"line":7,"column":0},"end":{"line":7,"column":46}},"5":{"start":{"line":8,"column":0},"end":{"line":8,"column":47}},"6":{"start":{"line":9,"column":0},"end":{"line":9,"column":63}},"7":{"start":{"line":10,"column":0},"end":{"line":10,"column":65}},"8":{"start":{"line":11,"column":0},"end":{"line":11,"column":66}},"9":{"start":{"line":12,"column":0},"end":{"line":12,"column":68}},"10":{"start":{"line":14,"column":0},"end":{"line":14,"column":28}}},"fnMap":{},"branchMap":{},"s":{"0":4,"1":4,"2":4,"3":4,"4":4,"5":4,"6":4,"7":4,"8":4,"9":4,"10":4},"f":{},"b":{},"_coverageSchema":"1a1c01bbd47fc00a2c39e90264f33305004495a9","hash":"46ad224acf43faaa54890c43f294dd0de7447c95"}
,"C:\\Users\\rfest\\Desktop\\Test\\luma\\backend\\src\\routers\\eventRouter.js": {"path":"C:\\Users\\rfest\\Desktop\\Test\\luma\\backend\\src\\routers\\eventRouter.js","statementMap":{"0":{"start":{"line":1,"column":16},"end":{"line":1,"column":34}},"1":{"start":{"line":2,"column":24},"end":{"line":2,"column":65}},"2":{"start":{"line":3,"column":49},"end":{"line":3,"column":80}},"3":{"start":{"line":5,"column":20},"end":{"line":5,"column":36}},"4":{"start":{"line":7,"column":0},"end":{"line":7,"column":84}},"5":{"start":{"line":8,"column":0},"end":{"line":8,"column":48}},"6":{"start":{"line":9,"column":0},"end":{"line":9,"column":50}},"7":{"start":{"line":10,"column":0},"end":{"line":10,"column":89}},"8":{"start":{"line":11,"column":0},"end":{"line":11,"column":68}},"9":{"start":{"line":12,"column":0},"end":{"line":12,"column":69}},"10":{"start":{"line":13,"column":0},"end":{"line":13,"column":71}},"11":{"start":{"line":14,"column":0},"end":{"line":14,"column":89}},"12":{"start":{"line":15,"column":0},"end":{"line":15,"column":95}},"13":{"start":{"line":17,"column":0},"end":{"line":17,"column":29}}},"fnMap":{},"branchMap":{},"s":{"0":4,"1":4,"2":4,"3":4,"4":4,"5":4,"6":4,"7":4,"8":4,"9":4,"10":4,"11":4,"12":4,"13":4},"f":{},"b":{},"_coverageSchema":"1a1c01bbd47fc00a2c39e90264f33305004495a9","hash":"81b42f7516298c52ee1901dd2be6eb9a320c8d09"}
,"C:\\Users\\rfest\\Desktop\\Test\\luma\\backend\\src\\routers\\index.js": {"path":"C:\\Users\\rfest\\Desktop\\Test\\luma\\backend\\src\\routers\\index.js","statementMap":{"0":{"start":{"line":1,"column":16},"end":{"line":1,"column":34}},"1":{"start":{"line":3,"column":20},"end":{"line":3,"column":44}},"2":{"start":{"line":4,"column":19},"end":{"line":4,"column":42}},"3":{"start":{"line":5,"column":19},"end":{"line":5,"column":42}},"4":{"start":{"line":6,"column":19},"end":{"line":6,"column":42}},"5":{"start":{"line":8,"column":19},"end":{"line":8,"column":35}},"6":{"start":{"line":10,"column":0},"end":{"line":10,"column":39}},"7":{"start":{"line":11,"column":0},"end":{"line":11,"column":36}},"8":{"start":{"line":12,"column":0},"end":{"line":12,"column":36}},"9":{"start":{"line":13,"column":0},"end":{"line":13,"column":36}},"10":{"start":{"line":16,"column":0},"end":{"line":16,"column":28}}},"fnMap":{},"branchMap":{},"s":{"0":4,"1":4,"2":4,"3":4,"4":4,"5":4,"6":4,"7":4,"8":4,"9":4,"10":4},"f":{},"b":{},"_coverageSchema":"1a1c01bbd47fc00a2c39e90264f33305004495a9","hash":"7839a6c9d5eaf2d5c56682584472f39de1e2abfd"}
,"C:\\Users\\rfest\\Desktop\\Test\\luma\\backend\\src\\routers\\userRouter.js": {"path":"C:\\Users\\rfest\\Desktop\\Test\\luma\\backend\\src\\routers\\userRouter.js","statementMap":{"0":{"start":{"line":1,"column":16},"end":{"line":1,"column":34}},"1":{"start":{"line":2,"column":15},"end":{"line":2,"column":31}},"2":{"start":{"line":3,"column":23},"end":{"line":3,"column":63}},"3":{"start":{"line":4,"column":48},"end":{"line":4,"column":79}},"4":{"start":{"line":6,"column":0},"end":{"line":6,"column":76}},"5":{"start":{"line":7,"column":0},"end":{"line":7,"column":81}},"6":{"start":{"line":8,"column":0},"end":{"line":8,"column":59}},"7":{"start":{"line":9,"column":0},"end":{"line":9,"column":62}},"8":{"start":{"line":10,"column":0},"end":{"line":10,"column":61}},"9":{"start":{"line":11,"column":0},"end":{"line":11,"column":64}},"10":{"start":{"line":13,"column":0},"end":{"line":13,"column":24}}},"fnMap":{},"branchMap":{},"s":{"0":4,"1":4,"2":4,"3":4,"4":4,"5":4,"6":4,"7":4,"8":4,"9":4,"10":4},"f":{},"b":{},"_coverageSchema":"1a1c01bbd47fc00a2c39e90264f33305004495a9","hash":"02c0befddf660096b2f431d60a170b3d20014ce2"}
,"C:\\Users\\rfest\\Desktop\\Test\\luma\\backend\\src\\services\\auth.service.js": {"path":"C:\\Users\\rfest\\Desktop\\Test\\luma\\backend\\src\\services\\auth.service.js","statementMap":{"0":{"start":{"line":1,"column":0},"end":{"line":1,"column":27}},"1":{"start":{"line":3,"column":12},"end":{"line":3,"column":35}},"2":{"start":{"line":5,"column":20},"end":{"line":17,"column":1}},"3":{"start":{"line":6,"column":2},"end":{"line":16,"column":4}},"4":{"start":{"line":19,"column":20},"end":{"line":25,"column":1}},"5":{"start":{"line":20,"column":2},"end":{"line":24,"column":3}},"6":{"start":{"line":21,"column":4},"end":{"line":21,"column":90}},"7":{"start":{"line":23,"column":4},"end":{"line":23,"column":37}},"8":{"start":{"line":27,"column":0},"end":{"line":30,"column":2}}},"fnMap":{"0":{"name":"(anonymous_0)","decl":{"start":{"line":5,"column":20},"end":{"line":5,"column":21}},"loc":{"start":{"line":5,"column":30},"end":{"line":17,"column":1}},"line":5},"1":{"name":"(anonymous_1)","decl":{"start":{"line":19,"column":20},"end":{"line":19,"column":21}},"loc":{"start":{"line":19,"column":31},"end":{"line":25,"column":1}},"line":19}},"branchMap":{"0":{"loc":{"start":{"line":14,"column":4},"end":{"line":14,"column":63}},"type":"binary-expr","locations":[{"start":{"line":14,"column":4},"end":{"line":14,"column":26}},{"start":{"line":14,"column":30},"end":{"line":14,"column":63}}],"line":14},"1":{"loc":{"start":{"line":21,"column":29},"end":{"line":21,"column":88}},"type":"binary-expr","locations":[{"start":{"line":21,"column":29},"end":{"line":21,"column":51}},{"start":{"line":21,"column":55},"end":{"line":21,"column":88}}],"line":21}},"s":{"0":4,"1":4,"2":4,"3":5,"4":4,"5":27,"6":27,"7":0,"8":4},"f":{"0":5,"1":27},"b":{"0":[5,5],"1":[27,27]},"_coverageSchema":"1a1c01bbd47fc00a2c39e90264f33305004495a9","hash":"842df0446d562732a13f3062045a4cc1beef755f"}
}
