{"C:\\Users\\rfest\\Desktop\\sprint3\\luma\\backend\\src\\bootstrap.js": {"path":"C:\\Users\\rfest\\Desktop\\sprint3\\luma\\backend\\src\\bootstrap.js","statementMap":{"0":{"start":{"line":1,"column":13},"end":{"line":1,"column":28}},"1":{"start":{"line":2,"column":16},"end":{"line":2,"column":34}},"2":{"start":{"line":3,"column":19},"end":{"line":3,"column":45}},"3":{"start":{"line":6,"column":0},"end":{"line":14,"column":1}},"4":{"start":{"line":7,"column":14},"end":{"line":7,"column":23}},"5":{"start":{"line":8,"column":2},"end":{"line":8,"column":18}},"6":{"start":{"line":9,"column":2},"end":{"line":9,"column":26}},"7":{"start":{"line":10,"column":2},"end":{"line":10,"column":27}},"8":{"start":{"line":13,"column":2},"end":{"line":13,"column":13}}},"fnMap":{"0":{"name":"(anonymous_0)","decl":{"start":{"line":6,"column":23},"end":{"line":6,"column":24}},"loc":{"start":{"line":6,"column":29},"end":{"line":14,"column":1}},"line":6}},"branchMap":{},"s":{"0":4,"1":4,"2":4,"3":4,"4":4,"5":4,"6":4,"7":4,"8":4},"f":{"0":4},"b":{},"_coverageSchema":"1a1c01bbd47fc00a2c39e90264f33305004495a9","hash":"917e01c4d366fdf6f5981115c912250f4e9e184a"}
,"C:\\Users\\rfest\\Desktop\\sprint3\\luma\\backend\\src\\mongoose.js": {"path":"C:\\Users\\rfest\\Desktop\\sprint3\\luma\\backend\\src\\mongoose.js","statementMap":{"0":{"start":{"line":1,"column":17},"end":{"line":1,"column":36}},"1":{"start":{"line":2,"column":15},"end":{"line":2,"column":32}},"2":{"start":{"line":3,"column":15},"end":{"line":3,"column":32}},"3":{"start":{"line":4,"column":30},"end":{"line":4,"column":62}},"4":{"start":{"line":5,"column":13},"end":{"line":5,"column":42}},"5":{"start":{"line":7,"column":0},"end":{"line":7,"column":16}},"6":{"start":{"line":9,"column":12},"end":{"line":9,"column":170}},"7":{"start":{"line":13,"column":0},"end":{"line":72,"column":2}},"8":{"start":{"line":14,"column":2},"end":{"line":14,"column":37}},"9":{"start":{"line":16,"column":2},"end":{"line":71,"column":3}},"10":{"start":{"line":17,"column":4},"end":{"line":20,"column":5}},"11":{"start":{"line":18,"column":6},"end":{"line":18,"column":49}},"12":{"start":{"line":19,"column":6},"end":{"line":19,"column":31}},"13":{"start":{"line":22,"column":4},"end":{"line":25,"column":7}},"14":{"start":{"line":27,"column":4},"end":{"line":65,"column":5}},"15":{"start":{"line":28,"column":20},"end":{"line":28,"column":57}},"16":{"start":{"line":29,"column":6},"end":{"line":45,"column":7}},"17":{"start":{"line":30,"column":31},"end":{"line":30,"column":65}},"18":{"start":{"line":31,"column":22},"end":{"line":39,"column":10}},"19":{"start":{"line":41,"column":8},"end":{"line":41,"column":27}},"20":{"start":{"line":42,"column":28},"end":{"line":42,"column":114}},"21":{"start":{"line":44,"column":28},"end":{"line":44,"column":112}},"22":{"start":{"line":47,"column":22},"end":{"line":47,"column":61}},"23":{"start":{"line":48,"column":6},"end":{"line":64,"column":7}},"24":{"start":{"line":49,"column":31},"end":{"line":49,"column":65}},"25":{"start":{"line":50,"column":24},"end":{"line":58,"column":10}},"26":{"start":{"line":60,"column":8},"end":{"line":60,"column":29}},"27":{"start":{"line":61,"column":28},"end":{"line":61,"column":118}},"28":{"start":{"line":63,"column":28},"end":{"line":63,"column":116}},"29":{"start":{"line":67,"column":24},"end":{"line":67,"column":97}},"30":{"start":{"line":70,"column":24},"end":{"line":70,"column":75}},"31":{"start":{"line":74,"column":0},"end":{"line":83,"column":2}},"32":{"start":{"line":75,"column":2},"end":{"line":82,"column":3}},"33":{"start":{"line":76,"column":4},"end":{"line":76,"column":38}},"34":{"start":{"line":77,"column":4},"end":{"line":79,"column":5}},"35":{"start":{"line":78,"column":6},"end":{"line":78,"column":27}},"36":{"start":{"line":81,"column":24},"end":{"line":81,"column":77}},"37":{"start":{"line":90,"column":85},"end":{"line":90,"column":38887}},"38":{"start":{"line":90,"column":89},"end":{"line":90,"column":38876}}},"fnMap":{"0":{"name":"(anonymous_0)","decl":{"start":{"line":13,"column":20},"end":{"line":13,"column":21}},"loc":{"start":{"line":13,"column":32},"end":{"line":72,"column":1}},"line":13},"1":{"name":"(anonymous_1)","decl":{"start":{"line":74,"column":23},"end":{"line":74,"column":24}},"loc":{"start":{"line":74,"column":35},"end":{"line":83,"column":1}},"line":74},"2":{"name":"oo_cm","decl":{"start":{"line":90,"column":77},"end":{"line":90,"column":82}},"loc":{"start":{"line":90,"column":84},"end":{"line":90,"column":38888}},"line":90}},"branchMap":{"0":{"loc":{"start":{"line":17,"column":4},"end":{"line":20,"column":5}},"type":"if","locations":[{"start":{"line":17,"column":4},"end":{"line":20,"column":5}},{"start":{},"end":{}}],"line":17},"1":{"loc":{"start":{"line":27,"column":4},"end":{"line":65,"column":5}},"type":"if","locations":[{"start":{"line":27,"column":4},"end":{"line":65,"column":5}},{"start":{},"end":{}}],"line":27},"2":{"loc":{"start":{"line":29,"column":6},"end":{"line":45,"column":7}},"type":"if","locations":[{"start":{"line":29,"column":6},"end":{"line":45,"column":7}},{"start":{"line":43,"column":13},"end":{"line":45,"column":7}}],"line":29},"3":{"loc":{"start":{"line":48,"column":6},"end":{"line":64,"column":7}},"type":"if","locations":[{"start":{"line":48,"column":6},"end":{"line":64,"column":7}},{"start":{"line":62,"column":13},"end":{"line":64,"column":7}}],"line":48},"4":{"loc":{"start":{"line":77,"column":4},"end":{"line":79,"column":5}},"type":"if","locations":[{"start":{"line":77,"column":4},"end":{"line":79,"column":5}},{"start":{},"end":{}}],"line":77},"5":{"loc":{"start":{"line":90,"column":96},"end":{"line":90,"column":38875}},"type":"binary-expr","locations":[{"start":{"line":90,"column":96},"end":{"line":90,"column":133}},{"start":{"line":90,"column":137},"end":{"line":90,"column":38875}}],"line":90}},"s":{"0":4,"1":4,"2":4,"3":4,"4":4,"5":4,"6":4,"7":4,"8":4,"9":4,"10":4,"11":4,"12":4,"13":4,"14":4,"15":4,"16":4,"17":4,"18":4,"19":4,"20":4,"21":0,"22":4,"23":4,"24":4,"25":4,"26":4,"27":4,"28":0,"29":4,"30":0,"31":4,"32":4,"33":4,"34":4,"35":4,"36":0,"37":12,"38":12},"f":{"0":4,"1":4,"2":12},"b":{"0":[4,0],"1":[4,0],"2":[4,0],"3":[4,0],"4":[4,0],"5":[12,4]},"_coverageSchema":"1a1c01bbd47fc00a2c39e90264f33305004495a9","hash":"c630ae96ad57f1dfc9ce2c6590ae9f727227b6b8"}
,"C:\\Users\\rfest\\Desktop\\sprint3\\luma\\backend\\src\\controllers\\cityController.js": {"path":"C:\\Users\\rfest\\Desktop\\sprint3\\luma\\backend\\src\\controllers\\cityController.js","statementMap":{"0":{"start":{"line":1,"column":13},"end":{"line":1,"column":43}},"1":{"start":{"line":3,"column":0},"end":{"line":10,"column":2}},"2":{"start":{"line":4,"column":2},"end":{"line":9,"column":3}},"3":{"start":{"line":5,"column":19},"end":{"line":5,"column":38}},"4":{"start":{"line":6,"column":4},"end":{"line":6,"column":33}},"5":{"start":{"line":8,"column":4},"end":{"line":8,"column":32}},"6":{"start":{"line":12,"column":0},"end":{"line":22,"column":2}},"7":{"start":{"line":13,"column":2},"end":{"line":21,"column":3}},"8":{"start":{"line":14,"column":17},"end":{"line":14,"column":51}},"9":{"start":{"line":15,"column":4},"end":{"line":17,"column":5}},"10":{"start":{"line":16,"column":6},"end":{"line":16,"column":36}},"11":{"start":{"line":18,"column":4},"end":{"line":18,"column":31}},"12":{"start":{"line":20,"column":4},"end":{"line":20,"column":32}},"13":{"start":{"line":24,"column":0},"end":{"line":32,"column":2}},"14":{"start":{"line":25,"column":2},"end":{"line":31,"column":3}},"15":{"start":{"line":26,"column":17},"end":{"line":26,"column":35}},"16":{"start":{"line":27,"column":4},"end":{"line":27,"column":22}},"17":{"start":{"line":28,"column":4},"end":{"line":28,"column":31}},"18":{"start":{"line":30,"column":4},"end":{"line":30,"column":32}},"19":{"start":{"line":34,"column":0},"end":{"line":44,"column":2}},"20":{"start":{"line":35,"column":2},"end":{"line":43,"column":3}},"21":{"start":{"line":36,"column":17},"end":{"line":36,"column":106}},"22":{"start":{"line":37,"column":4},"end":{"line":39,"column":5}},"23":{"start":{"line":38,"column":6},"end":{"line":38,"column":36}},"24":{"start":{"line":40,"column":4},"end":{"line":40,"column":31}},"25":{"start":{"line":42,"column":4},"end":{"line":42,"column":32}},"26":{"start":{"line":46,"column":0},"end":{"line":67,"column":2}},"27":{"start":{"line":47,"column":18},"end":{"line":47,"column":39}},"28":{"start":{"line":48,"column":25},"end":{"line":48,"column":66}},"29":{"start":{"line":49,"column":27},"end":{"line":49,"column":85}},"30":{"start":{"line":49,"column":53},"end":{"line":49,"column":84}},"31":{"start":{"line":51,"column":2},"end":{"line":53,"column":3}},"32":{"start":{"line":52,"column":4},"end":{"line":52,"column":73}},"33":{"start":{"line":55,"column":2},"end":{"line":66,"column":3}},"34":{"start":{"line":56,"column":17},"end":{"line":56,"column":51}},"35":{"start":{"line":57,"column":4},"end":{"line":59,"column":5}},"36":{"start":{"line":58,"column":6},"end":{"line":58,"column":36}},"37":{"start":{"line":61,"column":4},"end":{"line":61,"column":67}},"38":{"start":{"line":61,"column":33},"end":{"line":61,"column":64}},"39":{"start":{"line":62,"column":4},"end":{"line":62,"column":22}},"40":{"start":{"line":63,"column":4},"end":{"line":63,"column":31}},"41":{"start":{"line":65,"column":4},"end":{"line":65,"column":32}},"42":{"start":{"line":69,"column":0},"end":{"line":79,"column":2}},"43":{"start":{"line":70,"column":2},"end":{"line":78,"column":3}},"44":{"start":{"line":71,"column":17},"end":{"line":71,"column":60}},"45":{"start":{"line":72,"column":4},"end":{"line":74,"column":5}},"46":{"start":{"line":73,"column":6},"end":{"line":73,"column":36}},"47":{"start":{"line":75,"column":4},"end":{"line":75,"column":31}},"48":{"start":{"line":77,"column":4},"end":{"line":77,"column":32}}},"fnMap":{"0":{"name":"(anonymous_0)","decl":{"start":{"line":3,"column":20},"end":{"line":3,"column":21}},"loc":{"start":{"line":3,"column":40},"end":{"line":10,"column":1}},"line":3},"1":{"name":"(anonymous_1)","decl":{"start":{"line":12,"column":18},"end":{"line":12,"column":19}},"loc":{"start":{"line":12,"column":38},"end":{"line":22,"column":1}},"line":12},"2":{"name":"(anonymous_2)","decl":{"start":{"line":24,"column":21},"end":{"line":24,"column":22}},"loc":{"start":{"line":24,"column":41},"end":{"line":32,"column":1}},"line":24},"3":{"name":"(anonymous_3)","decl":{"start":{"line":34,"column":21},"end":{"line":34,"column":22}},"loc":{"start":{"line":34,"column":41},"end":{"line":44,"column":1}},"line":34},"4":{"name":"(anonymous_4)","decl":{"start":{"line":46,"column":20},"end":{"line":46,"column":21}},"loc":{"start":{"line":46,"column":40},"end":{"line":67,"column":1}},"line":46},"5":{"name":"(anonymous_5)","decl":{"start":{"line":49,"column":41},"end":{"line":49,"column":42}},"loc":{"start":{"line":49,"column":53},"end":{"line":49,"column":84}},"line":49},"6":{"name":"(anonymous_6)","decl":{"start":{"line":61,"column":20},"end":{"line":61,"column":21}},"loc":{"start":{"line":61,"column":33},"end":{"line":61,"column":64}},"line":61},"7":{"name":"(anonymous_7)","decl":{"start":{"line":69,"column":21},"end":{"line":69,"column":22}},"loc":{"start":{"line":69,"column":41},"end":{"line":79,"column":1}},"line":69}},"branchMap":{"0":{"loc":{"start":{"line":15,"column":4},"end":{"line":17,"column":5}},"type":"if","locations":[{"start":{"line":15,"column":4},"end":{"line":17,"column":5}},{"start":{},"end":{}}],"line":15},"1":{"loc":{"start":{"line":37,"column":4},"end":{"line":39,"column":5}},"type":"if","locations":[{"start":{"line":37,"column":4},"end":{"line":39,"column":5}},{"start":{},"end":{}}],"line":37},"2":{"loc":{"start":{"line":51,"column":2},"end":{"line":53,"column":3}},"type":"if","locations":[{"start":{"line":51,"column":2},"end":{"line":53,"column":3}},{"start":{},"end":{}}],"line":51},"3":{"loc":{"start":{"line":57,"column":4},"end":{"line":59,"column":5}},"type":"if","locations":[{"start":{"line":57,"column":4},"end":{"line":59,"column":5}},{"start":{},"end":{}}],"line":57},"4":{"loc":{"start":{"line":72,"column":4},"end":{"line":74,"column":5}},"type":"if","locations":[{"start":{"line":72,"column":4},"end":{"line":74,"column":5}},{"start":{},"end":{}}],"line":72}},"s":{"0":4,"1":4,"2":1,"3":1,"4":1,"5":0,"6":4,"7":2,"8":2,"9":2,"10":1,"11":1,"12":0,"13":4,"14":2,"15":2,"16":2,"17":1,"18":1,"19":4,"20":3,"21":3,"22":2,"23":1,"24":1,"25":1,"26":4,"27":3,"28":3,"29":3,"30":7,"31":3,"32":1,"33":2,"34":2,"35":2,"36":1,"37":1,"38":3,"39":1,"40":1,"41":0,"42":4,"43":2,"44":2,"45":2,"46":1,"47":1,"48":0},"f":{"0":1,"1":2,"2":2,"3":3,"4":3,"5":7,"6":3,"7":2},"b":{"0":[1,1],"1":[1,1],"2":[1,2],"3":[1,1],"4":[1,1]},"_coverageSchema":"1a1c01bbd47fc00a2c39e90264f33305004495a9","hash":"044478e6933b4d000ea90893396506971090fbc4"}
,"C:\\Users\\rfest\\Desktop\\sprint3\\luma\\backend\\src\\controllers\\eventController.js": {"path":"C:\\Users\\rfest\\Desktop\\sprint3\\luma\\backend\\src\\controllers\\eventController.js","statementMap":{"0":{"start":{"line":1,"column":14},"end":{"line":1,"column":45}},"1":{"start":{"line":2,"column":13},"end":{"line":2,"column":43}},"2":{"start":{"line":4,"column":19},"end":{"line":10,"column":1}},"3":{"start":{"line":5,"column":15},"end":{"line":5,"column":35}},"4":{"start":{"line":6,"column":15},"end":{"line":6,"column":33}},"5":{"start":{"line":7,"column":16},"end":{"line":7,"column":65}},"6":{"start":{"line":8,"column":14},"end":{"line":8,"column":56}},"7":{"start":{"line":9,"column":2},"end":{"line":9,"column":35}},"8":{"start":{"line":12,"column":18},"end":{"line":16,"column":1}},"9":{"start":{"line":13,"column":23},"end":{"line":13,"column":38}},"10":{"start":{"line":14,"column":20},"end":{"line":14,"column":101}},"11":{"start":{"line":15,"column":2},"end":{"line":15,"column":34}},"12":{"start":{"line":18,"column":17},"end":{"line":21,"column":1}},"13":{"start":{"line":19,"column":20},"end":{"line":19,"column":106}},"14":{"start":{"line":20,"column":2},"end":{"line":20,"column":22}},"15":{"start":{"line":23,"column":20},"end":{"line":29,"column":1}},"16":{"start":{"line":24,"column":20},"end":{"line":26,"column":4}},"17":{"start":{"line":27,"column":22},"end":{"line":27,"column":81}},"18":{"start":{"line":28,"column":2},"end":{"line":28,"column":22}},"19":{"start":{"line":31,"column":19},"end":{"line":37,"column":1}},"20":{"start":{"line":32,"column":20},"end":{"line":35,"column":4}},"21":{"start":{"line":36,"column":2},"end":{"line":36,"column":22}},"22":{"start":{"line":39,"column":20},"end":{"line":42,"column":1}},"23":{"start":{"line":40,"column":20},"end":{"line":40,"column":64}},"24":{"start":{"line":41,"column":2},"end":{"line":41,"column":22}},"25":{"start":{"line":44,"column":20},"end":{"line":71,"column":1}},"26":{"start":{"line":45,"column":15},"end":{"line":45,"column":23}},"27":{"start":{"line":46,"column":15},"end":{"line":46,"column":23}},"28":{"start":{"line":48,"column":2},"end":{"line":50,"column":3}},"29":{"start":{"line":49,"column":4},"end":{"line":49,"column":92}},"30":{"start":{"line":52,"column":15},"end":{"line":52,"column":51}},"31":{"start":{"line":53,"column":16},"end":{"line":53,"column":26}},"32":{"start":{"line":54,"column":15},"end":{"line":59,"column":3}},"33":{"start":{"line":61,"column":22},"end":{"line":61,"column":88}},"34":{"start":{"line":63,"column":2},"end":{"line":70,"column":3}},"35":{"start":{"line":64,"column":21},"end":{"line":64,"column":36}},"36":{"start":{"line":65,"column":4},"end":{"line":65,"column":26}},"37":{"start":{"line":66,"column":4},"end":{"line":66,"column":35}},"38":{"start":{"line":68,"column":4},"end":{"line":68,"column":55}},"39":{"start":{"line":69,"column":4},"end":{"line":69,"column":32}},"40":{"start":{"line":73,"column":25},"end":{"line":106,"column":1}},"41":{"start":{"line":74,"column":2},"end":{"line":105,"column":3}},"42":{"start":{"line":75,"column":19},"end":{"line":75,"column":31}},"43":{"start":{"line":76,"column":20},"end":{"line":76,"column":38}},"44":{"start":{"line":78,"column":17},"end":{"line":78,"column":44}},"45":{"start":{"line":79,"column":4},"end":{"line":81,"column":5}},"46":{"start":{"line":80,"column":6},"end":{"line":80,"column":65}},"47":{"start":{"line":83,"column":18},"end":{"line":83,"column":47}},"48":{"start":{"line":84,"column":4},"end":{"line":86,"column":5}},"49":{"start":{"line":85,"column":6},"end":{"line":85,"column":66}},"50":{"start":{"line":88,"column":4},"end":{"line":90,"column":5}},"51":{"start":{"line":89,"column":6},"end":{"line":89,"column":83}},"52":{"start":{"line":92,"column":4},"end":{"line":94,"column":5}},"53":{"start":{"line":93,"column":6},"end":{"line":93,"column":73}},"54":{"start":{"line":96,"column":4},"end":{"line":96,"column":40}},"55":{"start":{"line":97,"column":4},"end":{"line":97,"column":22}},"56":{"start":{"line":99,"column":4},"end":{"line":99,"column":33}},"57":{"start":{"line":100,"column":4},"end":{"line":100,"column":23}},"58":{"start":{"line":102,"column":4},"end":{"line":102,"column":53}},"59":{"start":{"line":104,"column":4},"end":{"line":104,"column":70}},"60":{"start":{"line":108,"column":29},"end":{"line":134,"column":1}},"61":{"start":{"line":109,"column":2},"end":{"line":133,"column":3}},"62":{"start":{"line":110,"column":19},"end":{"line":110,"column":31}},"63":{"start":{"line":111,"column":20},"end":{"line":111,"column":38}},"64":{"start":{"line":113,"column":17},"end":{"line":113,"column":44}},"65":{"start":{"line":114,"column":4},"end":{"line":116,"column":5}},"66":{"start":{"line":115,"column":6},"end":{"line":115,"column":65}},"67":{"start":{"line":118,"column":23},"end":{"line":118,"column":61}},"68":{"start":{"line":119,"column":4},"end":{"line":130,"column":5}},"69":{"start":{"line":120,"column":6},"end":{"line":120,"column":50}},"70":{"start":{"line":121,"column":6},"end":{"line":121,"column":24}},"71":{"start":{"line":123,"column":20},"end":{"line":123,"column":49}},"72":{"start":{"line":124,"column":6},"end":{"line":124,"column":73}},"73":{"start":{"line":125,"column":6},"end":{"line":125,"column":25}},"74":{"start":{"line":127,"column":6},"end":{"line":127,"column":57}},"75":{"start":{"line":129,"column":6},"end":{"line":129,"column":72}},"76":{"start":{"line":132,"column":4},"end":{"line":132,"column":63}},"77":{"start":{"line":136,"column":32},"end":{"line":143,"column":1}},"78":{"start":{"line":137,"column":2},"end":{"line":142,"column":3}},"79":{"start":{"line":138,"column":19},"end":{"line":138,"column":76}},"80":{"start":{"line":139,"column":4},"end":{"line":139,"column":21}},"81":{"start":{"line":141,"column":4},"end":{"line":141,"column":53}},"82":{"start":{"line":145,"column":23},"end":{"line":158,"column":1}},"83":{"start":{"line":146,"column":18},"end":{"line":146,"column":26}},"84":{"start":{"line":148,"column":2},"end":{"line":157,"column":3}},"85":{"start":{"line":149,"column":19},"end":{"line":152,"column":13}},"86":{"start":{"line":153,"column":4},"end":{"line":153,"column":21}},"87":{"start":{"line":155,"column":4},"end":{"line":155,"column":58}},"88":{"start":{"line":156,"column":4},"end":{"line":156,"column":63}},"89":{"start":{"line":160,"column":0},"end":{"line":171,"column":2}},"90":{"start":{"line":178,"column":85},"end":{"line":178,"column":38887}},"91":{"start":{"line":178,"column":89},"end":{"line":178,"column":38876}}},"fnMap":{"0":{"name":"(anonymous_0)","decl":{"start":{"line":4,"column":19},"end":{"line":4,"column":20}},"loc":{"start":{"line":4,"column":35},"end":{"line":10,"column":1}},"line":4},"1":{"name":"(anonymous_1)","decl":{"start":{"line":12,"column":18},"end":{"line":12,"column":19}},"loc":{"start":{"line":12,"column":38},"end":{"line":16,"column":1}},"line":12},"2":{"name":"(anonymous_2)","decl":{"start":{"line":18,"column":17},"end":{"line":18,"column":18}},"loc":{"start":{"line":18,"column":37},"end":{"line":21,"column":1}},"line":18},"3":{"name":"(anonymous_3)","decl":{"start":{"line":23,"column":20},"end":{"line":23,"column":21}},"loc":{"start":{"line":23,"column":40},"end":{"line":29,"column":1}},"line":23},"4":{"name":"(anonymous_4)","decl":{"start":{"line":31,"column":19},"end":{"line":31,"column":20}},"loc":{"start":{"line":31,"column":39},"end":{"line":37,"column":1}},"line":31},"5":{"name":"(anonymous_5)","decl":{"start":{"line":39,"column":20},"end":{"line":39,"column":21}},"loc":{"start":{"line":39,"column":40},"end":{"line":42,"column":1}},"line":39},"6":{"name":"(anonymous_6)","decl":{"start":{"line":44,"column":20},"end":{"line":44,"column":21}},"loc":{"start":{"line":44,"column":40},"end":{"line":71,"column":1}},"line":44},"7":{"name":"(anonymous_7)","decl":{"start":{"line":73,"column":25},"end":{"line":73,"column":26}},"loc":{"start":{"line":73,"column":45},"end":{"line":106,"column":1}},"line":73},"8":{"name":"(anonymous_8)","decl":{"start":{"line":108,"column":29},"end":{"line":108,"column":30}},"loc":{"start":{"line":108,"column":49},"end":{"line":134,"column":1}},"line":108},"9":{"name":"(anonymous_9)","decl":{"start":{"line":136,"column":32},"end":{"line":136,"column":33}},"loc":{"start":{"line":136,"column":52},"end":{"line":143,"column":1}},"line":136},"10":{"name":"(anonymous_10)","decl":{"start":{"line":145,"column":23},"end":{"line":145,"column":24}},"loc":{"start":{"line":145,"column":43},"end":{"line":158,"column":1}},"line":145},"11":{"name":"oo_cm","decl":{"start":{"line":178,"column":77},"end":{"line":178,"column":82}},"loc":{"start":{"line":178,"column":84},"end":{"line":178,"column":38888}},"line":178}},"branchMap":{"0":{"loc":{"start":{"line":13,"column":23},"end":{"line":13,"column":38}},"type":"binary-expr","locations":[{"start":{"line":13,"column":23},"end":{"line":13,"column":32}},{"start":{"line":13,"column":36},"end":{"line":13,"column":38}}],"line":13},"1":{"loc":{"start":{"line":48,"column":2},"end":{"line":50,"column":3}},"type":"if","locations":[{"start":{"line":48,"column":2},"end":{"line":50,"column":3}},{"start":{},"end":{}}],"line":48},"2":{"loc":{"start":{"line":79,"column":4},"end":{"line":81,"column":5}},"type":"if","locations":[{"start":{"line":79,"column":4},"end":{"line":81,"column":5}},{"start":{},"end":{}}],"line":79},"3":{"loc":{"start":{"line":84,"column":4},"end":{"line":86,"column":5}},"type":"if","locations":[{"start":{"line":84,"column":4},"end":{"line":86,"column":5}},{"start":{},"end":{}}],"line":84},"4":{"loc":{"start":{"line":88,"column":4},"end":{"line":90,"column":5}},"type":"if","locations":[{"start":{"line":88,"column":4},"end":{"line":90,"column":5}},{"start":{},"end":{}}],"line":88},"5":{"loc":{"start":{"line":92,"column":4},"end":{"line":94,"column":5}},"type":"if","locations":[{"start":{"line":92,"column":4},"end":{"line":94,"column":5}},{"start":{},"end":{}}],"line":92},"6":{"loc":{"start":{"line":92,"column":8},"end":{"line":92,"column":84}},"type":"binary-expr","locations":[{"start":{"line":92,"column":8},"end":{"line":92,"column":34}},{"start":{"line":92,"column":38},"end":{"line":92,"column":84}}],"line":92},"7":{"loc":{"start":{"line":114,"column":4},"end":{"line":116,"column":5}},"type":"if","locations":[{"start":{"line":114,"column":4},"end":{"line":116,"column":5}},{"start":{},"end":{}}],"line":114},"8":{"loc":{"start":{"line":119,"column":4},"end":{"line":130,"column":5}},"type":"if","locations":[{"start":{"line":119,"column":4},"end":{"line":130,"column":5}},{"start":{"line":128,"column":11},"end":{"line":130,"column":5}}],"line":119},"9":{"loc":{"start":{"line":178,"column":96},"end":{"line":178,"column":38875}},"type":"binary-expr","locations":[{"start":{"line":178,"column":96},"end":{"line":178,"column":133}},{"start":{"line":178,"column":137},"end":{"line":178,"column":38875}}],"line":178}},"s":{"0":4,"1":4,"2":4,"3":1,"4":1,"5":1,"6":1,"7":1,"8":4,"9":2,"10":2,"11":2,"12":4,"13":0,"14":0,"15":4,"16":0,"17":0,"18":0,"19":4,"20":0,"21":0,"22":4,"23":0,"24":0,"25":4,"26":1,"27":1,"28":1,"29":0,"30":1,"31":1,"32":1,"33":1,"34":1,"35":1,"36":1,"37":1,"38":0,"39":0,"40":4,"41":2,"42":2,"43":2,"44":2,"45":2,"46":0,"47":2,"48":2,"49":0,"50":2,"51":1,"52":1,"53":0,"54":1,"55":1,"56":1,"57":1,"58":1,"59":0,"60":4,"61":1,"62":1,"63":1,"64":1,"65":1,"66":0,"67":1,"68":1,"69":1,"70":1,"71":1,"72":1,"73":1,"74":1,"75":0,"76":0,"77":4,"78":0,"79":0,"80":0,"81":0,"82":4,"83":0,"84":0,"85":0,"86":0,"87":0,"88":0,"89":4,"90":1,"91":1},"f":{"0":1,"1":2,"2":0,"3":0,"4":0,"5":0,"6":1,"7":2,"8":1,"9":0,"10":0,"11":1},"b":{"0":[2,0],"1":[0,1],"2":[0,2],"3":[0,2],"4":[1,1],"5":[0,1],"6":[1,1],"7":[0,1],"8":[1,0],"9":[1,0]},"_coverageSchema":"1a1c01bbd47fc00a2c39e90264f33305004495a9","hash":"3849671fe2f262023f56a7fc46019e791fd26b9e"}
,"C:\\Users\\rfest\\Desktop\\sprint3\\luma\\backend\\src\\controllers\\subscriptionController.js": {"path":"C:\\Users\\rfest\\Desktop\\sprint3\\luma\\backend\\src\\controllers\\subscriptionController.js","statementMap":{"0":{"start":{"line":1,"column":21},"end":{"line":1,"column":59}},"1":{"start":{"line":2,"column":13},"end":{"line":2,"column":43}},"2":{"start":{"line":4,"column":26},"end":{"line":23,"column":1}},"3":{"start":{"line":5,"column":30},"end":{"line":5,"column":38}},"4":{"start":{"line":7,"column":2},"end":{"line":9,"column":3}},"5":{"start":{"line":8,"column":4},"end":{"line":8,"column":76}},"6":{"start":{"line":11,"column":2},"end":{"line":22,"column":3}},"7":{"start":{"line":12,"column":17},"end":{"line":12,"column":49}},"8":{"start":{"line":13,"column":4},"end":{"line":15,"column":5}},"9":{"start":{"line":14,"column":6},"end":{"line":14,"column":65}},"10":{"start":{"line":17,"column":25},"end":{"line":17,"column":78}},"11":{"start":{"line":18,"column":4},"end":{"line":18,"column":47}},"12":{"start":{"line":20,"column":4},"end":{"line":20,"column":64}},"13":{"start":{"line":21,"column":4},"end":{"line":21,"column":63}},"14":{"start":{"line":25,"column":27},"end":{"line":51,"column":1}},"15":{"start":{"line":26,"column":30},"end":{"line":26,"column":38}},"16":{"start":{"line":28,"column":2},"end":{"line":30,"column":3}},"17":{"start":{"line":29,"column":4},"end":{"line":29,"column":76}},"18":{"start":{"line":32,"column":2},"end":{"line":50,"column":3}},"19":{"start":{"line":33,"column":17},"end":{"line":33,"column":49}},"20":{"start":{"line":34,"column":4},"end":{"line":36,"column":5}},"21":{"start":{"line":35,"column":6},"end":{"line":35,"column":65}},"22":{"start":{"line":38,"column":33},"end":{"line":38,"column":86}},"23":{"start":{"line":39,"column":4},"end":{"line":41,"column":5}},"24":{"start":{"line":40,"column":6},"end":{"line":40,"column":91}},"25":{"start":{"line":43,"column":28},"end":{"line":43,"column":71}},"26":{"start":{"line":44,"column":4},"end":{"line":44,"column":33}},"27":{"start":{"line":46,"column":4},"end":{"line":46,"column":65}},"28":{"start":{"line":48,"column":4},"end":{"line":48,"column":58}},"29":{"start":{"line":49,"column":4},"end":{"line":49,"column":63}},"30":{"start":{"line":53,"column":29},"end":{"line":76,"column":1}},"31":{"start":{"line":54,"column":30},"end":{"line":54,"column":38}},"32":{"start":{"line":56,"column":2},"end":{"line":58,"column":3}},"33":{"start":{"line":57,"column":4},"end":{"line":57,"column":76}},"34":{"start":{"line":60,"column":2},"end":{"line":75,"column":3}},"35":{"start":{"line":61,"column":17},"end":{"line":61,"column":49}},"36":{"start":{"line":62,"column":4},"end":{"line":64,"column":5}},"37":{"start":{"line":63,"column":6},"end":{"line":63,"column":65}},"38":{"start":{"line":66,"column":25},"end":{"line":66,"column":87}},"39":{"start":{"line":67,"column":4},"end":{"line":69,"column":5}},"40":{"start":{"line":68,"column":6},"end":{"line":68,"column":73}},"41":{"start":{"line":71,"column":4},"end":{"line":71,"column":55}},"42":{"start":{"line":73,"column":4},"end":{"line":73,"column":60}},"43":{"start":{"line":74,"column":4},"end":{"line":74,"column":63}},"44":{"start":{"line":78,"column":0},"end":{"line":82,"column":2}}},"fnMap":{"0":{"name":"(anonymous_0)","decl":{"start":{"line":4,"column":26},"end":{"line":4,"column":27}},"loc":{"start":{"line":4,"column":46},"end":{"line":23,"column":1}},"line":4},"1":{"name":"(anonymous_1)","decl":{"start":{"line":25,"column":27},"end":{"line":25,"column":28}},"loc":{"start":{"line":25,"column":47},"end":{"line":51,"column":1}},"line":25},"2":{"name":"(anonymous_2)","decl":{"start":{"line":53,"column":29},"end":{"line":53,"column":30}},"loc":{"start":{"line":53,"column":49},"end":{"line":76,"column":1}},"line":53}},"branchMap":{"0":{"loc":{"start":{"line":7,"column":2},"end":{"line":9,"column":3}},"type":"if","locations":[{"start":{"line":7,"column":2},"end":{"line":9,"column":3}},{"start":{},"end":{}}],"line":7},"1":{"loc":{"start":{"line":7,"column":6},"end":{"line":7,"column":25}},"type":"binary-expr","locations":[{"start":{"line":7,"column":6},"end":{"line":7,"column":12}},{"start":{"line":7,"column":16},"end":{"line":7,"column":25}}],"line":7},"2":{"loc":{"start":{"line":13,"column":4},"end":{"line":15,"column":5}},"type":"if","locations":[{"start":{"line":13,"column":4},"end":{"line":15,"column":5}},{"start":{},"end":{}}],"line":13},"3":{"loc":{"start":{"line":28,"column":2},"end":{"line":30,"column":3}},"type":"if","locations":[{"start":{"line":28,"column":2},"end":{"line":30,"column":3}},{"start":{},"end":{}}],"line":28},"4":{"loc":{"start":{"line":28,"column":6},"end":{"line":28,"column":25}},"type":"binary-expr","locations":[{"start":{"line":28,"column":6},"end":{"line":28,"column":12}},{"start":{"line":28,"column":16},"end":{"line":28,"column":25}}],"line":28},"5":{"loc":{"start":{"line":34,"column":4},"end":{"line":36,"column":5}},"type":"if","locations":[{"start":{"line":34,"column":4},"end":{"line":36,"column":5}},{"start":{},"end":{}}],"line":34},"6":{"loc":{"start":{"line":39,"column":4},"end":{"line":41,"column":5}},"type":"if","locations":[{"start":{"line":39,"column":4},"end":{"line":41,"column":5}},{"start":{},"end":{}}],"line":39},"7":{"loc":{"start":{"line":56,"column":2},"end":{"line":58,"column":3}},"type":"if","locations":[{"start":{"line":56,"column":2},"end":{"line":58,"column":3}},{"start":{},"end":{}}],"line":56},"8":{"loc":{"start":{"line":56,"column":6},"end":{"line":56,"column":25}},"type":"binary-expr","locations":[{"start":{"line":56,"column":6},"end":{"line":56,"column":12}},{"start":{"line":56,"column":16},"end":{"line":56,"column":25}}],"line":56},"9":{"loc":{"start":{"line":62,"column":4},"end":{"line":64,"column":5}},"type":"if","locations":[{"start":{"line":62,"column":4},"end":{"line":64,"column":5}},{"start":{},"end":{}}],"line":62},"10":{"loc":{"start":{"line":67,"column":4},"end":{"line":69,"column":5}},"type":"if","locations":[{"start":{"line":67,"column":4},"end":{"line":69,"column":5}},{"start":{},"end":{}}],"line":67}},"s":{"0":4,"1":4,"2":4,"3":0,"4":0,"5":0,"6":0,"7":0,"8":0,"9":0,"10":0,"11":0,"12":0,"13":0,"14":4,"15":0,"16":0,"17":0,"18":0,"19":0,"20":0,"21":0,"22":0,"23":0,"24":0,"25":0,"26":0,"27":0,"28":0,"29":0,"30":4,"31":0,"32":0,"33":0,"34":0,"35":0,"36":0,"37":0,"38":0,"39":0,"40":0,"41":0,"42":0,"43":0,"44":4},"f":{"0":0,"1":0,"2":0},"b":{"0":[0,0],"1":[0,0],"2":[0,0],"3":[0,0],"4":[0,0],"5":[0,0],"6":[0,0],"7":[0,0],"8":[0,0],"9":[0,0],"10":[0,0]},"_coverageSchema":"1a1c01bbd47fc00a2c39e90264f33305004495a9","hash":"5e7df9f4fc046b4b3aabbb8da0b47d0b9863f3a2"}
,"C:\\Users\\rfest\\Desktop\\sprint3\\luma\\backend\\src\\controllers\\userController.js": {"path":"C:\\Users\\rfest\\Desktop\\sprint3\\luma\\backend\\src\\controllers\\userController.js","statementMap":{"0":{"start":{"line":1,"column":13},"end":{"line":1,"column":43}},"1":{"start":{"line":2,"column":15},"end":{"line":2,"column":32}},"2":{"start":{"line":4,"column":0},"end":{"line":43,"column":2}},"3":{"start":{"line":5,"column":82},"end":{"line":5,"column":90}},"4":{"start":{"line":7,"column":2},"end":{"line":42,"column":7}},"5":{"start":{"line":9,"column":6},"end":{"line":11,"column":7}},"6":{"start":{"line":10,"column":8},"end":{"line":10,"column":78}},"7":{"start":{"line":12,"column":6},"end":{"line":12,"column":44}},"8":{"start":{"line":15,"column":6},"end":{"line":17,"column":7}},"9":{"start":{"line":16,"column":8},"end":{"line":16,"column":85}},"10":{"start":{"line":18,"column":6},"end":{"line":18,"column":39}},"11":{"start":{"line":21,"column":19},"end":{"line":29,"column":8}},"12":{"start":{"line":31,"column":6},"end":{"line":31,"column":25}},"13":{"start":{"line":34,"column":6},"end":{"line":34,"column":87}},"14":{"start":{"line":37,"column":6},"end":{"line":41,"column":7}},"15":{"start":{"line":38,"column":8},"end":{"line":38,"column":60}},"16":{"start":{"line":40,"column":8},"end":{"line":40,"column":81}},"17":{"start":{"line":45,"column":0},"end":{"line":53,"column":2}},"18":{"start":{"line":46,"column":2},"end":{"line":52,"column":7}},"19":{"start":{"line":48,"column":6},"end":{"line":48,"column":22}},"20":{"start":{"line":51,"column":6},"end":{"line":51,"column":63}},"21":{"start":{"line":55,"column":0},"end":{"line":68,"column":2}},"22":{"start":{"line":56,"column":17},"end":{"line":56,"column":30}},"23":{"start":{"line":58,"column":2},"end":{"line":67,"column":7}},"24":{"start":{"line":60,"column":6},"end":{"line":62,"column":7}},"25":{"start":{"line":61,"column":8},"end":{"line":61,"column":65}},"26":{"start":{"line":63,"column":6},"end":{"line":63,"column":21}},"27":{"start":{"line":66,"column":6},"end":{"line":66,"column":79}},"28":{"start":{"line":70,"column":0},"end":{"line":84,"column":2}},"29":{"start":{"line":71,"column":17},"end":{"line":71,"column":30}},"30":{"start":{"line":72,"column":65},"end":{"line":72,"column":73}},"31":{"start":{"line":74,"column":2},"end":{"line":83,"column":7}},"32":{"start":{"line":76,"column":6},"end":{"line":78,"column":7}},"33":{"start":{"line":77,"column":8},"end":{"line":77,"column":65}},"34":{"start":{"line":79,"column":6},"end":{"line":79,"column":91}},"35":{"start":{"line":82,"column":6},"end":{"line":82,"column":79}},"36":{"start":{"line":86,"column":0},"end":{"line":99,"column":2}},"37":{"start":{"line":87,"column":17},"end":{"line":87,"column":30}},"38":{"start":{"line":89,"column":2},"end":{"line":98,"column":7}},"39":{"start":{"line":91,"column":6},"end":{"line":93,"column":7}},"40":{"start":{"line":92,"column":8},"end":{"line":92,"column":65}},"41":{"start":{"line":94,"column":6},"end":{"line":94,"column":72}},"42":{"start":{"line":97,"column":6},"end":{"line":97,"column":79}},"43":{"start":{"line":101,"column":0},"end":{"line":116,"column":2}},"44":{"start":{"line":102,"column":17},"end":{"line":102,"column":29}},"45":{"start":{"line":104,"column":2},"end":{"line":115,"column":7}},"46":{"start":{"line":107,"column":6},"end":{"line":109,"column":7}},"47":{"start":{"line":108,"column":8},"end":{"line":108,"column":67}},"48":{"start":{"line":110,"column":6},"end":{"line":110,"column":86}},"49":{"start":{"line":110,"column":72},"end":{"line":110,"column":81}},"50":{"start":{"line":113,"column":6},"end":{"line":113,"column":65}},"51":{"start":{"line":114,"column":6},"end":{"line":114,"column":65}},"52":{"start":{"line":118,"column":0},"end":{"line":137,"column":2}},"53":{"start":{"line":119,"column":17},"end":{"line":119,"column":30}},"54":{"start":{"line":120,"column":32},"end":{"line":120,"column":40}},"55":{"start":{"line":122,"column":2},"end":{"line":136,"column":7}},"56":{"start":{"line":124,"column":6},"end":{"line":126,"column":7}},"57":{"start":{"line":125,"column":8},"end":{"line":125,"column":65}},"58":{"start":{"line":128,"column":6},"end":{"line":128,"column":54}},"59":{"start":{"line":129,"column":6},"end":{"line":129,"column":25}},"60":{"start":{"line":132,"column":6},"end":{"line":132,"column":99}},"61":{"start":{"line":135,"column":6},"end":{"line":135,"column":79}},"62":{"start":{"line":139,"column":0},"end":{"line":152,"column":2}},"63":{"start":{"line":140,"column":17},"end":{"line":140,"column":30}},"64":{"start":{"line":142,"column":2},"end":{"line":151,"column":7}},"65":{"start":{"line":144,"column":6},"end":{"line":146,"column":7}},"66":{"start":{"line":145,"column":8},"end":{"line":145,"column":65}},"67":{"start":{"line":147,"column":6},"end":{"line":147,"column":56}},"68":{"start":{"line":150,"column":6},"end":{"line":150,"column":79}},"69":{"start":{"line":154,"column":0},"end":{"line":173,"column":2}},"70":{"start":{"line":155,"column":17},"end":{"line":155,"column":30}},"71":{"start":{"line":156,"column":29},"end":{"line":156,"column":37}},"72":{"start":{"line":158,"column":2},"end":{"line":172,"column":7}},"73":{"start":{"line":160,"column":6},"end":{"line":162,"column":7}},"74":{"start":{"line":161,"column":8},"end":{"line":161,"column":65}},"75":{"start":{"line":164,"column":6},"end":{"line":164,"column":43}},"76":{"start":{"line":165,"column":6},"end":{"line":165,"column":25}},"77":{"start":{"line":168,"column":6},"end":{"line":168,"column":102}},"78":{"start":{"line":171,"column":6},"end":{"line":171,"column":79}},"79":{"start":{"line":175,"column":0},"end":{"line":194,"column":2}},"80":{"start":{"line":176,"column":17},"end":{"line":176,"column":30}},"81":{"start":{"line":177,"column":22},"end":{"line":177,"column":32}},"82":{"start":{"line":179,"column":2},"end":{"line":193,"column":7}},"83":{"start":{"line":181,"column":6},"end":{"line":183,"column":7}},"84":{"start":{"line":182,"column":8},"end":{"line":182,"column":65}},"85":{"start":{"line":185,"column":6},"end":{"line":185,"column":85}},"86":{"start":{"line":185,"column":61},"end":{"line":185,"column":83}},"87":{"start":{"line":186,"column":6},"end":{"line":186,"column":25}},"88":{"start":{"line":189,"column":6},"end":{"line":189,"column":101}},"89":{"start":{"line":192,"column":6},"end":{"line":192,"column":79}}},"fnMap":{"0":{"name":"(anonymous_0)","decl":{"start":{"line":4,"column":23},"end":{"line":4,"column":24}},"loc":{"start":{"line":4,"column":37},"end":{"line":43,"column":1}},"line":4},"1":{"name":"(anonymous_1)","decl":{"start":{"line":8,"column":10},"end":{"line":8,"column":11}},"loc":{"start":{"line":8,"column":35},"end":{"line":13,"column":5}},"line":8},"2":{"name":"(anonymous_2)","decl":{"start":{"line":14,"column":10},"end":{"line":14,"column":11}},"loc":{"start":{"line":14,"column":35},"end":{"line":19,"column":5}},"line":14},"3":{"name":"(anonymous_3)","decl":{"start":{"line":20,"column":10},"end":{"line":20,"column":11}},"loc":{"start":{"line":20,"column":30},"end":{"line":32,"column":5}},"line":20},"4":{"name":"(anonymous_4)","decl":{"start":{"line":33,"column":10},"end":{"line":33,"column":11}},"loc":{"start":{"line":33,"column":16},"end":{"line":35,"column":5}},"line":33},"5":{"name":"(anonymous_5)","decl":{"start":{"line":36,"column":11},"end":{"line":36,"column":12}},"loc":{"start":{"line":36,"column":20},"end":{"line":42,"column":5}},"line":36},"6":{"name":"(anonymous_6)","decl":{"start":{"line":45,"column":22},"end":{"line":45,"column":23}},"loc":{"start":{"line":45,"column":36},"end":{"line":53,"column":1}},"line":45},"7":{"name":"(anonymous_7)","decl":{"start":{"line":47,"column":10},"end":{"line":47,"column":11}},"loc":{"start":{"line":47,"column":21},"end":{"line":49,"column":5}},"line":47},"8":{"name":"(anonymous_8)","decl":{"start":{"line":50,"column":11},"end":{"line":50,"column":12}},"loc":{"start":{"line":50,"column":20},"end":{"line":52,"column":5}},"line":50},"9":{"name":"(anonymous_9)","decl":{"start":{"line":55,"column":22},"end":{"line":55,"column":23}},"loc":{"start":{"line":55,"column":36},"end":{"line":68,"column":1}},"line":55},"10":{"name":"(anonymous_10)","decl":{"start":{"line":59,"column":10},"end":{"line":59,"column":11}},"loc":{"start":{"line":59,"column":20},"end":{"line":64,"column":5}},"line":59},"11":{"name":"(anonymous_11)","decl":{"start":{"line":65,"column":11},"end":{"line":65,"column":12}},"loc":{"start":{"line":65,"column":20},"end":{"line":67,"column":5}},"line":65},"12":{"name":"(anonymous_12)","decl":{"start":{"line":70,"column":21},"end":{"line":70,"column":22}},"loc":{"start":{"line":70,"column":35},"end":{"line":84,"column":1}},"line":70},"13":{"name":"(anonymous_13)","decl":{"start":{"line":75,"column":10},"end":{"line":75,"column":11}},"loc":{"start":{"line":75,"column":27},"end":{"line":80,"column":5}},"line":75},"14":{"name":"(anonymous_14)","decl":{"start":{"line":81,"column":11},"end":{"line":81,"column":12}},"loc":{"start":{"line":81,"column":20},"end":{"line":83,"column":5}},"line":81},"15":{"name":"(anonymous_15)","decl":{"start":{"line":86,"column":21},"end":{"line":86,"column":22}},"loc":{"start":{"line":86,"column":35},"end":{"line":99,"column":1}},"line":86},"16":{"name":"(anonymous_16)","decl":{"start":{"line":90,"column":10},"end":{"line":90,"column":11}},"loc":{"start":{"line":90,"column":27},"end":{"line":95,"column":5}},"line":90},"17":{"name":"(anonymous_17)","decl":{"start":{"line":96,"column":11},"end":{"line":96,"column":12}},"loc":{"start":{"line":96,"column":20},"end":{"line":98,"column":5}},"line":96},"18":{"name":"(anonymous_18)","decl":{"start":{"line":101,"column":31},"end":{"line":101,"column":32}},"loc":{"start":{"line":101,"column":45},"end":{"line":116,"column":1}},"line":101},"19":{"name":"(anonymous_19)","decl":{"start":{"line":106,"column":10},"end":{"line":106,"column":11}},"loc":{"start":{"line":106,"column":20},"end":{"line":111,"column":5}},"line":106},"20":{"name":"(anonymous_20)","decl":{"start":{"line":110,"column":61},"end":{"line":110,"column":62}},"loc":{"start":{"line":110,"column":72},"end":{"line":110,"column":81}},"line":110},"21":{"name":"(anonymous_21)","decl":{"start":{"line":112,"column":11},"end":{"line":112,"column":12}},"loc":{"start":{"line":112,"column":22},"end":{"line":115,"column":5}},"line":112},"22":{"name":"(anonymous_22)","decl":{"start":{"line":118,"column":27},"end":{"line":118,"column":28}},"loc":{"start":{"line":118,"column":41},"end":{"line":137,"column":1}},"line":118},"23":{"name":"(anonymous_23)","decl":{"start":{"line":123,"column":10},"end":{"line":123,"column":11}},"loc":{"start":{"line":123,"column":20},"end":{"line":130,"column":5}},"line":123},"24":{"name":"(anonymous_24)","decl":{"start":{"line":131,"column":10},"end":{"line":131,"column":11}},"loc":{"start":{"line":131,"column":27},"end":{"line":133,"column":5}},"line":131},"25":{"name":"(anonymous_25)","decl":{"start":{"line":134,"column":11},"end":{"line":134,"column":12}},"loc":{"start":{"line":134,"column":20},"end":{"line":136,"column":5}},"line":134},"26":{"name":"(anonymous_26)","decl":{"start":{"line":139,"column":28},"end":{"line":139,"column":29}},"loc":{"start":{"line":139,"column":42},"end":{"line":152,"column":1}},"line":139},"27":{"name":"(anonymous_27)","decl":{"start":{"line":143,"column":10},"end":{"line":143,"column":11}},"loc":{"start":{"line":143,"column":20},"end":{"line":148,"column":5}},"line":143},"28":{"name":"(anonymous_28)","decl":{"start":{"line":149,"column":11},"end":{"line":149,"column":12}},"loc":{"start":{"line":149,"column":20},"end":{"line":151,"column":5}},"line":149},"29":{"name":"(anonymous_29)","decl":{"start":{"line":154,"column":31},"end":{"line":154,"column":32}},"loc":{"start":{"line":154,"column":45},"end":{"line":173,"column":1}},"line":154},"30":{"name":"(anonymous_30)","decl":{"start":{"line":159,"column":10},"end":{"line":159,"column":11}},"loc":{"start":{"line":159,"column":20},"end":{"line":166,"column":5}},"line":159},"31":{"name":"(anonymous_31)","decl":{"start":{"line":167,"column":10},"end":{"line":167,"column":11}},"loc":{"start":{"line":167,"column":27},"end":{"line":169,"column":5}},"line":167},"32":{"name":"(anonymous_32)","decl":{"start":{"line":170,"column":11},"end":{"line":170,"column":12}},"loc":{"start":{"line":170,"column":20},"end":{"line":172,"column":5}},"line":170},"33":{"name":"(anonymous_33)","decl":{"start":{"line":175,"column":30},"end":{"line":175,"column":31}},"loc":{"start":{"line":175,"column":44},"end":{"line":194,"column":1}},"line":175},"34":{"name":"(anonymous_34)","decl":{"start":{"line":180,"column":10},"end":{"line":180,"column":11}},"loc":{"start":{"line":180,"column":20},"end":{"line":187,"column":5}},"line":180},"35":{"name":"(anonymous_35)","decl":{"start":{"line":185,"column":55},"end":{"line":185,"column":56}},"loc":{"start":{"line":185,"column":61},"end":{"line":185,"column":83}},"line":185},"36":{"name":"(anonymous_36)","decl":{"start":{"line":188,"column":10},"end":{"line":188,"column":11}},"loc":{"start":{"line":188,"column":27},"end":{"line":190,"column":5}},"line":188},"37":{"name":"(anonymous_37)","decl":{"start":{"line":191,"column":11},"end":{"line":191,"column":12}},"loc":{"start":{"line":191,"column":20},"end":{"line":193,"column":5}},"line":191}},"branchMap":{"0":{"loc":{"start":{"line":9,"column":6},"end":{"line":11,"column":7}},"type":"if","locations":[{"start":{"line":9,"column":6},"end":{"line":11,"column":7}},{"start":{},"end":{}}],"line":9},"1":{"loc":{"start":{"line":15,"column":6},"end":{"line":17,"column":7}},"type":"if","locations":[{"start":{"line":15,"column":6},"end":{"line":17,"column":7}},{"start":{},"end":{}}],"line":15},"2":{"loc":{"start":{"line":37,"column":6},"end":{"line":41,"column":7}},"type":"if","locations":[{"start":{"line":37,"column":6},"end":{"line":41,"column":7}},{"start":{"line":39,"column":13},"end":{"line":41,"column":7}}],"line":37},"3":{"loc":{"start":{"line":60,"column":6},"end":{"line":62,"column":7}},"type":"if","locations":[{"start":{"line":60,"column":6},"end":{"line":62,"column":7}},{"start":{},"end":{}}],"line":60},"4":{"loc":{"start":{"line":76,"column":6},"end":{"line":78,"column":7}},"type":"if","locations":[{"start":{"line":76,"column":6},"end":{"line":78,"column":7}},{"start":{},"end":{}}],"line":76},"5":{"loc":{"start":{"line":91,"column":6},"end":{"line":93,"column":7}},"type":"if","locations":[{"start":{"line":91,"column":6},"end":{"line":93,"column":7}},{"start":{},"end":{}}],"line":91},"6":{"loc":{"start":{"line":107,"column":6},"end":{"line":109,"column":7}},"type":"if","locations":[{"start":{"line":107,"column":6},"end":{"line":109,"column":7}},{"start":{},"end":{}}],"line":107},"7":{"loc":{"start":{"line":124,"column":6},"end":{"line":126,"column":7}},"type":"if","locations":[{"start":{"line":124,"column":6},"end":{"line":126,"column":7}},{"start":{},"end":{}}],"line":124},"8":{"loc":{"start":{"line":144,"column":6},"end":{"line":146,"column":7}},"type":"if","locations":[{"start":{"line":144,"column":6},"end":{"line":146,"column":7}},{"start":{},"end":{}}],"line":144},"9":{"loc":{"start":{"line":160,"column":6},"end":{"line":162,"column":7}},"type":"if","locations":[{"start":{"line":160,"column":6},"end":{"line":162,"column":7}},{"start":{},"end":{}}],"line":160},"10":{"loc":{"start":{"line":181,"column":6},"end":{"line":183,"column":7}},"type":"if","locations":[{"start":{"line":181,"column":6},"end":{"line":183,"column":7}},{"start":{},"end":{}}],"line":181}},"s":{"0":4,"1":4,"2":4,"3":4,"4":4,"5":4,"6":1,"7":3,"8":3,"9":1,"10":2,"11":2,"12":2,"13":1,"14":3,"15":2,"16":1,"17":4,"18":2,"19":1,"20":0,"21":4,"22":2,"23":2,"24":2,"25":1,"26":1,"27":0,"28":4,"29":3,"30":3,"31":3,"32":2,"33":1,"34":1,"35":0,"36":4,"37":3,"38":3,"39":2,"40":1,"41":1,"42":0,"43":4,"44":1,"45":1,"46":1,"47":0,"48":1,"49":0,"50":0,"51":0,"52":4,"53":0,"54":0,"55":0,"56":0,"57":0,"58":0,"59":0,"60":0,"61":0,"62":4,"63":0,"64":0,"65":0,"66":0,"67":0,"68":0,"69":4,"70":0,"71":0,"72":0,"73":0,"74":0,"75":0,"76":0,"77":0,"78":0,"79":4,"80":0,"81":0,"82":0,"83":0,"84":0,"85":0,"86":0,"87":0,"88":0,"89":0},"f":{"0":4,"1":4,"2":3,"3":2,"4":1,"5":3,"6":2,"7":1,"8":0,"9":2,"10":2,"11":0,"12":3,"13":2,"14":0,"15":3,"16":2,"17":0,"18":1,"19":1,"20":0,"21":0,"22":0,"23":0,"24":0,"25":0,"26":0,"27":0,"28":0,"29":0,"30":0,"31":0,"32":0,"33":0,"34":0,"35":0,"36":0,"37":0},"b":{"0":[1,3],"1":[1,2],"2":[2,1],"3":[1,1],"4":[1,1],"5":[1,1],"6":[0,1],"7":[0,0],"8":[0,0],"9":[0,0],"10":[0,0]},"_coverageSchema":"1a1c01bbd47fc00a2c39e90264f33305004495a9","hash":"7cfcea842fcdb4840fc17db1d79bf6e082f1299f"}
,"C:\\Users\\rfest\\Desktop\\sprint3\\luma\\backend\\src\\middlewares\\index.js": {"path":"C:\\Users\\rfest\\Desktop\\sprint3\\luma\\backend\\src\\middlewares\\index.js","statementMap":{"0":{"start":{"line":1,"column":18},"end":{"line":1,"column":48}},"1":{"start":{"line":2,"column":24},"end":{"line":2,"column":59}},"2":{"start":{"line":4,"column":22},"end":{"line":30,"column":1}},"3":{"start":{"line":5,"column":24},"end":{"line":5,"column":49}},"4":{"start":{"line":7,"column":2},"end":{"line":9,"column":3}},"5":{"start":{"line":8,"column":4},"end":{"line":8,"column":77}},"6":{"start":{"line":11,"column":16},"end":{"line":11,"column":43}},"7":{"start":{"line":13,"column":2},"end":{"line":29,"column":3}},"8":{"start":{"line":14,"column":25},"end":{"line":14,"column":43}},"9":{"start":{"line":16,"column":17},"end":{"line":16,"column":62}},"10":{"start":{"line":17,"column":4},"end":{"line":19,"column":5}},"11":{"start":{"line":18,"column":6},"end":{"line":18,"column":65}},"12":{"start":{"line":21,"column":4},"end":{"line":21,"column":20}},"13":{"start":{"line":22,"column":4},"end":{"line":22,"column":11}},"14":{"start":{"line":24,"column":4},"end":{"line":28,"column":5}},"15":{"start":{"line":25,"column":6},"end":{"line":25,"column":64}},"16":{"start":{"line":27,"column":6},"end":{"line":27,"column":77}},"17":{"start":{"line":32,"column":24},"end":{"line":37,"column":1}},"18":{"start":{"line":33,"column":2},"end":{"line":35,"column":3}},"19":{"start":{"line":34,"column":4},"end":{"line":34,"column":76}},"20":{"start":{"line":36,"column":2},"end":{"line":36,"column":9}},"21":{"start":{"line":40,"column":22},"end":{"line":43,"column":1}},"22":{"start":{"line":41,"column":18},"end":{"line":41,"column":80}},"23":{"start":{"line":42,"column":2},"end":{"line":42,"column":29}},"24":{"start":{"line":45,"column":21},"end":{"line":49,"column":1}},"25":{"start":{"line":46,"column":22},"end":{"line":46,"column":95}},"26":{"start":{"line":47,"column":18},"end":{"line":47,"column":39}},"27":{"start":{"line":48,"column":2},"end":{"line":48,"column":33}},"28":{"start":{"line":51,"column":22},"end":{"line":53,"column":1}},"29":{"start":{"line":52,"column":2},"end":{"line":52,"column":34}},"30":{"start":{"line":55,"column":22},"end":{"line":58,"column":1}},"31":{"start":{"line":56,"column":22},"end":{"line":56,"column":97}},"32":{"start":{"line":57,"column":2},"end":{"line":57,"column":59}},"33":{"start":{"line":60,"column":25},"end":{"line":67,"column":1}},"34":{"start":{"line":61,"column":22},"end":{"line":61,"column":103}},"35":{"start":{"line":62,"column":2},"end":{"line":66,"column":3}},"36":{"start":{"line":63,"column":4},"end":{"line":63,"column":16}},"37":{"start":{"line":65,"column":4},"end":{"line":65,"column":65}},"38":{"start":{"line":69,"column":22},"end":{"line":90,"column":1}},"39":{"start":{"line":70,"column":22},"end":{"line":70,"column":101}},"40":{"start":{"line":72,"column":21},"end":{"line":72,"column":70}},"41":{"start":{"line":73,"column":24},"end":{"line":73,"column":98}},"42":{"start":{"line":74,"column":18},"end":{"line":74,"column":33}},"43":{"start":{"line":76,"column":2},"end":{"line":89,"column":3}},"44":{"start":{"line":77,"column":4},"end":{"line":77,"column":24}},"45":{"start":{"line":78,"column":9},"end":{"line":89,"column":3}},"46":{"start":{"line":79,"column":23},"end":{"line":79,"column":129}},"47":{"start":{"line":80,"column":4},"end":{"line":85,"column":5}},"48":{"start":{"line":81,"column":6},"end":{"line":81,"column":26}},"49":{"start":{"line":83,"column":6},"end":{"line":83,"column":67}},"50":{"start":{"line":84,"column":6},"end":{"line":84,"column":18}},"51":{"start":{"line":87,"column":4},"end":{"line":87,"column":54}},"52":{"start":{"line":88,"column":4},"end":{"line":88,"column":16}},"53":{"start":{"line":92,"column":30},"end":{"line":124,"column":1}},"54":{"start":{"line":93,"column":22},"end":{"line":93,"column":80}},"55":{"start":{"line":94,"column":77},"end":{"line":94,"column":85}},"56":{"start":{"line":95,"column":22},"end":{"line":95,"column":89}},"57":{"start":{"line":96,"column":22},"end":{"line":96,"column":85}},"58":{"start":{"line":98,"column":2},"end":{"line":100,"column":3}},"59":{"start":{"line":99,"column":4},"end":{"line":99,"column":79}},"60":{"start":{"line":101,"column":2},"end":{"line":103,"column":3}},"61":{"start":{"line":102,"column":4},"end":{"line":102,"column":80}},"62":{"start":{"line":104,"column":2},"end":{"line":110,"column":3}},"63":{"start":{"line":105,"column":4},"end":{"line":105,"column":80}},"64":{"start":{"line":107,"column":4},"end":{"line":109,"column":5}},"65":{"start":{"line":108,"column":6},"end":{"line":108,"column":82}},"66":{"start":{"line":112,"column":2},"end":{"line":114,"column":3}},"67":{"start":{"line":113,"column":4},"end":{"line":113,"column":81}},"68":{"start":{"line":116,"column":2},"end":{"line":118,"column":3}},"69":{"start":{"line":117,"column":4},"end":{"line":117,"column":83}},"70":{"start":{"line":119,"column":2},"end":{"line":121,"column":3}},"71":{"start":{"line":120,"column":4},"end":{"line":120,"column":83}},"72":{"start":{"line":123,"column":2},"end":{"line":123,"column":9}},"73":{"start":{"line":126,"column":25},"end":{"line":129,"column":1}},"74":{"start":{"line":127,"column":18},"end":{"line":127,"column":39}},"75":{"start":{"line":128,"column":2},"end":{"line":128,"column":32}},"76":{"start":{"line":131,"column":28},"end":{"line":135,"column":1}},"77":{"start":{"line":133,"column":4},"end":{"line":133,"column":120}},"78":{"start":{"line":134,"column":2},"end":{"line":134,"column":38}},"79":{"start":{"line":137,"column":25},"end":{"line":140,"column":1}},"80":{"start":{"line":138,"column":18},"end":{"line":138,"column":33}},"81":{"start":{"line":139,"column":2},"end":{"line":139,"column":32}},"82":{"start":{"line":142,"column":29},"end":{"line":192,"column":1}},"83":{"start":{"line":143,"column":82},"end":{"line":143,"column":90}},"84":{"start":{"line":145,"column":2},"end":{"line":147,"column":3}},"85":{"start":{"line":146,"column":4},"end":{"line":146,"column":67}},"86":{"start":{"line":148,"column":2},"end":{"line":150,"column":3}},"87":{"start":{"line":149,"column":4},"end":{"line":149,"column":70}},"88":{"start":{"line":151,"column":2},"end":{"line":153,"column":3}},"89":{"start":{"line":152,"column":4},"end":{"line":152,"column":64}},"90":{"start":{"line":154,"column":2},"end":{"line":156,"column":3}},"91":{"start":{"line":155,"column":4},"end":{"line":155,"column":67}},"92":{"start":{"line":157,"column":2},"end":{"line":159,"column":3}},"93":{"start":{"line":158,"column":4},"end":{"line":158,"column":68}},"94":{"start":{"line":160,"column":2},"end":{"line":162,"column":3}},"95":{"start":{"line":161,"column":4},"end":{"line":161,"column":66}},"96":{"start":{"line":163,"column":2},"end":{"line":165,"column":3}},"97":{"start":{"line":164,"column":4},"end":{"line":164,"column":71}},"98":{"start":{"line":166,"column":2},"end":{"line":168,"column":3}},"99":{"start":{"line":167,"column":4},"end":{"line":167,"column":74}},"100":{"start":{"line":169,"column":2},"end":{"line":171,"column":3}},"101":{"start":{"line":170,"column":4},"end":{"line":170,"column":67}},"102":{"start":{"line":172,"column":2},"end":{"line":174,"column":3}},"103":{"start":{"line":173,"column":4},"end":{"line":173,"column":89}},"104":{"start":{"line":176,"column":22},"end":{"line":176,"column":32}},"105":{"start":{"line":177,"column":24},"end":{"line":177,"column":43}},"106":{"start":{"line":178,"column":16},"end":{"line":178,"column":71}},"107":{"start":{"line":179,"column":20},"end":{"line":179,"column":69}},"108":{"start":{"line":180,"column":2},"end":{"line":182,"column":3}},"109":{"start":{"line":181,"column":4},"end":{"line":181,"column":14}},"110":{"start":{"line":183,"column":2},"end":{"line":185,"column":3}},"111":{"start":{"line":184,"column":4},"end":{"line":184,"column":91}},"112":{"start":{"line":187,"column":29},"end":{"line":187,"column":50}},"113":{"start":{"line":189,"column":2},"end":{"line":189,"column":42}},"114":{"start":{"line":191,"column":2},"end":{"line":191,"column":9}},"115":{"start":{"line":194,"column":19},"end":{"line":200,"column":1}},"116":{"start":{"line":195,"column":15},"end":{"line":195,"column":35}},"117":{"start":{"line":196,"column":15},"end":{"line":196,"column":33}},"118":{"start":{"line":197,"column":16},"end":{"line":197,"column":65}},"119":{"start":{"line":198,"column":14},"end":{"line":198,"column":56}},"120":{"start":{"line":199,"column":2},"end":{"line":199,"column":35}},"121":{"start":{"line":202,"column":0},"end":{"line":207,"column":2}},"122":{"start":{"line":214,"column":85},"end":{"line":214,"column":38887}},"123":{"start":{"line":214,"column":89},"end":{"line":214,"column":38876}}},"fnMap":{"0":{"name":"(anonymous_0)","decl":{"start":{"line":4,"column":22},"end":{"line":4,"column":23}},"loc":{"start":{"line":4,"column":48},"end":{"line":30,"column":1}},"line":4},"1":{"name":"(anonymous_1)","decl":{"start":{"line":32,"column":24},"end":{"line":32,"column":25}},"loc":{"start":{"line":32,"column":44},"end":{"line":37,"column":1}},"line":32},"2":{"name":"(anonymous_2)","decl":{"start":{"line":40,"column":22},"end":{"line":40,"column":23}},"loc":{"start":{"line":40,"column":33},"end":{"line":43,"column":1}},"line":40},"3":{"name":"(anonymous_3)","decl":{"start":{"line":45,"column":21},"end":{"line":45,"column":22}},"loc":{"start":{"line":45,"column":36},"end":{"line":49,"column":1}},"line":45},"4":{"name":"(anonymous_4)","decl":{"start":{"line":51,"column":22},"end":{"line":51,"column":23}},"loc":{"start":{"line":51,"column":38},"end":{"line":53,"column":1}},"line":51},"5":{"name":"(anonymous_5)","decl":{"start":{"line":55,"column":22},"end":{"line":55,"column":23}},"loc":{"start":{"line":55,"column":38},"end":{"line":58,"column":1}},"line":55},"6":{"name":"(anonymous_6)","decl":{"start":{"line":60,"column":25},"end":{"line":60,"column":26}},"loc":{"start":{"line":60,"column":44},"end":{"line":67,"column":1}},"line":60},"7":{"name":"(anonymous_7)","decl":{"start":{"line":69,"column":22},"end":{"line":69,"column":23}},"loc":{"start":{"line":69,"column":40},"end":{"line":90,"column":1}},"line":69},"8":{"name":"(anonymous_8)","decl":{"start":{"line":92,"column":30},"end":{"line":92,"column":31}},"loc":{"start":{"line":92,"column":50},"end":{"line":124,"column":1}},"line":92},"9":{"name":"(anonymous_9)","decl":{"start":{"line":126,"column":25},"end":{"line":126,"column":26}},"loc":{"start":{"line":126,"column":39},"end":{"line":129,"column":1}},"line":126},"10":{"name":"(anonymous_10)","decl":{"start":{"line":131,"column":28},"end":{"line":131,"column":29}},"loc":{"start":{"line":131,"column":45},"end":{"line":135,"column":1}},"line":131},"11":{"name":"(anonymous_11)","decl":{"start":{"line":137,"column":25},"end":{"line":137,"column":26}},"loc":{"start":{"line":137,"column":39},"end":{"line":140,"column":1}},"line":137},"12":{"name":"(anonymous_12)","decl":{"start":{"line":142,"column":29},"end":{"line":142,"column":30}},"loc":{"start":{"line":142,"column":49},"end":{"line":192,"column":1}},"line":142},"13":{"name":"(anonymous_13)","decl":{"start":{"line":194,"column":19},"end":{"line":194,"column":20}},"loc":{"start":{"line":194,"column":35},"end":{"line":200,"column":1}},"line":194},"14":{"name":"oo_cm","decl":{"start":{"line":214,"column":77},"end":{"line":214,"column":82}},"loc":{"start":{"line":214,"column":84},"end":{"line":214,"column":38888}},"line":214}},"branchMap":{"0":{"loc":{"start":{"line":7,"column":2},"end":{"line":9,"column":3}},"type":"if","locations":[{"start":{"line":7,"column":2},"end":{"line":9,"column":3}},{"start":{},"end":{}}],"line":7},"1":{"loc":{"start":{"line":17,"column":4},"end":{"line":19,"column":5}},"type":"if","locations":[{"start":{"line":17,"column":4},"end":{"line":19,"column":5}},{"start":{},"end":{}}],"line":17},"2":{"loc":{"start":{"line":24,"column":4},"end":{"line":28,"column":5}},"type":"if","locations":[{"start":{"line":24,"column":4},"end":{"line":28,"column":5}},{"start":{"line":26,"column":11},"end":{"line":28,"column":5}}],"line":24},"3":{"loc":{"start":{"line":33,"column":2},"end":{"line":35,"column":3}},"type":"if","locations":[{"start":{"line":33,"column":2},"end":{"line":35,"column":3}},{"start":{},"end":{}}],"line":33},"4":{"loc":{"start":{"line":57,"column":9},"end":{"line":57,"column":58}},"type":"binary-expr","locations":[{"start":{"line":57,"column":9},"end":{"line":57,"column":27}},{"start":{"line":57,"column":31},"end":{"line":57,"column":58}}],"line":57},"5":{"loc":{"start":{"line":62,"column":2},"end":{"line":66,"column":3}},"type":"if","locations":[{"start":{"line":62,"column":2},"end":{"line":66,"column":3}},{"start":{"line":64,"column":9},"end":{"line":66,"column":3}}],"line":62},"6":{"loc":{"start":{"line":65,"column":11},"end":{"line":65,"column":64}},"type":"binary-expr","locations":[{"start":{"line":65,"column":11},"end":{"line":65,"column":32}},{"start":{"line":65,"column":36},"end":{"line":65,"column":64}}],"line":65},"7":{"loc":{"start":{"line":76,"column":2},"end":{"line":89,"column":3}},"type":"if","locations":[{"start":{"line":76,"column":2},"end":{"line":89,"column":3}},{"start":{"line":78,"column":9},"end":{"line":89,"column":3}}],"line":76},"8":{"loc":{"start":{"line":78,"column":9},"end":{"line":89,"column":3}},"type":"if","locations":[{"start":{"line":78,"column":9},"end":{"line":89,"column":3}},{"start":{"line":86,"column":9},"end":{"line":89,"column":3}}],"line":78},"9":{"loc":{"start":{"line":79,"column":56},"end":{"line":79,"column":128}},"type":"cond-expr","locations":[{"start":{"line":79,"column":88},"end":{"line":79,"column":89}},{"start":{"line":79,"column":92},"end":{"line":79,"column":128}}],"line":79},"10":{"loc":{"start":{"line":79,"column":92},"end":{"line":79,"column":128}},"type":"cond-expr","locations":[{"start":{"line":79,"column":123},"end":{"line":79,"column":124}},{"start":{"line":79,"column":127},"end":{"line":79,"column":128}}],"line":79},"11":{"loc":{"start":{"line":80,"column":4},"end":{"line":85,"column":5}},"type":"if","locations":[{"start":{"line":80,"column":4},"end":{"line":85,"column":5}},{"start":{"line":82,"column":11},"end":{"line":85,"column":5}}],"line":80},"12":{"loc":{"start":{"line":98,"column":2},"end":{"line":100,"column":3}},"type":"if","locations":[{"start":{"line":98,"column":2},"end":{"line":100,"column":3}},{"start":{},"end":{}}],"line":98},"13":{"loc":{"start":{"line":98,"column":6},"end":{"line":98,"column":44}},"type":"binary-expr","locations":[{"start":{"line":98,"column":6},"end":{"line":98,"column":16}},{"start":{"line":98,"column":20},"end":{"line":98,"column":44}}],"line":98},"14":{"loc":{"start":{"line":101,"column":2},"end":{"line":103,"column":3}},"type":"if","locations":[{"start":{"line":101,"column":2},"end":{"line":103,"column":3}},{"start":{},"end":{}}],"line":101},"15":{"loc":{"start":{"line":101,"column":6},"end":{"line":101,"column":47}},"type":"binary-expr","locations":[{"start":{"line":101,"column":6},"end":{"line":101,"column":17}},{"start":{"line":101,"column":21},"end":{"line":101,"column":47}}],"line":101},"16":{"loc":{"start":{"line":104,"column":2},"end":{"line":110,"column":3}},"type":"if","locations":[{"start":{"line":104,"column":2},"end":{"line":110,"column":3}},{"start":{"line":106,"column":9},"end":{"line":110,"column":3}}],"line":104},"17":{"loc":{"start":{"line":104,"column":6},"end":{"line":104,"column":53}},"type":"binary-expr","locations":[{"start":{"line":104,"column":6},"end":{"line":104,"column":30}},{"start":{"line":104,"column":34},"end":{"line":104,"column":53}}],"line":104},"18":{"loc":{"start":{"line":107,"column":4},"end":{"line":109,"column":5}},"type":"if","locations":[{"start":{"line":107,"column":4},"end":{"line":109,"column":5}},{"start":{},"end":{}}],"line":107},"19":{"loc":{"start":{"line":112,"column":2},"end":{"line":114,"column":3}},"type":"if","locations":[{"start":{"line":112,"column":2},"end":{"line":114,"column":3}},{"start":{},"end":{}}],"line":112},"20":{"loc":{"start":{"line":112,"column":6},"end":{"line":112,"column":51}},"type":"binary-expr","locations":[{"start":{"line":112,"column":6},"end":{"line":112,"column":19}},{"start":{"line":112,"column":23},"end":{"line":112,"column":51}}],"line":112},"21":{"loc":{"start":{"line":116,"column":2},"end":{"line":118,"column":3}},"type":"if","locations":[{"start":{"line":116,"column":2},"end":{"line":118,"column":3}},{"start":{},"end":{}}],"line":116},"22":{"loc":{"start":{"line":116,"column":6},"end":{"line":116,"column":59}},"type":"binary-expr","locations":[{"start":{"line":116,"column":6},"end":{"line":116,"column":33}},{"start":{"line":116,"column":37},"end":{"line":116,"column":59}}],"line":116},"23":{"loc":{"start":{"line":119,"column":2},"end":{"line":121,"column":3}},"type":"if","locations":[{"start":{"line":119,"column":2},"end":{"line":121,"column":3}},{"start":{},"end":{}}],"line":119},"24":{"loc":{"start":{"line":145,"column":2},"end":{"line":147,"column":3}},"type":"if","locations":[{"start":{"line":145,"column":2},"end":{"line":147,"column":3}},{"start":{},"end":{}}],"line":145},"25":{"loc":{"start":{"line":148,"column":2},"end":{"line":150,"column":3}},"type":"if","locations":[{"start":{"line":148,"column":2},"end":{"line":150,"column":3}},{"start":{},"end":{}}],"line":148},"26":{"loc":{"start":{"line":151,"column":2},"end":{"line":153,"column":3}},"type":"if","locations":[{"start":{"line":151,"column":2},"end":{"line":153,"column":3}},{"start":{},"end":{}}],"line":151},"27":{"loc":{"start":{"line":154,"column":2},"end":{"line":156,"column":3}},"type":"if","locations":[{"start":{"line":154,"column":2},"end":{"line":156,"column":3}},{"start":{},"end":{}}],"line":154},"28":{"loc":{"start":{"line":157,"column":2},"end":{"line":159,"column":3}},"type":"if","locations":[{"start":{"line":157,"column":2},"end":{"line":159,"column":3}},{"start":{},"end":{}}],"line":157},"29":{"loc":{"start":{"line":160,"column":2},"end":{"line":162,"column":3}},"type":"if","locations":[{"start":{"line":160,"column":2},"end":{"line":162,"column":3}},{"start":{},"end":{}}],"line":160},"30":{"loc":{"start":{"line":163,"column":2},"end":{"line":165,"column":3}},"type":"if","locations":[{"start":{"line":163,"column":2},"end":{"line":165,"column":3}},{"start":{},"end":{}}],"line":163},"31":{"loc":{"start":{"line":166,"column":2},"end":{"line":168,"column":3}},"type":"if","locations":[{"start":{"line":166,"column":2},"end":{"line":168,"column":3}},{"start":{},"end":{}}],"line":166},"32":{"loc":{"start":{"line":169,"column":2},"end":{"line":171,"column":3}},"type":"if","locations":[{"start":{"line":169,"column":2},"end":{"line":171,"column":3}},{"start":{},"end":{}}],"line":169},"33":{"loc":{"start":{"line":172,"column":2},"end":{"line":174,"column":3}},"type":"if","locations":[{"start":{"line":172,"column":2},"end":{"line":174,"column":3}},{"start":{},"end":{}}],"line":172},"34":{"loc":{"start":{"line":180,"column":2},"end":{"line":182,"column":3}},"type":"if","locations":[{"start":{"line":180,"column":2},"end":{"line":182,"column":3}},{"start":{},"end":{}}],"line":180},"35":{"loc":{"start":{"line":180,"column":6},"end":{"line":180,"column":91}},"type":"binary-expr","locations":[{"start":{"line":180,"column":6},"end":{"line":180,"column":19}},{"start":{"line":180,"column":24},"end":{"line":180,"column":39}},{"start":{"line":180,"column":43},"end":{"line":180,"column":90}}],"line":180},"36":{"loc":{"start":{"line":183,"column":2},"end":{"line":185,"column":3}},"type":"if","locations":[{"start":{"line":183,"column":2},"end":{"line":185,"column":3}},{"start":{},"end":{}}],"line":183},"37":{"loc":{"start":{"line":214,"column":96},"end":{"line":214,"column":38875}},"type":"binary-expr","locations":[{"start":{"line":214,"column":96},"end":{"line":214,"column":133}},{"start":{"line":214,"column":137},"end":{"line":214,"column":38875}}],"line":214}},"s":{"0":4,"1":4,"2":4,"3":27,"4":27,"5":0,"6":27,"7":27,"8":27,"9":27,"10":25,"11":0,"12":25,"13":25,"14":2,"15":0,"16":2,"17":4,"18":15,"19":0,"20":15,"21":4,"22":4,"23":4,"24":4,"25":1,"26":1,"27":1,"28":4,"29":1,"30":4,"31":1,"32":1,"33":4,"34":1,"35":1,"36":0,"37":1,"38":4,"39":1,"40":1,"41":1,"42":1,"43":1,"44":1,"45":0,"46":0,"47":0,"48":0,"49":0,"50":0,"51":0,"52":0,"53":4,"54":1,"55":1,"56":1,"57":1,"58":1,"59":0,"60":1,"61":0,"62":1,"63":0,"64":1,"65":0,"66":1,"67":0,"68":1,"69":0,"70":1,"71":0,"72":1,"73":4,"74":4,"75":4,"76":4,"77":4,"78":4,"79":4,"80":4,"81":4,"82":4,"83":4,"84":4,"85":0,"86":4,"87":0,"88":4,"89":0,"90":4,"91":0,"92":4,"93":0,"94":4,"95":0,"96":4,"97":0,"98":4,"99":0,"100":4,"101":0,"102":4,"103":0,"104":4,"105":4,"106":4,"107":4,"108":4,"109":0,"110":4,"111":0,"112":4,"113":4,"114":4,"115":4,"116":4,"117":4,"118":4,"119":4,"120":4,"121":4,"122":7,"123":7},"f":{"0":27,"1":15,"2":4,"3":1,"4":1,"5":1,"6":1,"7":1,"8":1,"9":4,"10":4,"11":4,"12":4,"13":4,"14":7},"b":{"0":[0,27],"1":[0,25],"2":[0,2],"3":[0,15],"4":[1,1],"5":[0,1],"6":[1,1],"7":[1,0],"8":[0,0],"9":[0,0],"10":[0,0],"11":[0,0],"12":[0,1],"13":[1,1],"14":[0,1],"15":[1,1],"16":[0,1],"17":[1,1],"18":[0,1],"19":[0,1],"20":[1,1],"21":[0,1],"22":[1,1],"23":[0,1],"24":[0,4],"25":[0,4],"26":[0,4],"27":[0,4],"28":[0,4],"29":[0,4],"30":[0,4],"31":[0,4],"32":[0,4],"33":[0,4],"34":[0,4],"35":[4,4,0],"36":[0,4],"37":[7,0]},"_coverageSchema":"1a1c01bbd47fc00a2c39e90264f33305004495a9","hash":"17cbc9274c20d2fa6a01d9b5b8de0d118a6c82b7"}
,"C:\\Users\\rfest\\Desktop\\sprint3\\luma\\backend\\src\\models\\cityModel.js": {"path":"C:\\Users\\rfest\\Desktop\\sprint3\\luma\\backend\\src\\models\\cityModel.js","statementMap":{"0":{"start":{"line":1,"column":17},"end":{"line":1,"column":36}},"1":{"start":{"line":2,"column":15},"end":{"line":2,"column":30}},"2":{"start":{"line":4,"column":19},"end":{"line":8,"column":2}},"3":{"start":{"line":10,"column":13},"end":{"line":10,"column":47}},"4":{"start":{"line":12,"column":0},"end":{"line":12,"column":22}}},"fnMap":{},"branchMap":{},"s":{"0":4,"1":4,"2":4,"3":4,"4":4},"f":{},"b":{},"_coverageSchema":"1a1c01bbd47fc00a2c39e90264f33305004495a9","hash":"74a07a07a05a8b1a6ff390d6520a23bbf07e54ad"}
,"C:\\Users\\rfest\\Desktop\\sprint3\\luma\\backend\\src\\models\\eventModel.js": {"path":"C:\\Users\\rfest\\Desktop\\sprint3\\luma\\backend\\src\\models\\eventModel.js","statementMap":{"0":{"start":{"line":1,"column":17},"end":{"line":1,"column":36}},"1":{"start":{"line":2,"column":15},"end":{"line":2,"column":30}},"2":{"start":{"line":4,"column":20},"end":{"line":23,"column":2}},"3":{"start":{"line":25,"column":14},"end":{"line":25,"column":50}},"4":{"start":{"line":27,"column":0},"end":{"line":27,"column":23}}},"fnMap":{},"branchMap":{},"s":{"0":4,"1":4,"2":4,"3":4,"4":4},"f":{},"b":{},"_coverageSchema":"1a1c01bbd47fc00a2c39e90264f33305004495a9","hash":"df815959bca995ae9fd3a5df3bbd3cc51df0f33a"}
,"C:\\Users\\rfest\\Desktop\\sprint3\\luma\\backend\\src\\models\\subscriptionModel.js": {"path":"C:\\Users\\rfest\\Desktop\\sprint3\\luma\\backend\\src\\models\\subscriptionModel.js","statementMap":{"0":{"start":{"line":1,"column":17},"end":{"line":1,"column":36}},"1":{"start":{"line":2,"column":15},"end":{"line":2,"column":30}},"2":{"start":{"line":4,"column":27},"end":{"line":8,"column":2}},"3":{"start":{"line":10,"column":21},"end":{"line":10,"column":71}},"4":{"start":{"line":12,"column":0},"end":{"line":12,"column":30}}},"fnMap":{},"branchMap":{},"s":{"0":4,"1":4,"2":4,"3":4,"4":4},"f":{},"b":{},"_coverageSchema":"1a1c01bbd47fc00a2c39e90264f33305004495a9","hash":"8e0665c9887d296cfb714fe432ac5ac17838cf50"}
,"C:\\Users\\rfest\\Desktop\\sprint3\\luma\\backend\\src\\models\\userModel.js": {"path":"C:\\Users\\rfest\\Desktop\\sprint3\\luma\\backend\\src\\models\\userModel.js","statementMap":{"0":{"start":{"line":1,"column":17},"end":{"line":1,"column":36}},"1":{"start":{"line":3,"column":19},"end":{"line":16,"column":2}},"2":{"start":{"line":18,"column":0},"end":{"line":18,"column":52}}},"fnMap":{},"branchMap":{},"s":{"0":4,"1":4,"2":4},"f":{},"b":{},"_coverageSchema":"1a1c01bbd47fc00a2c39e90264f33305004495a9","hash":"f9d7b5862ce6007c0df2b5e7e0a652efa7713d32"}
,"C:\\Users\\rfest\\Desktop\\sprint3\\luma\\backend\\src\\routers\\authRouter.js": {"path":"C:\\Users\\rfest\\Desktop\\sprint3\\luma\\backend\\src\\routers\\authRouter.js","statementMap":{"0":{"start":{"line":1,"column":16},"end":{"line":1,"column":34}},"1":{"start":{"line":2,"column":13},"end":{"line":2,"column":43}},"2":{"start":{"line":3,"column":19},"end":{"line":3,"column":35}},"3":{"start":{"line":4,"column":15},"end":{"line":4,"column":32}},"4":{"start":{"line":5,"column":24},"end":{"line":5,"column":59}},"5":{"start":{"line":7,"column":0},"end":{"line":40,"column":3}},"6":{"start":{"line":8,"column":44},"end":{"line":8,"column":52}},"7":{"start":{"line":10,"column":2},"end":{"line":12,"column":3}},"8":{"start":{"line":11,"column":4},"end":{"line":11,"column":88}},"9":{"start":{"line":14,"column":2},"end":{"line":39,"column":7}},"10":{"start":{"line":18,"column":6},"end":{"line":20,"column":7}},"11":{"start":{"line":19,"column":8},"end":{"line":19,"column":72}},"12":{"start":{"line":22,"column":6},"end":{"line":30,"column":9}},"13":{"start":{"line":23,"column":8},"end":{"line":25,"column":9}},"14":{"start":{"line":24,"column":10},"end":{"line":24,"column":62}},"15":{"start":{"line":27,"column":22},"end":{"line":27,"column":39}},"16":{"start":{"line":29,"column":8},"end":{"line":29,"column":46}},"17":{"start":{"line":33,"column":6},"end":{"line":38,"column":7}},"18":{"start":{"line":34,"column":8},"end":{"line":34,"column":60}},"19":{"start":{"line":36,"column":8},"end":{"line":36,"column":44}},"20":{"start":{"line":37,"column":8},"end":{"line":37,"column":81}},"21":{"start":{"line":42,"column":0},"end":{"line":42,"column":28}}},"fnMap":{"0":{"name":"(anonymous_0)","decl":{"start":{"line":7,"column":26},"end":{"line":7,"column":27}},"loc":{"start":{"line":7,"column":46},"end":{"line":40,"column":1}},"line":7},"1":{"name":"(anonymous_1)","decl":{"start":{"line":17,"column":10},"end":{"line":17,"column":11}},"loc":{"start":{"line":17,"column":20},"end":{"line":31,"column":5}},"line":17},"2":{"name":"(anonymous_2)","decl":{"start":{"line":22,"column":58},"end":{"line":22,"column":59}},"loc":{"start":{"line":22,"column":77},"end":{"line":30,"column":7}},"line":22},"3":{"name":"(anonymous_3)","decl":{"start":{"line":32,"column":11},"end":{"line":32,"column":12}},"loc":{"start":{"line":32,"column":20},"end":{"line":39,"column":5}},"line":32}},"branchMap":{"0":{"loc":{"start":{"line":10,"column":2},"end":{"line":12,"column":3}},"type":"if","locations":[{"start":{"line":10,"column":2},"end":{"line":12,"column":3}},{"start":{},"end":{}}],"line":10},"1":{"loc":{"start":{"line":10,"column":6},"end":{"line":10,"column":29}},"type":"binary-expr","locations":[{"start":{"line":10,"column":6},"end":{"line":10,"column":12}},{"start":{"line":10,"column":16},"end":{"line":10,"column":29}}],"line":10},"2":{"loc":{"start":{"line":18,"column":6},"end":{"line":20,"column":7}},"type":"if","locations":[{"start":{"line":18,"column":6},"end":{"line":20,"column":7}},{"start":{},"end":{}}],"line":18},"3":{"loc":{"start":{"line":23,"column":8},"end":{"line":25,"column":9}},"type":"if","locations":[{"start":{"line":23,"column":8},"end":{"line":25,"column":9}},{"start":{},"end":{}}],"line":23},"4":{"loc":{"start":{"line":33,"column":6},"end":{"line":38,"column":7}},"type":"if","locations":[{"start":{"line":33,"column":6},"end":{"line":38,"column":7}},{"start":{"line":35,"column":13},"end":{"line":38,"column":7}}],"line":33}},"s":{"0":4,"1":4,"2":4,"3":4,"4":4,"5":4,"6":4,"7":4,"8":1,"9":3,"10":3,"11":1,"12":2,"13":2,"14":1,"15":1,"16":1,"17":2,"18":2,"19":0,"20":0,"21":4},"f":{"0":4,"1":3,"2":2,"3":2},"b":{"0":[1,3],"1":[4,1],"2":[1,2],"3":[1,1],"4":[2,0]},"_coverageSchema":"1a1c01bbd47fc00a2c39e90264f33305004495a9","hash":"3687e72073fa9477a1103a00165d6a4820327841"}
,"C:\\Users\\rfest\\Desktop\\sprint3\\luma\\backend\\src\\routers\\cityRouter.js": {"path":"C:\\Users\\rfest\\Desktop\\sprint3\\luma\\backend\\src\\routers\\cityRouter.js","statementMap":{"0":{"start":{"line":1,"column":16},"end":{"line":1,"column":34}},"1":{"start":{"line":2,"column":23},"end":{"line":2,"column":63}},"2":{"start":{"line":3,"column":43},"end":{"line":3,"column":74}},"3":{"start":{"line":5,"column":19},"end":{"line":5,"column":35}},"4":{"start":{"line":7,"column":0},"end":{"line":7,"column":46}},"5":{"start":{"line":8,"column":0},"end":{"line":8,"column":47}},"6":{"start":{"line":9,"column":0},"end":{"line":9,"column":80}},"7":{"start":{"line":10,"column":0},"end":{"line":10,"column":82}},"8":{"start":{"line":11,"column":0},"end":{"line":11,"column":83}},"9":{"start":{"line":12,"column":0},"end":{"line":12,"column":85}},"10":{"start":{"line":14,"column":0},"end":{"line":14,"column":28}}},"fnMap":{},"branchMap":{},"s":{"0":4,"1":4,"2":4,"3":4,"4":4,"5":4,"6":4,"7":4,"8":4,"9":4,"10":4},"f":{},"b":{},"_coverageSchema":"1a1c01bbd47fc00a2c39e90264f33305004495a9","hash":"7ee7940229b27f0d8cf33c487fd54b08250a0239"}
,"C:\\Users\\rfest\\Desktop\\sprint3\\luma\\backend\\src\\routers\\eventRouter.js": {"path":"C:\\Users\\rfest\\Desktop\\sprint3\\luma\\backend\\src\\routers\\eventRouter.js","statementMap":{"0":{"start":{"line":1,"column":16},"end":{"line":1,"column":34}},"1":{"start":{"line":2,"column":24},"end":{"line":2,"column":65}},"2":{"start":{"line":3,"column":49},"end":{"line":3,"column":80}},"3":{"start":{"line":5,"column":20},"end":{"line":5,"column":36}},"4":{"start":{"line":7,"column":0},"end":{"line":7,"column":84}},"5":{"start":{"line":8,"column":0},"end":{"line":8,"column":48}},"6":{"start":{"line":9,"column":0},"end":{"line":9,"column":50}},"7":{"start":{"line":10,"column":0},"end":{"line":10,"column":82}},"8":{"start":{"line":11,"column":0},"end":{"line":11,"column":89}},"9":{"start":{"line":12,"column":0},"end":{"line":12,"column":68}},"10":{"start":{"line":13,"column":0},"end":{"line":13,"column":69}},"11":{"start":{"line":14,"column":0},"end":{"line":14,"column":71}},"12":{"start":{"line":15,"column":0},"end":{"line":15,"column":89}},"13":{"start":{"line":16,"column":0},"end":{"line":16,"column":95}},"14":{"start":{"line":18,"column":0},"end":{"line":18,"column":29}}},"fnMap":{},"branchMap":{},"s":{"0":4,"1":4,"2":4,"3":4,"4":4,"5":4,"6":4,"7":4,"8":4,"9":4,"10":4,"11":4,"12":4,"13":4,"14":4},"f":{},"b":{},"_coverageSchema":"1a1c01bbd47fc00a2c39e90264f33305004495a9","hash":"18ac23f9995254257719969bd3d5ec67ef669af1"}
,"C:\\Users\\rfest\\Desktop\\sprint3\\luma\\backend\\src\\routers\\index.js": {"path":"C:\\Users\\rfest\\Desktop\\sprint3\\luma\\backend\\src\\routers\\index.js","statementMap":{"0":{"start":{"line":1,"column":16},"end":{"line":1,"column":34}},"1":{"start":{"line":3,"column":20},"end":{"line":3,"column":44}},"2":{"start":{"line":4,"column":19},"end":{"line":4,"column":42}},"3":{"start":{"line":5,"column":19},"end":{"line":5,"column":42}},"4":{"start":{"line":6,"column":19},"end":{"line":6,"column":42}},"5":{"start":{"line":7,"column":27},"end":{"line":7,"column":58}},"6":{"start":{"line":9,"column":19},"end":{"line":9,"column":35}},"7":{"start":{"line":11,"column":0},"end":{"line":11,"column":39}},"8":{"start":{"line":12,"column":0},"end":{"line":12,"column":36}},"9":{"start":{"line":13,"column":0},"end":{"line":13,"column":36}},"10":{"start":{"line":14,"column":0},"end":{"line":14,"column":36}},"11":{"start":{"line":15,"column":0},"end":{"line":15,"column":52}},"12":{"start":{"line":17,"column":0},"end":{"line":17,"column":28}}},"fnMap":{},"branchMap":{},"s":{"0":4,"1":4,"2":4,"3":4,"4":4,"5":4,"6":4,"7":4,"8":4,"9":4,"10":4,"11":4,"12":4},"f":{},"b":{},"_coverageSchema":"1a1c01bbd47fc00a2c39e90264f33305004495a9","hash":"8e60bb876272576e191c75554eff703678ba09f4"}
,"C:\\Users\\rfest\\Desktop\\sprint3\\luma\\backend\\src\\routers\\subscriptionRouter.js": {"path":"C:\\Users\\rfest\\Desktop\\sprint3\\luma\\backend\\src\\routers\\subscriptionRouter.js","statementMap":{"0":{"start":{"line":1,"column":16},"end":{"line":1,"column":34}},"1":{"start":{"line":2,"column":72},"end":{"line":2,"column":120}},"2":{"start":{"line":4,"column":27},"end":{"line":4,"column":43}},"3":{"start":{"line":6,"column":0},"end":{"line":6,"column":53}},"4":{"start":{"line":7,"column":0},"end":{"line":7,"column":58}},"5":{"start":{"line":8,"column":0},"end":{"line":8,"column":62}},"6":{"start":{"line":10,"column":0},"end":{"line":10,"column":36}}},"fnMap":{},"branchMap":{},"s":{"0":4,"1":4,"2":4,"3":4,"4":4,"5":4,"6":4},"f":{},"b":{},"_coverageSchema":"1a1c01bbd47fc00a2c39e90264f33305004495a9","hash":"3cbbe2314d0d4c2238d9a0d39b614106a48cdfe2"}
,"C:\\Users\\rfest\\Desktop\\sprint3\\luma\\backend\\src\\routers\\userRouter.js": {"path":"C:\\Users\\rfest\\Desktop\\sprint3\\luma\\backend\\src\\routers\\userRouter.js","statementMap":{"0":{"start":{"line":1,"column":16},"end":{"line":1,"column":34}},"1":{"start":{"line":2,"column":19},"end":{"line":2,"column":35}},"2":{"start":{"line":3,"column":23},"end":{"line":3,"column":63}},"3":{"start":{"line":4,"column":65},"end":{"line":4,"column":96}},"4":{"start":{"line":6,"column":0},"end":{"line":6,"column":80}},"5":{"start":{"line":7,"column":0},"end":{"line":7,"column":89}},"6":{"start":{"line":8,"column":0},"end":{"line":8,"column":85}},"7":{"start":{"line":9,"column":0},"end":{"line":9,"column":80}},"8":{"start":{"line":10,"column":0},"end":{"line":10,"column":66}},"9":{"start":{"line":11,"column":0},"end":{"line":11,"column":65}},"10":{"start":{"line":12,"column":0},"end":{"line":12,"column":85}},"11":{"start":{"line":14,"column":0},"end":{"line":14,"column":87}},"12":{"start":{"line":15,"column":0},"end":{"line":15,"column":87}},"13":{"start":{"line":16,"column":0},"end":{"line":16,"column":90}},"14":{"start":{"line":17,"column":0},"end":{"line":17,"column":101}},"15":{"start":{"line":19,"column":0},"end":{"line":19,"column":28}}},"fnMap":{},"branchMap":{},"s":{"0":4,"1":4,"2":4,"3":4,"4":4,"5":4,"6":4,"7":4,"8":4,"9":4,"10":4,"11":4,"12":4,"13":4,"14":4,"15":4},"f":{},"b":{},"_coverageSchema":"1a1c01bbd47fc00a2c39e90264f33305004495a9","hash":"dbe0b1a046db85e86366bc468e35ec2581e70d7a"}
,"C:\\Users\\rfest\\Desktop\\sprint3\\luma\\backend\\src\\services\\auth.service.js": {"path":"C:\\Users\\rfest\\Desktop\\sprint3\\luma\\backend\\src\\services\\auth.service.js","statementMap":{"0":{"start":{"line":1,"column":0},"end":{"line":1,"column":27}},"1":{"start":{"line":3,"column":12},"end":{"line":3,"column":35}},"2":{"start":{"line":5,"column":20},"end":{"line":18,"column":1}},"3":{"start":{"line":6,"column":2},"end":{"line":17,"column":4}},"4":{"start":{"line":20,"column":20},"end":{"line":26,"column":1}},"5":{"start":{"line":21,"column":2},"end":{"line":25,"column":3}},"6":{"start":{"line":22,"column":4},"end":{"line":22,"column":90}},"7":{"start":{"line":24,"column":4},"end":{"line":24,"column":37}},"8":{"start":{"line":28,"column":0},"end":{"line":31,"column":2}}},"fnMap":{"0":{"name":"(anonymous_0)","decl":{"start":{"line":5,"column":20},"end":{"line":5,"column":21}},"loc":{"start":{"line":5,"column":30},"end":{"line":18,"column":1}},"line":5},"1":{"name":"(anonymous_1)","decl":{"start":{"line":20,"column":20},"end":{"line":20,"column":21}},"loc":{"start":{"line":20,"column":31},"end":{"line":26,"column":1}},"line":20}},"branchMap":{"0":{"loc":{"start":{"line":15,"column":4},"end":{"line":15,"column":63}},"type":"binary-expr","locations":[{"start":{"line":15,"column":4},"end":{"line":15,"column":26}},{"start":{"line":15,"column":30},"end":{"line":15,"column":63}}],"line":15},"1":{"loc":{"start":{"line":22,"column":29},"end":{"line":22,"column":88}},"type":"binary-expr","locations":[{"start":{"line":22,"column":29},"end":{"line":22,"column":51}},{"start":{"line":22,"column":55},"end":{"line":22,"column":88}}],"line":22}},"s":{"0":4,"1":4,"2":4,"3":5,"4":4,"5":27,"6":27,"7":0,"8":4},"f":{"0":5,"1":27},"b":{"0":[5,5],"1":[27,27]},"_coverageSchema":"1a1c01bbd47fc00a2c39e90264f33305004495a9","hash":"324824907a40f6d924db112e9937e71eb5c0f9a3"}
}
