TN:
SF:backend\src\bootstrap.js
FN:6,(anonymous_0)
FNF:1
FNH:1
FNDA:4,(anonymous_0)
DA:1,4
DA:2,4
DA:3,4
DA:6,4
DA:7,4
DA:8,4
DA:9,4
DA:10,4
DA:13,4
LF:9
LH:9
BRF:0
BRH:0
end_of_record
TN:
SF:backend\src\mongoose.js
FN:13,(anonymous_0)
FN:74,(anonymous_1)
FN:90,oo_cm
FNF:3
FNH:3
FNDA:4,(anonymous_0)
FNDA:4,(anonymous_1)
FNDA:12,oo_cm
DA:1,4
DA:2,4
DA:3,4
DA:4,4
DA:5,4
DA:7,4
DA:9,4
DA:13,4
DA:14,4
DA:16,4
DA:17,4
DA:18,4
DA:19,4
DA:22,4
DA:27,4
DA:28,4
DA:29,4
DA:30,4
DA:31,4
DA:41,4
DA:42,4
DA:44,0
DA:47,4
DA:48,4
DA:49,4
DA:50,4
DA:60,4
DA:61,4
DA:63,0
DA:67,4
DA:70,0
DA:74,4
DA:75,4
DA:76,4
DA:77,4
DA:78,4
DA:81,0
DA:90,12
LF:38
LH:34
BRDA:17,0,0,4
BRDA:17,0,1,0
BRDA:27,1,0,4
BRDA:27,1,1,0
BRDA:29,2,0,4
BRDA:29,2,1,0
BRDA:48,3,0,4
BRDA:48,3,1,0
BRDA:77,4,0,4
BRDA:77,4,1,0
BRDA:90,5,0,12
BRDA:90,5,1,4
BRF:12
BRH:7
end_of_record
TN:
SF:backend\src\controllers\cityController.js
FN:3,(anonymous_0)
FN:12,(anonymous_1)
FN:24,(anonymous_2)
FN:34,(anonymous_3)
FN:46,(anonymous_4)
FN:49,(anonymous_5)
FN:61,(anonymous_6)
FN:69,(anonymous_7)
FNF:8
FNH:8
FNDA:1,(anonymous_0)
FNDA:2,(anonymous_1)
FNDA:2,(anonymous_2)
FNDA:3,(anonymous_3)
FNDA:3,(anonymous_4)
FNDA:7,(anonymous_5)
FNDA:3,(anonymous_6)
FNDA:2,(anonymous_7)
DA:1,4
DA:3,4
DA:4,1
DA:5,1
DA:6,1
DA:8,0
DA:12,4
DA:13,2
DA:14,2
DA:15,2
DA:16,1
DA:18,1
DA:20,0
DA:24,4
DA:25,2
DA:26,2
DA:27,2
DA:28,1
DA:30,1
DA:34,4
DA:35,3
DA:36,3
DA:37,2
DA:38,1
DA:40,1
DA:42,1
DA:46,4
DA:47,3
DA:48,3
DA:49,7
DA:51,3
DA:52,1
DA:55,2
DA:56,2
DA:57,2
DA:58,1
DA:61,3
DA:62,1
DA:63,1
DA:65,0
DA:69,4
DA:70,2
DA:71,2
DA:72,2
DA:73,1
DA:75,1
DA:77,0
LF:47
LH:43
BRDA:15,0,0,1
BRDA:15,0,1,1
BRDA:37,1,0,1
BRDA:37,1,1,1
BRDA:51,2,0,1
BRDA:51,2,1,2
BRDA:57,3,0,1
BRDA:57,3,1,1
BRDA:72,4,0,1
BRDA:72,4,1,1
BRF:10
BRH:10
end_of_record
TN:
SF:backend\src\controllers\eventController.js
FN:4,(anonymous_0)
FN:12,(anonymous_1)
FN:18,(anonymous_2)
FN:23,(anonymous_3)
FN:31,(anonymous_4)
FN:39,(anonymous_5)
FN:44,(anonymous_6)
FN:73,(anonymous_7)
FN:100,(anonymous_8)
FN:128,(anonymous_9)
FN:154,oo_cm
FNF:11
FNH:6
FNDA:1,(anonymous_0)
FNDA:2,(anonymous_1)
FNDA:0,(anonymous_2)
FNDA:0,(anonymous_3)
FNDA:0,(anonymous_4)
FNDA:0,(anonymous_5)
FNDA:1,(anonymous_6)
FNDA:2,(anonymous_7)
FNDA:1,(anonymous_8)
FNDA:0,(anonymous_9)
FNDA:1,oo_cm
DA:1,4
DA:2,4
DA:4,4
DA:5,1
DA:6,1
DA:7,1
DA:8,1
DA:9,1
DA:12,4
DA:13,2
DA:14,2
DA:15,2
DA:18,4
DA:19,0
DA:20,0
DA:23,4
DA:24,0
DA:27,0
DA:28,0
DA:31,4
DA:32,0
DA:36,0
DA:39,4
DA:40,0
DA:41,0
DA:44,4
DA:45,1
DA:46,1
DA:48,1
DA:49,0
DA:52,1
DA:53,1
DA:54,1
DA:61,1
DA:63,1
DA:64,1
DA:65,1
DA:66,1
DA:68,0
DA:69,0
DA:73,4
DA:74,2
DA:75,2
DA:76,2
DA:78,2
DA:79,2
DA:80,0
DA:83,2
DA:84,1
DA:87,1
DA:88,1
DA:90,1
DA:91,1
DA:92,1
DA:94,1
DA:96,0
DA:100,4
DA:101,1
DA:102,1
DA:103,1
DA:105,1
DA:106,1
DA:107,0
DA:110,1
DA:111,1
DA:112,1
DA:113,1
DA:115,1
DA:116,1
DA:117,1
DA:119,1
DA:121,0
DA:124,0
DA:128,4
DA:129,0
DA:130,0
DA:131,0
DA:133,0
DA:137,4
DA:154,1
LF:80
LH:59
BRDA:13,0,0,2
BRDA:13,0,1,0
BRDA:48,1,0,0
BRDA:48,1,1,1
BRDA:79,2,0,0
BRDA:79,2,1,2
BRDA:83,3,0,1
BRDA:83,3,1,1
BRDA:106,4,0,0
BRDA:106,4,1,1
BRDA:111,5,0,1
BRDA:111,5,1,0
BRDA:154,6,0,1
BRDA:154,6,1,0
BRF:14
BRH:8
end_of_record
TN:
SF:backend\src\controllers\userController.js
FN:4,(anonymous_0)
FN:8,(anonymous_1)
FN:14,(anonymous_2)
FN:20,(anonymous_3)
FN:33,(anonymous_4)
FN:36,(anonymous_5)
FN:45,(anonymous_6)
FN:47,(anonymous_7)
FN:50,(anonymous_8)
FN:55,(anonymous_9)
FN:59,(anonymous_10)
FN:65,(anonymous_11)
FN:70,(anonymous_12)
FN:75,(anonymous_13)
FN:81,(anonymous_14)
FN:86,(anonymous_15)
FN:90,(anonymous_16)
FN:96,(anonymous_17)
FN:101,(anonymous_18)
FN:106,(anonymous_19)
FN:110,(anonymous_20)
FN:112,(anonymous_21)
FNF:22
FNH:16
FNDA:4,(anonymous_0)
FNDA:4,(anonymous_1)
FNDA:3,(anonymous_2)
FNDA:2,(anonymous_3)
FNDA:1,(anonymous_4)
FNDA:3,(anonymous_5)
FNDA:2,(anonymous_6)
FNDA:1,(anonymous_7)
FNDA:0,(anonymous_8)
FNDA:2,(anonymous_9)
FNDA:2,(anonymous_10)
FNDA:0,(anonymous_11)
FNDA:3,(anonymous_12)
FNDA:2,(anonymous_13)
FNDA:0,(anonymous_14)
FNDA:3,(anonymous_15)
FNDA:2,(anonymous_16)
FNDA:0,(anonymous_17)
FNDA:1,(anonymous_18)
FNDA:1,(anonymous_19)
FNDA:0,(anonymous_20)
FNDA:0,(anonymous_21)
DA:1,4
DA:2,4
DA:4,4
DA:5,4
DA:7,4
DA:9,4
DA:10,1
DA:12,3
DA:15,3
DA:16,1
DA:18,2
DA:21,2
DA:31,2
DA:34,1
DA:37,3
DA:38,2
DA:40,1
DA:45,4
DA:46,2
DA:48,1
DA:51,0
DA:55,4
DA:56,2
DA:58,2
DA:60,2
DA:61,1
DA:63,1
DA:66,0
DA:70,4
DA:71,3
DA:72,3
DA:74,3
DA:76,2
DA:77,1
DA:79,1
DA:82,0
DA:86,4
DA:87,3
DA:89,3
DA:91,2
DA:92,1
DA:94,1
DA:97,0
DA:101,4
DA:102,1
DA:104,1
DA:107,1
DA:108,0
DA:110,1
DA:113,0
DA:114,0
LF:51
LH:44
BRDA:9,0,0,1
BRDA:9,0,1,3
BRDA:15,1,0,1
BRDA:15,1,1,2
BRDA:37,2,0,2
BRDA:37,2,1,1
BRDA:60,3,0,1
BRDA:60,3,1,1
BRDA:76,4,0,1
BRDA:76,4,1,1
BRDA:91,5,0,1
BRDA:91,5,1,1
BRDA:107,6,0,0
BRDA:107,6,1,1
BRF:14
BRH:13
end_of_record
TN:
SF:backend\src\middlewares\index.js
FN:4,(anonymous_0)
FN:32,(anonymous_1)
FN:37,(anonymous_2)
FN:43,(anonymous_3)
FN:47,(anonymous_4)
FN:52,(anonymous_5)
FN:61,(anonymous_6)
FN:84,(anonymous_7)
FN:118,(anonymous_8)
FN:123,(anonymous_9)
FN:129,(anonymous_10)
FN:134,(anonymous_11)
FN:186,(anonymous_12)
FN:205,oo_cm
FNF:14
FNH:14
FNDA:27,(anonymous_0)
FNDA:4,(anonymous_1)
FNDA:1,(anonymous_2)
FNDA:1,(anonymous_3)
FNDA:1,(anonymous_4)
FNDA:1,(anonymous_5)
FNDA:1,(anonymous_6)
FNDA:1,(anonymous_7)
FNDA:4,(anonymous_8)
FNDA:4,(anonymous_9)
FNDA:4,(anonymous_10)
FNDA:4,(anonymous_11)
FNDA:4,(anonymous_12)
FNDA:7,oo_cm
DA:1,4
DA:2,4
DA:4,4
DA:5,27
DA:7,27
DA:8,0
DA:11,27
DA:13,27
DA:14,27
DA:16,27
DA:17,25
DA:18,0
DA:21,25
DA:22,25
DA:24,2
DA:25,0
DA:27,2
DA:32,4
DA:33,4
DA:34,4
DA:37,4
DA:38,1
DA:39,1
DA:40,1
DA:43,4
DA:44,1
DA:47,4
DA:48,1
DA:49,1
DA:52,4
DA:53,1
DA:54,1
DA:55,0
DA:57,1
DA:61,4
DA:62,1
DA:64,1
DA:65,1
DA:66,1
DA:68,1
DA:69,1
DA:70,0
DA:71,0
DA:72,0
DA:73,0
DA:75,0
DA:76,0
DA:79,0
DA:80,0
DA:84,4
DA:85,1
DA:86,1
DA:87,1
DA:88,1
DA:90,1
DA:91,0
DA:93,1
DA:94,0
DA:96,1
DA:97,0
DA:99,1
DA:100,0
DA:104,1
DA:105,0
DA:108,1
DA:109,0
DA:111,1
DA:112,0
DA:115,1
DA:118,4
DA:119,4
DA:120,4
DA:123,4
DA:125,4
DA:126,4
DA:129,4
DA:130,4
DA:131,4
DA:134,4
DA:135,4
DA:137,4
DA:138,0
DA:140,4
DA:141,0
DA:143,4
DA:144,0
DA:146,4
DA:147,0
DA:149,4
DA:150,0
DA:152,4
DA:153,0
DA:155,4
DA:156,0
DA:158,4
DA:159,0
DA:161,4
DA:162,0
DA:164,4
DA:165,0
DA:168,4
DA:169,4
DA:170,4
DA:171,4
DA:172,4
DA:173,0
DA:175,4
DA:176,0
DA:179,4
DA:181,4
DA:183,4
DA:186,4
DA:187,4
DA:188,4
DA:189,4
DA:190,4
DA:191,4
DA:194,4
DA:205,7
LF:119
LH:88
BRDA:7,0,0,0
BRDA:7,0,1,27
BRDA:17,1,0,0
BRDA:17,1,1,25
BRDA:24,2,0,0
BRDA:24,2,1,2
BRDA:49,3,0,1
BRDA:49,3,1,1
BRDA:54,4,0,0
BRDA:54,4,1,1
BRDA:57,5,0,1
BRDA:57,5,1,1
BRDA:68,6,0,1
BRDA:68,6,1,0
BRDA:70,7,0,0
BRDA:70,7,1,0
BRDA:71,8,0,0
BRDA:71,8,1,0
BRDA:71,9,0,0
BRDA:71,9,1,0
BRDA:72,10,0,0
BRDA:72,10,1,0
BRDA:90,11,0,0
BRDA:90,11,1,1
BRDA:90,12,0,1
BRDA:90,12,1,1
BRDA:93,13,0,0
BRDA:93,13,1,1
BRDA:93,14,0,1
BRDA:93,14,1,1
BRDA:96,15,0,0
BRDA:96,15,1,1
BRDA:96,16,0,1
BRDA:96,16,1,1
BRDA:99,17,0,0
BRDA:99,17,1,1
BRDA:104,18,0,0
BRDA:104,18,1,1
BRDA:104,19,0,1
BRDA:104,19,1,1
BRDA:108,20,0,0
BRDA:108,20,1,1
BRDA:108,21,0,1
BRDA:108,21,1,1
BRDA:111,22,0,0
BRDA:111,22,1,1
BRDA:137,23,0,0
BRDA:137,23,1,4
BRDA:140,24,0,0
BRDA:140,24,1,4
BRDA:143,25,0,0
BRDA:143,25,1,4
BRDA:146,26,0,0
BRDA:146,26,1,4
BRDA:149,27,0,0
BRDA:149,27,1,4
BRDA:152,28,0,0
BRDA:152,28,1,4
BRDA:155,29,0,0
BRDA:155,29,1,4
BRDA:158,30,0,0
BRDA:158,30,1,4
BRDA:161,31,0,0
BRDA:161,31,1,4
BRDA:164,32,0,0
BRDA:164,32,1,4
BRDA:172,33,0,0
BRDA:172,33,1,4
BRDA:172,34,0,4
BRDA:172,34,1,4
BRDA:172,34,2,0
BRDA:175,35,0,0
BRDA:175,35,1,4
BRDA:205,36,0,7
BRDA:205,36,1,0
BRF:75
BRH:41
end_of_record
TN:
SF:backend\src\models\cityModel.js
FNF:0
FNH:0
DA:1,4
DA:2,4
DA:4,4
DA:10,4
DA:12,4
LF:5
LH:5
BRF:0
BRH:0
end_of_record
TN:
SF:backend\src\models\eventModel.js
FNF:0
FNH:0
DA:1,4
DA:2,4
DA:4,4
DA:25,4
DA:27,4
LF:5
LH:5
BRF:0
BRH:0
end_of_record
TN:
SF:backend\src\models\userModel.js
FNF:0
FNH:0
DA:1,4
DA:3,4
DA:14,4
LF:3
LH:3
BRF:0
BRH:0
end_of_record
TN:
SF:backend\src\routers\authRouter.js
FN:7,(anonymous_0)
FN:17,(anonymous_1)
FN:22,(anonymous_2)
FN:32,(anonymous_3)
FNF:4
FNH:4
FNDA:4,(anonymous_0)
FNDA:3,(anonymous_1)
FNDA:2,(anonymous_2)
FNDA:2,(anonymous_3)
DA:1,4
DA:2,4
DA:3,4
DA:4,4
DA:5,4
DA:7,4
DA:8,4
DA:10,4
DA:11,1
DA:14,3
DA:18,3
DA:19,1
DA:22,2
DA:23,2
DA:24,1
DA:27,1
DA:29,1
DA:33,2
DA:34,2
DA:36,0
DA:37,0
DA:42,4
LF:22
LH:20
BRDA:10,0,0,1
BRDA:10,0,1,3
BRDA:10,1,0,4
BRDA:10,1,1,1
BRDA:18,2,0,1
BRDA:18,2,1,2
BRDA:23,3,0,1
BRDA:23,3,1,1
BRDA:33,4,0,2
BRDA:33,4,1,0
BRF:10
BRH:9
end_of_record
TN:
SF:backend\src\routers\cityRouter.js
FNF:0
FNH:0
DA:1,4
DA:2,4
DA:3,4
DA:5,4
DA:7,4
DA:8,4
DA:9,4
DA:10,4
DA:11,4
DA:12,4
DA:14,4
LF:11
LH:11
BRF:0
BRH:0
end_of_record
TN:
SF:backend\src\routers\eventRouter.js
FNF:0
FNH:0
DA:1,4
DA:2,4
DA:3,4
DA:5,4
DA:7,4
DA:8,4
DA:9,4
DA:10,4
DA:11,4
DA:12,4
DA:13,4
DA:14,4
DA:15,4
DA:17,4
LF:14
LH:14
BRF:0
BRH:0
end_of_record
TN:
SF:backend\src\routers\index.js
FNF:0
FNH:0
DA:1,4
DA:3,4
DA:4,4
DA:5,4
DA:6,4
DA:8,4
DA:10,4
DA:11,4
DA:12,4
DA:13,4
DA:16,4
LF:11
LH:11
BRF:0
BRH:0
end_of_record
TN:
SF:backend\src\routers\userRouter.js
FNF:0
FNH:0
DA:1,4
DA:2,4
DA:3,4
DA:4,4
DA:6,4
DA:7,4
DA:8,4
DA:9,4
DA:10,4
DA:11,4
DA:13,4
LF:11
LH:11
BRF:0
BRH:0
end_of_record
TN:
SF:backend\src\services\auth.service.js
FN:5,(anonymous_0)
FN:19,(anonymous_1)
FNF:2
FNH:2
FNDA:5,(anonymous_0)
FNDA:27,(anonymous_1)
DA:1,4
DA:3,4
DA:5,4
DA:6,5
DA:19,4
DA:20,27
DA:21,27
DA:23,0
DA:27,4
LF:9
LH:8
BRDA:14,0,0,5
BRDA:14,0,1,5
BRDA:21,1,0,27
BRDA:21,1,1,27
BRF:4
BRH:4
end_of_record
